# JRE version: OpenJDK Runtime Environment (8.0_252-b09) (build 1.8.0_252-b09)
# Java VM: OpenJDK 64-Bit Server VM (25.252-b09 mixed mode linux-amd64 compressed oops)
Heap:
 def new generation   total 19648K, used 6105K [0x00000000fc000000, 0x00000000fd550000, 0x00000000fd550000)
  eden space 17472K,  22% used [0x00000000fc000000, 0x00000000fc3d6448, 0x00000000fd110000)
  from space 2176K, 100% used [0x00000000fd110000, 0x00000000fd330000, 0x00000000fd330000)
  to   space 2176K,   0% used [0x00000000fd330000, 0x00000000fd330000, 0x00000000fd550000)
 tenured generation   total 43712K, used 2086K [0x00000000fd550000, 0x0000000100000000, 0x0000000100000000)
   the space 43712K,   4% used [0x00000000fd550000, 0x00000000fd759938, 0x00000000fd759a00, 0x0000000100000000)
 Metaspace       used 10739K, capacity 10980K, committed 11264K, reserved 1058816K
  class space    used 1328K, capacity 1422K, committed 1536K, reserved 1048576K
GC Heap History (4 events):
Event: 0.739 GC heap before
{Heap before GC invocations=0 (full 0):
 def new generation   total 19648K, used 17472K [0x00000000fc000000, 0x00000000fd550000, 0x00000000fd550000)
  eden space 17472K, 100% used [0x00000000fc000000, 0x00000000fd110000, 0x00000000fd110000)
  from space 2176K,   0% used [0x00000000fd110000, 0x00000000fd110000, 0x00000000fd330000)
  to   space 2176K,   0% used [0x00000000fd330000, 0x00000000fd330000, 0x00000000fd550000)
 tenured generation   total 43712K, used 0K [0x00000000fd550000, 0x0000000100000000, 0x0000000100000000)
   the space 43712K,   0% used [0x00000000fd550000, 0x00000000fd550000, 0x00000000fd550200, 0x0000000100000000)
 Metaspace       used 7089K, capacity 7294K, committed 7552K, reserved 1056768K
  class space    used 796K, capacity 879K, committed 896K, reserved 1048576K
Event: 0.745 GC heap after
Heap after GC invocations=1 (full 0):
 def new generation   total 19648K, used 2176K [0x00000000fc000000, 0x00000000fd550000, 0x00000000fd550000)
  eden space 17472K,   0% used [0x00000000fc000000, 0x00000000fc000000, 0x00000000fd110000)
  from space 2176K, 100% used [0x00000000fd330000, 0x00000000fd550000, 0x00000000fd550000)
  to   space 2176K,   0% used [0x00000000fd110000, 0x00000000fd110000, 0x00000000fd330000)
 tenured generation   total 43712K, used 506K [0x00000000fd550000, 0x0000000100000000, 0x0000000100000000)
   the space 43712K,   1% used [0x00000000fd550000, 0x00000000fd5cebf0, 0x00000000fd5cec00, 0x0000000100000000)
 Metaspace       used 7089K, capacity 7294K, committed 7552K, reserved 1056768K
  class space    used 796K, capacity 879K, committed 896K, reserved 1048576K
}
Event: 1.122 GC heap before
{Heap before GC invocations=1 (full 0):
 def new generation   total 19648K, used 19648K [0x00000000fc000000, 0x00000000fd550000, 0x00000000fd550000)
  eden space 17472K, 100% used [0x00000000fc000000, 0x00000000fd110000, 0x00000000fd110000)
  from space 2176K, 100% used [0x00000000fd330000, 0x00000000fd550000, 0x00000000fd550000)
  to   space 2176K,   0% used [0x00000000fd110000, 0x00000000fd110000, 0x00000000fd330000)
 tenured generation   total 43712K, used 506K [0x00000000fd550000, 0x0000000100000000, 0x0000000100000000)
   the space 43712K,   1% used [0x00000000fd550000, 0x00000000fd5cebf0, 0x00000000fd5cec00, 0x0000000100000000)
 Metaspace       used 10240K, capacity 10462K, committed 10752K, reserved 1058816K
  class space    used 1287K, capacity 1421K, committed 1536K, reserved 1048576K
Event: 1.129 GC heap after
Heap after GC invocations=2 (full 0):
 def new generation   total 19648K, used 2176K [0x00000000fc000000, 0x00000000fd550000, 0x00000000fd550000)
  eden space 17472K,   0% used [0x00000000fc000000, 0x00000000fc000000, 0x00000000fd110000)
  from space 2176K, 100% used [0x00000000fd110000, 0x00000000fd330000, 0x00000000fd330000)
  to   space 2176K,   0% used [0x00000000fd330000, 0x00000000fd330000, 0x00000000fd550000)
 tenured generation   total 43712K, used 2086K [0x00000000fd550000, 0x0000000100000000, 0x0000000100000000)
   the space 43712K,   4% used [0x00000000fd550000, 0x00000000fd759938, 0x00000000fd759a00, 0x0000000100000000)
 Metaspace       used 10240K, capacity 10462K, committed 10752K, reserved 1058816K
  class space    used 1287K, capacity 1421K, committed 1536K, reserved 1048576K
}

