# JRE version: OpenJDK Runtime Environment (8.0_252-b09) (build 1.8.0_252-b09)
# Java VM: OpenJDK 64-Bit Server VM (25.252-b09 mixed mode linux-amd64 compressed oops)
Heap:
 def new generation   total 24256K, used 5028K [0x00000000f0800000, 0x00000000f2250000, 0x00000000f5aa0000)
  eden space 21568K,  14% used [0x00000000f0800000, 0x00000000f0af3098, 0x00000000f1d10000)
  from space 2688K,  74% used [0x00000000f1fb0000, 0x00000000f21a5fa8, 0x00000000f2250000)
  to   space 2688K,   0% used [0x00000000f1d10000, 0x00000000f1d10000, 0x00000000f1fb0000)
 tenured generation   total 53832K, used 36598K [0x00000000f5aa0000, 0x00000000f8f32000, 0x0000000100000000)
   the space 53832K,  67% used [0x00000000f5aa0000, 0x00000000f7e5d850, 0x00000000f7e5da00, 0x00000000f8f32000)
 Metaspace       used 69781K, capacity 73078K, committed 73216K, reserved 1112064K
  class space    used 9313K, capacity 9901K, committed 9984K, reserved 1048576K
GC Heap History (250 events):
Event: 3.468 GC heap before
{Heap before GC invocations=41 (full 1):
 def new generation   total 4992K, used 4991K [0x00000000f0800000, 0x00000000f0d60000, 0x00000000f5aa0000)
  eden space 4480K, 100% used [0x00000000f0800000, 0x00000000f0c60000, 0x00000000f0c60000)
  from space 512K,  99% used [0x00000000f0ce0000, 0x00000000f0d5fff8, 0x00000000f0d60000)
  to   space 512K,   0% used [0x00000000f0c60000, 0x00000000f0c60000, 0x00000000f0ce0000)
 tenured generation   total 10944K, used 7039K [0x00000000f5aa0000, 0x00000000f6550000, 0x0000000100000000)
   the space 10944K,  64% used [0x00000000f5aa0000, 0x00000000f617fd58, 0x00000000f617fe00, 0x00000000f6550000)
 Metaspace       used 23723K, capacity 24372K, committed 24704K, reserved 1071104K
  class space    used 2947K, capacity 3118K, committed 3200K, reserved 1048576K
Event: 3.470 GC heap after
Heap after GC invocations=42 (full 1):
 def new generation   total 4992K, used 511K [0x00000000f0800000, 0x00000000f0d60000, 0x00000000f5aa0000)
  eden space 4480K,   0% used [0x00000000f0800000, 0x00000000f0800000, 0x00000000f0c60000)
  from space 512K,  99% used [0x00000000f0c60000, 0x00000000f0cdff78, 0x00000000f0ce0000)
  to   space 512K,   0% used [0x00000000f0ce0000, 0x00000000f0ce0000, 0x00000000f0d60000)
 tenured generation   total 10944K, used 7464K [0x00000000f5aa0000, 0x00000000f6550000, 0x0000000100000000)
   the space 10944K,  68% used [0x00000000f5aa0000, 0x00000000f61ea180, 0x00000000f61ea200, 0x00000000f6550000)
 Metaspace       used 23723K, capacity 24372K, committed 24704K, reserved 1071104K
  class space    used 2947K, capacity 3118K, committed 3200K, reserved 1048576K
}
Event: 3.500 GC heap before
{Heap before GC invocations=42 (full 1):
 def new generation   total 4992K, used 4991K [0x00000000f0800000, 0x00000000f0d60000, 0x00000000f5aa0000)
  eden space 4480K, 100% used [0x00000000f0800000, 0x00000000f0c60000, 0x00000000f0c60000)
  from space 512K,  99% used [0x00000000f0c60000, 0x00000000f0cdff78, 0x00000000f0ce0000)
  to   space 512K,   0% used [0x00000000f0ce0000, 0x00000000f0ce0000, 0x00000000f0d60000)
 tenured generation   total 10944K, used 7464K [0x00000000f5aa0000, 0x00000000f6550000, 0x0000000100000000)
   the space 10944K,  68% used [0x00000000f5aa0000, 0x00000000f61ea180, 0x00000000f61ea200, 0x00000000f6550000)
 Metaspace       used 23935K, capacity 24596K, committed 24704K, reserved 1071104K
  class space    used 2979K, capacity 3150K, committed 3200K, reserved 1048576K
Event: 3.502 GC heap after
Heap after GC invocations=43 (full 1):
 def new generation   total 4992K, used 259K [0x00000000f0800000, 0x00000000f0d60000, 0x00000000f5aa0000)
  eden space 4480K,   0% used [0x00000000f0800000, 0x00000000f0800000, 0x00000000f0c60000)
  from space 512K,  50% used [0x00000000f0ce0000, 0x00000000f0d20fe8, 0x00000000f0d60000)
  to   space 512K,   0% used [0x00000000f0c60000, 0x00000000f0c60000, 0x00000000f0ce0000)
 tenured generation   total 10944K, used 7630K [0x00000000f5aa0000, 0x00000000f6550000, 0x0000000100000000)
   the space 10944K,  69% used [0x00000000f5aa0000, 0x00000000f6213898, 0x00000000f6213a00, 0x00000000f6550000)
 Metaspace       used 23935K, capacity 24596K, committed 24704K, reserved 1071104K
  class space    used 2979K, capacity 3150K, committed 3200K, reserved 1048576K
}
Event: 3.520 GC heap before
{Heap before GC invocations=43 (full 1):
 def new generation   total 4992K, used 4739K [0x00000000f0800000, 0x00000000f0d60000, 0x00000000f5aa0000)
  eden space 4480K, 100% used [0x00000000f0800000, 0x00000000f0c60000, 0x00000000f0c60000)
  from space 512K,  50% used [0x00000000f0ce0000, 0x00000000f0d20fe8, 0x00000000f0d60000)
  to   space 512K,   0% used [0x00000000f0c60000, 0x00000000f0c60000, 0x00000000f0ce0000)
 tenured generation   total 10944K, used 7630K [0x00000000f5aa0000, 0x00000000f6550000, 0x0000000100000000)
   the space 10944K,  69% used [0x00000000f5aa0000, 0x00000000f6213898, 0x00000000f6213a00, 0x00000000f6550000)
 Metaspace       used 24064K, capacity 24692K, committed 24960K, reserved 1071104K
  class space    used 2993K, capacity 3182K, committed 3200K, reserved 1048576K
Event: 3.521 GC heap after
Heap after GC invocations=44 (full 1):
 def new generation   total 4992K, used 254K [0x00000000f0800000, 0x00000000f0d60000, 0x00000000f5aa0000)
  eden space 4480K,   0% used [0x00000000f0800000, 0x00000000f0800000, 0x00000000f0c60000)
  from space 512K,  49% used [0x00000000f0c60000, 0x00000000f0c9fa88, 0x00000000f0ce0000)
  to   space 512K,   0% used [0x00000000f0ce0000, 0x00000000f0ce0000, 0x00000000f0d60000)
 tenured generation   total 10944K, used 7687K [0x00000000f5aa0000, 0x00000000f6550000, 0x0000000100000000)
   the space 10944K,  70% used [0x00000000f5aa0000, 0x00000000f6221f90, 0x00000000f6222000, 0x00000000f6550000)
 Metaspace       used 24064K, capacity 24692K, committed 24960K, reserved 1071104K
  class space    used 2993K, capacity 3182K, committed 3200K, reserved 1048576K
}
Event: 3.522 GC heap before
{Heap before GC invocations=44 (full 1):
 def new generation   total 4992K, used 4723K [0x00000000f0800000, 0x00000000f0d60000, 0x00000000f5aa0000)
  eden space 4480K,  99% used [0x00000000f0800000, 0x00000000f0c5d378, 0x00000000f0c60000)
  from space 512K,  49% used [0x00000000f0c60000, 0x00000000f0c9fa88, 0x00000000f0ce0000)
  to   space 512K,   0% used [0x00000000f0ce0000, 0x00000000f0ce0000, 0x00000000f0d60000)
 tenured generation   total 10944K, used 7687K [0x00000000f5aa0000, 0x00000000f6550000, 0x0000000100000000)
   the space 10944K,  70% used [0x00000000f5aa0000, 0x00000000f6221f90, 0x00000000f6222000, 0x00000000f6550000)
 Metaspace       used 24064K, capacity 24692K, committed 24960K, reserved 1071104K
  class space    used 2993K, capacity 3182K, committed 3200K, reserved 1048576K
Event: 3.523 GC heap after
Heap after GC invocations=45 (full 1):
 def new generation   total 4992K, used 271K [0x00000000f0800000, 0x00000000f0d60000, 0x00000000f5aa0000)
  eden space 4480K,   0% used [0x00000000f0800000, 0x00000000f0800000, 0x00000000f0c60000)
  from space 512K,  53% used [0x00000000f0ce0000, 0x00000000f0d23df0, 0x00000000f0d60000)
  to   space 512K,   0% used [0x00000000f0c60000, 0x00000000f0c60000, 0x00000000f0ce0000)
 tenured generation   total 10944K, used 7687K [0x00000000f5aa0000, 0x00000000f6550000, 0x0000000100000000)
   the space 10944K,  70% used [0x00000000f5aa0000, 0x00000000f6221f90, 0x00000000f6222000, 0x00000000f6550000)
 Metaspace       used 24064K, capacity 24692K, committed 24960K, reserved 1071104K
  class space    used 2993K, capacity 3182K, committed 3200K, reserved 1048576K
}
Event: 3.527 GC heap before
{Heap before GC invocations=45 (full 1):
 def new generation   total 4992K, used 4725K [0x00000000f0800000, 0x00000000f0d60000, 0x00000000f5aa0000)
  eden space 4480K,  99% used [0x00000000f0800000, 0x00000000f0c59800, 0x00000000f0c60000)
  from space 512K,  53% used [0x00000000f0ce0000, 0x00000000f0d23df0, 0x00000000f0d60000)
  to   space 512K,   0% used [0x00000000f0c60000, 0x00000000f0c60000, 0x00000000f0ce0000)
 tenured generation   total 10944K, used 7687K [0x00000000f5aa0000, 0x00000000f6550000, 0x0000000100000000)
   the space 10944K,  70% used [0x00000000f5aa0000, 0x00000000f6221f90, 0x00000000f6222000, 0x00000000f6550000)
 Metaspace       used 24089K, capacity 24724K, committed 25088K, reserved 1071104K
  class space    used 2999K, capacity 3214K, committed 3328K, reserved 1048576K
Event: 3.527 GC heap after
Heap after GC invocations=46 (full 1):
 def new generation   total 4992K, used 90K [0x00000000f0800000, 0x00000000f0d60000, 0x00000000f5aa0000)
  eden space 4480K,   0% used [0x00000000f0800000, 0x00000000f0800000, 0x00000000f0c60000)
  from space 512K,  17% used [0x00000000f0c60000, 0x00000000f0c76920, 0x00000000f0ce0000)
  to   space 512K,   0% used [0x00000000f0ce0000, 0x00000000f0ce0000, 0x00000000f0d60000)
 tenured generation   total 10944K, used 7819K [0x00000000f5aa0000, 0x00000000f6550000, 0x0000000100000000)
   the space 10944K,  71% used [0x00000000f5aa0000, 0x00000000f6242dd0, 0x00000000f6242e00, 0x00000000f6550000)
 Metaspace       used 24089K, capacity 24724K, committed 25088K, reserved 1071104K
  class space    used 2999K, capacity 3214K, committed 3328K, reserved 1048576K
}
Event: 3.536 GC heap before
{Heap before GC invocations=46 (full 1):
 def new generation   total 4992K, used 4542K [0x00000000f0800000, 0x00000000f0d60000, 0x00000000f5aa0000)
  eden space 4480K,  99% used [0x00000000f0800000, 0x00000000f0c59190, 0x00000000f0c60000)
  from space 512K,  17% used [0x00000000f0c60000, 0x00000000f0c76920, 0x00000000f0ce0000)
  to   space 512K,   0% used [0x00000000f0ce0000, 0x00000000f0ce0000, 0x00000000f0d60000)
 tenured generation   total 10944K, used 7819K [0x00000000f5aa0000, 0x00000000f6550000, 0x0000000100000000)
   the space 10944K,  71% used [0x00000000f5aa0000, 0x00000000f6242dd0, 0x00000000f6242e00, 0x00000000f6550000)
 Metaspace       used 24156K, capacity 24788K, committed 25088K, reserved 1071104K
  class space    used 3012K, capacity 3214K, committed 3328K, reserved 1048576K
Event: 3.537 GC heap after
Heap after GC invocations=47 (full 1):
 def new generation   total 4992K, used 172K [0x00000000f0800000, 0x00000000f0d60000, 0x00000000f5aa0000)
  eden space 4480K,   0% used [0x00000000f0800000, 0x00000000f0800000, 0x00000000f0c60000)
  from space 512K,  33% used [0x00000000f0ce0000, 0x00000000f0d0b3c0, 0x00000000f0d60000)
  to   space 512K,   0% used [0x00000000f0c60000, 0x00000000f0c60000, 0x00000000f0ce0000)
 tenured generation   total 10944K, used 7819K [0x00000000f5aa0000, 0x00000000f6550000, 0x0000000100000000)
   the space 10944K,  71% used [0x00000000f5aa0000, 0x00000000f6242dd0, 0x00000000f6242e00, 0x00000000f6550000)
 Metaspace       used 24156K, capacity 24788K, committed 25088K, reserved 1071104K
  class space    used 3012K, capacity 3214K, committed 3328K, reserved 1048576K
}
Event: 3.538 GC heap before
{Heap before GC invocations=47 (full 1):
 def new generation   total 4992K, used 4615K [0x00000000f0800000, 0x00000000f0d60000, 0x00000000f5aa0000)
  eden space 4480K,  99% used [0x00000000f0800000, 0x00000000f0c56a90, 0x00000000f0c60000)
  from space 512K,  33% used [0x00000000f0ce0000, 0x00000000f0d0b3c0, 0x00000000f0d60000)
  to   space 512K,   0% used [0x00000000f0c60000, 0x00000000f0c60000, 0x00000000f0ce0000)
 tenured generation   total 10944K, used 7819K [0x00000000f5aa0000, 0x00000000f6550000, 0x0000000100000000)
   the space 10944K,  71% used [0x00000000f5aa0000, 0x00000000f6242dd0, 0x00000000f6242e00, 0x00000000f6550000)
 Metaspace       used 24156K, capacity 24788K, committed 25088K, reserved 1071104K
  class space    used 3012K, capacity 3214K, committed 3328K, reserved 1048576K
Event: 3.538 GC heap after
Heap after GC invocations=48 (full 1):
 def new generation   total 4992K, used 179K [0x00000000f0800000, 0x00000000f0d60000, 0x00000000f5aa0000)
  eden space 4480K,   0% used [0x00000000f0800000, 0x00000000f0800000, 0x00000000f0c60000)
  from space 512K,  35% used [0x00000000f0c60000, 0x00000000f0c8ceb0, 0x00000000f0ce0000)
  to   space 512K,   0% used [0x00000000f0ce0000, 0x00000000f0ce0000, 0x00000000f0d60000)
 tenured generation   total 10944K, used 7819K [0x00000000f5aa0000, 0x00000000f6550000, 0x0000000100000000)
   the space 10944K,  71% used [0x00000000f5aa0000, 0x00000000f6242dd0, 0x00000000f6242e00, 0x00000000f6550000)
 Metaspace       used 24156K, capacity 24788K, committed 25088K, reserved 1071104K
  class space    used 3012K, capacity 3214K, committed 3328K, reserved 1048576K
}
Event: 3.539 GC heap before
{Heap before GC invocations=48 (full 1):
 def new generation   total 4992K, used 4650K [0x00000000f0800000, 0x00000000f0d60000, 0x00000000f5aa0000)
  eden space 4480K,  99% used [0x00000000f0800000, 0x00000000f0c5dc80, 0x00000000f0c60000)
  from space 512K,  35% used [0x00000000f0c60000, 0x00000000f0c8ceb0, 0x00000000f0ce0000)
  to   space 512K,   0% used [0x00000000f0ce0000, 0x00000000f0ce0000, 0x00000000f0d60000)
 tenured generation   total 10944K, used 7819K [0x00000000f5aa0000, 0x00000000f6550000, 0x0000000100000000)
   the space 10944K,  71% used [0x00000000f5aa0000, 0x00000000f6242dd0, 0x00000000f6242e00, 0x00000000f6550000)
 Metaspace       used 24156K, capacity 24788K, committed 25088K, reserved 1071104K
  class space    used 3012K, capacity 3214K, committed 3328K, reserved 1048576K
Event: 3.539 GC heap after
Heap after GC invocations=49 (full 1):
 def new generation   total 4992K, used 96K [0x00000000f0800000, 0x00000000f0d60000, 0x00000000f5aa0000)
  eden space 4480K,   0% used [0x00000000f0800000, 0x00000000f0800000, 0x00000000f0c60000)
  from space 512K,  18% used [0x00000000f0ce0000, 0x00000000f0cf8220, 0x00000000f0d60000)
  to   space 512K,   0% used [0x00000000f0c60000, 0x00000000f0c60000, 0x00000000f0ce0000)
 tenured generation   total 10944K, used 7819K [0x00000000f5aa0000, 0x00000000f6550000, 0x0000000100000000)
   the space 10944K,  71% used [0x00000000f5aa0000, 0x00000000f6242dd0, 0x00000000f6242e00, 0x00000000f6550000)
 Metaspace       used 24156K, capacity 24788K, committed 25088K, reserved 1071104K
  class space    used 3012K, capacity 3214K, committed 3328K, reserved 1048576K
}
Event: 3.540 GC heap before
{Heap before GC invocations=49 (full 1):
 def new generation   total 4992K, used 4556K [0x00000000f0800000, 0x00000000f0d60000, 0x00000000f5aa0000)
  eden space 4480K,  99% used [0x00000000f0800000, 0x00000000f0c5b0f8, 0x00000000f0c60000)
  from space 512K,  18% used [0x00000000f0ce0000, 0x00000000f0cf8220, 0x00000000f0d60000)
  to   space 512K,   0% used [0x00000000f0c60000, 0x00000000f0c60000, 0x00000000f0ce0000)
 tenured generation   total 10944K, used 7819K [0x00000000f5aa0000, 0x00000000f6550000, 0x0000000100000000)
   the space 10944K,  71% used [0x00000000f5aa0000, 0x00000000f6242dd0, 0x00000000f6242e00, 0x00000000f6550000)
 Metaspace       used 24156K, capacity 24788K, committed 25088K, reserved 1071104K
  class space    used 3012K, capacity 3214K, committed 3328K, reserved 1048576K
Event: 3.541 GC heap after
Heap after GC invocations=50 (full 1):
 def new generation   total 4992K, used 101K [0x00000000f0800000, 0x00000000f0d60000, 0x00000000f5aa0000)
  eden space 4480K,   0% used [0x00000000f0800000, 0x00000000f0800000, 0x00000000f0c60000)
  from space 512K,  19% used [0x00000000f0c60000, 0x00000000f0c79770, 0x00000000f0ce0000)
  to   space 512K,   0% used [0x00000000f0ce0000, 0x00000000f0ce0000, 0x00000000f0d60000)
 tenured generation   total 10944K, used 7819K [0x00000000f5aa0000, 0x00000000f6550000, 0x0000000100000000)
   the space 10944K,  71% used [0x00000000f5aa0000, 0x00000000f6242dd0, 0x00000000f6242e00, 0x00000000f6550000)
 Metaspace       used 24156K, capacity 24788K, committed 25088K, reserved 1071104K
  class space    used 3012K, capacity 3214K, committed 3328K, reserved 1048576K
}
Event: 3.543 GC heap before
{Heap before GC invocations=50 (full 1):
 def new generation   total 4992K, used 4533K [0x00000000f0800000, 0x00000000f0d60000, 0x00000000f5aa0000)
  eden space 4480K,  98% used [0x00000000f0800000, 0x00000000f0c53e80, 0x00000000f0c60000)
  from space 512K,  19% used [0x00000000f0c60000, 0x00000000f0c79770, 0x00000000f0ce0000)
  to   space 512K,   0% used [0x00000000f0ce0000, 0x00000000f0ce0000, 0x00000000f0d60000)
 tenured generation   total 10944K, used 7819K [0x00000000f5aa0000, 0x00000000f6550000, 0x0000000100000000)
   the space 10944K,  71% used [0x00000000f5aa0000, 0x00000000f6242dd0, 0x00000000f6242e00, 0x00000000f6550000)
 Metaspace       used 24156K, capacity 24788K, committed 25088K, reserved 1071104K
  class space    used 3012K, capacity 3214K, committed 3328K, reserved 1048576K
Event: 3.544 GC heap after
Heap after GC invocations=51 (full 1):
 def new generation   total 4992K, used 106K [0x00000000f0800000, 0x00000000f0d60000, 0x00000000f5aa0000)
  eden space 4480K,   0% used [0x00000000f0800000, 0x00000000f0800000, 0x00000000f0c60000)
  from space 512K,  20% used [0x00000000f0ce0000, 0x00000000f0cfaad8, 0x00000000f0d60000)
  to   space 512K,   0% used [0x00000000f0c60000, 0x00000000f0c60000, 0x00000000f0ce0000)
 tenured generation   total 10944K, used 7819K [0x00000000f5aa0000, 0x00000000f6550000, 0x0000000100000000)
   the space 10944K,  71% used [0x00000000f5aa0000, 0x00000000f6242dd0, 0x00000000f6242e00, 0x00000000f6550000)
 Metaspace       used 24156K, capacity 24788K, committed 25088K, reserved 1071104K
  class space    used 3012K, capacity 3214K, committed 3328K, reserved 1048576K
}
Event: 3.584 GC heap before
{Heap before GC invocations=51 (full 1):
 def new generation   total 4992K, used 4586K [0x00000000f0800000, 0x00000000f0d60000, 0x00000000f5aa0000)
  eden space 4480K, 100% used [0x00000000f0800000, 0x00000000f0c60000, 0x00000000f0c60000)
  from space 512K,  20% used [0x00000000f0ce0000, 0x00000000f0cfaad8, 0x00000000f0d60000)
  to   space 512K,   0% used [0x00000000f0c60000, 0x00000000f0c60000, 0x00000000f0ce0000)
 tenured generation   total 10944K, used 7819K [0x00000000f5aa0000, 0x00000000f6550000, 0x0000000100000000)
   the space 10944K,  71% used [0x00000000f5aa0000, 0x00000000f6242dd0, 0x00000000f6242e00, 0x00000000f6550000)
 Metaspace       used 24522K, capacity 25142K, committed 25344K, reserved 1071104K
  class space    used 3055K, capacity 3247K, committed 3328K, reserved 1048576K
Event: 3.585 GC heap after
Heap after GC invocations=52 (full 1):
 def new generation   total 4992K, used 476K [0x00000000f0800000, 0x00000000f0d60000, 0x00000000f5aa0000)
  eden space 4480K,   0% used [0x00000000f0800000, 0x00000000f0800000, 0x00000000f0c60000)
  from space 512K,  93% used [0x00000000f0c60000, 0x00000000f0cd7258, 0x00000000f0ce0000)
  to   space 512K,   0% used [0x00000000f0ce0000, 0x00000000f0ce0000, 0x00000000f0d60000)
 tenured generation   total 10944K, used 7819K [0x00000000f5aa0000, 0x00000000f6550000, 0x0000000100000000)
   the space 10944K,  71% used [0x00000000f5aa0000, 0x00000000f6242dd0, 0x00000000f6242e00, 0x00000000f6550000)
 Metaspace       used 24522K, capacity 25142K, committed 25344K, reserved 1071104K
  class space    used 3055K, capacity 3247K, committed 3328K, reserved 1048576K
}
Event: 3.652 GC heap before
{Heap before GC invocations=52 (full 1):
 def new generation   total 4992K, used 4956K [0x00000000f0800000, 0x00000000f0d60000, 0x00000000f5aa0000)
  eden space 4480K, 100% used [0x00000000f0800000, 0x00000000f0c60000, 0x00000000f0c60000)
  from space 512K,  93% used [0x00000000f0c60000, 0x00000000f0cd7258, 0x00000000f0ce0000)
  to   space 512K,   0% used [0x00000000f0ce0000, 0x00000000f0ce0000, 0x00000000f0d60000)
 tenured generation   total 10944K, used 7819K [0x00000000f5aa0000, 0x00000000f6550000, 0x0000000100000000)
   the space 10944K,  71% used [0x00000000f5aa0000, 0x00000000f6242dd0, 0x00000000f6242e00, 0x00000000f6550000)
 Metaspace       used 24885K, capacity 25564K, committed 25600K, reserved 1071104K
  class space    used 3110K, capacity 3310K, committed 3328K, reserved 1048576K
Event: 3.654 GC heap after
Heap after GC invocations=53 (full 1):
 def new generation   total 4992K, used 393K [0x00000000f0800000, 0x00000000f0d60000, 0x00000000f5aa0000)
  eden space 4480K,   0% used [0x00000000f0800000, 0x00000000f0800000, 0x00000000f0c60000)
  from space 512K,  76% used [0x00000000f0ce0000, 0x00000000f0d426a0, 0x00000000f0d60000)
  to   space 512K,   0% used [0x00000000f0c60000, 0x00000000f0c60000, 0x00000000f0ce0000)
 tenured generation   total 10944K, used 8041K [0x00000000f5aa0000, 0x00000000f6550000, 0x0000000100000000)
   the space 10944K,  73% used [0x00000000f5aa0000, 0x00000000f627a4e8, 0x00000000f627a600, 0x00000000f6550000)
 Metaspace       used 24885K, capacity 25564K, committed 25600K, reserved 1071104K
  class space    used 3110K, capacity 3310K, committed 3328K, reserved 1048576K
}
Event: 3.729 GC heap before
{Heap before GC invocations=53 (full 1):
 def new generation   total 4992K, used 4873K [0x00000000f0800000, 0x00000000f0d60000, 0x00000000f5aa0000)
  eden space 4480K, 100% used [0x00000000f0800000, 0x00000000f0c60000, 0x00000000f0c60000)
  from space 512K,  76% used [0x00000000f0ce0000, 0x00000000f0d426a0, 0x00000000f0d60000)
  to   space 512K,   0% used [0x00000000f0c60000, 0x00000000f0c60000, 0x00000000f0ce0000)
 tenured generation   total 10944K, used 8041K [0x00000000f5aa0000, 0x00000000f6550000, 0x0000000100000000)
   the space 10944K,  73% used [0x00000000f5aa0000, 0x00000000f627a4e8, 0x00000000f627a600, 0x00000000f6550000)
 Metaspace       used 25171K, capacity 25906K, committed 26240K, reserved 1073152K
  class space    used 3150K, capacity 3351K, committed 3456K, reserved 1048576K
Event: 3.731 GC heap after
Heap after GC invocations=54 (full 1):
 def new generation   total 4992K, used 371K [0x00000000f0800000, 0x00000000f0d60000, 0x00000000f5aa0000)
  eden space 4480K,   0% used [0x00000000f0800000, 0x00000000f0800000, 0x00000000f0c60000)
  from space 512K,  72% used [0x00000000f0c60000, 0x00000000f0cbcd98, 0x00000000f0ce0000)
  to   space 512K,   0% used [0x00000000f0ce0000, 0x00000000f0ce0000, 0x00000000f0d60000)
 tenured generation   total 10944K, used 8156K [0x00000000f5aa0000, 0x00000000f6550000, 0x0000000100000000)
   the space 10944K,  74% used [0x00000000f5aa0000, 0x00000000f6297230, 0x00000000f6297400, 0x00000000f6550000)
 Metaspace       used 25171K, capacity 25906K, committed 26240K, reserved 1073152K
  class space    used 3150K, capacity 3351K, committed 3456K, reserved 1048576K
}
Event: 3.810 GC heap before
{Heap before GC invocations=54 (full 1):
 def new generation   total 4992K, used 4851K [0x00000000f0800000, 0x00000000f0d60000, 0x00000000f5aa0000)
  eden space 4480K, 100% used [0x00000000f0800000, 0x00000000f0c60000, 0x00000000f0c60000)
  from space 512K,  72% used [0x00000000f0c60000, 0x00000000f0cbcd98, 0x00000000f0ce0000)
  to   space 512K,   0% used [0x00000000f0ce0000, 0x00000000f0ce0000, 0x00000000f0d60000)
 tenured generation   total 10944K, used 8156K [0x00000000f5aa0000, 0x00000000f6550000, 0x0000000100000000)
   the space 10944K,  74% used [0x00000000f5aa0000, 0x00000000f6297230, 0x00000000f6297400, 0x00000000f6550000)
 Metaspace       used 25707K, capacity 26424K, committed 26496K, reserved 1073152K
  class space    used 3210K, capacity 3416K, committed 3456K, reserved 1048576K
Event: 3.813 GC heap after
Heap after GC invocations=55 (full 1):
 def new generation   total 4992K, used 487K [0x00000000f0800000, 0x00000000f0d60000, 0x00000000f5aa0000)
  eden space 4480K,   0% used [0x00000000f0800000, 0x00000000f0800000, 0x00000000f0c60000)
  from space 512K,  95% used [0x00000000f0ce0000, 0x00000000f0d59dd8, 0x00000000f0d60000)
  to   space 512K,   0% used [0x00000000f0c60000, 0x00000000f0c60000, 0x00000000f0ce0000)
 tenured generation   total 10944K, used 8307K [0x00000000f5aa0000, 0x00000000f6550000, 0x0000000100000000)
   the space 10944K,  75% used [0x00000000f5aa0000, 0x00000000f62bcd48, 0x00000000f62bce00, 0x00000000f6550000)
 Metaspace       used 25707K, capacity 26424K, committed 26496K, reserved 1073152K
  class space    used 3210K, capacity 3416K, committed 3456K, reserved 1048576K
}
Event: 3.922 GC heap before
{Heap before GC invocations=55 (full 1):
 def new generation   total 4992K, used 4967K [0x00000000f0800000, 0x00000000f0d60000, 0x00000000f5aa0000)
  eden space 4480K, 100% used [0x00000000f0800000, 0x00000000f0c60000, 0x00000000f0c60000)
  from space 512K,  95% used [0x00000000f0ce0000, 0x00000000f0d59dd8, 0x00000000f0d60000)
  to   space 512K,   0% used [0x00000000f0c60000, 0x00000000f0c60000, 0x00000000f0ce0000)
 tenured generation   total 10944K, used 8307K [0x00000000f5aa0000, 0x00000000f6550000, 0x0000000100000000)
   the space 10944K,  75% used [0x00000000f5aa0000, 0x00000000f62bcd48, 0x00000000f62bce00, 0x00000000f6550000)
 Metaspace       used 26481K, capacity 27244K, committed 27392K, reserved 1073152K
  class space    used 3299K, capacity 3514K, committed 3584K, reserved 1048576K
Event: 3.926 GC heap after
Heap after GC invocations=56 (full 1):
 def new generation   total 4992K, used 508K [0x00000000f0800000, 0x00000000f0d60000, 0x00000000f5aa0000)
  eden space 4480K,   0% used [0x00000000f0800000, 0x00000000f0800000, 0x00000000f0c60000)
  from space 512K,  99% used [0x00000000f0c60000, 0x00000000f0cdf128, 0x00000000f0ce0000)
  to   space 512K,   0% used [0x00000000f0ce0000, 0x00000000f0ce0000, 0x00000000f0d60000)
 tenured generation   total 10944K, used 8565K [0x00000000f5aa0000, 0x00000000f6550000, 0x0000000100000000)
   the space 10944K,  78% used [0x00000000f5aa0000, 0x00000000f62fd648, 0x00000000f62fd800, 0x00000000f6550000)
 Metaspace       used 26481K, capacity 27244K, committed 27392K, reserved 1073152K
  class space    used 3299K, capacity 3514K, committed 3584K, reserved 1048576K
}
Event: 4.024 GC heap before
{Heap before GC invocations=56 (full 1):
 def new generation   total 4992K, used 4988K [0x00000000f0800000, 0x00000000f0d60000, 0x00000000f5aa0000)
  eden space 4480K, 100% used [0x00000000f0800000, 0x00000000f0c60000, 0x00000000f0c60000)
  from space 512K,  99% used [0x00000000f0c60000, 0x00000000f0cdf128, 0x00000000f0ce0000)
  to   space 512K,   0% used [0x00000000f0ce0000, 0x00000000f0ce0000, 0x00000000f0d60000)
 tenured generation   total 10944K, used 8565K [0x00000000f5aa0000, 0x00000000f6550000, 0x0000000100000000)
   the space 10944K,  78% used [0x00000000f5aa0000, 0x00000000f62fd648, 0x00000000f62fd800, 0x00000000f6550000)
 Metaspace       used 26661K, capacity 27392K, committed 27648K, reserved 1073152K
  class space    used 3321K, capacity 3530K, committed 3584K, reserved 1048576K
Event: 4.027 GC heap after
Heap after GC invocations=57 (full 1):
 def new generation   total 4992K, used 511K [0x00000000f0800000, 0x00000000f0d60000, 0x00000000f5aa0000)
  eden space 4480K,   0% used [0x00000000f0800000, 0x00000000f0800000, 0x00000000f0c60000)
  from space 512K,  99% used [0x00000000f0ce0000, 0x00000000f0d5fe98, 0x00000000f0d60000)
  to   space 512K,   0% used [0x00000000f0c60000, 0x00000000f0c60000, 0x00000000f0ce0000)
 tenured generation   total 10944K, used 8882K [0x00000000f5aa0000, 0x00000000f6550000, 0x0000000100000000)
   the space 10944K,  81% used [0x00000000f5aa0000, 0x00000000f634c840, 0x00000000f634ca00, 0x00000000f6550000)
 Metaspace       used 26661K, capacity 27392K, committed 27648K, reserved 1073152K
  class space    used 3321K, capacity 3530K, committed 3584K, reserved 1048576K
}
Event: 4.122 GC heap before
{Heap before GC invocations=57 (full 1):
 def new generation   total 4992K, used 4991K [0x00000000f0800000, 0x00000000f0d60000, 0x00000000f5aa0000)
  eden space 4480K, 100% used [0x00000000f0800000, 0x00000000f0c60000, 0x00000000f0c60000)
  from space 512K,  99% used [0x00000000f0ce0000, 0x00000000f0d5fe98, 0x00000000f0d60000)
  to   space 512K,   0% used [0x00000000f0c60000, 0x00000000f0c60000, 0x00000000f0ce0000)
 tenured generation   total 10944K, used 8882K [0x00000000f5aa0000, 0x00000000f6550000, 0x0000000100000000)
   the space 10944K,  81% used [0x00000000f5aa0000, 0x00000000f634c840, 0x00000000f634ca00, 0x00000000f6550000)
 Metaspace       used 26871K, capacity 27608K, committed 27904K, reserved 1073152K
  class space    used 3334K, capacity 3534K, committed 3584K, reserved 1048576K
Event: 4.125 GC heap after
Heap after GC invocations=58 (full 1):
 def new generation   total 4992K, used 443K [0x00000000f0800000, 0x00000000f0d60000, 0x00000000f5aa0000)
  eden space 4480K,   0% used [0x00000000f0800000, 0x00000000f0800000, 0x00000000f0c60000)
  from space 512K,  86% used [0x00000000f0c60000, 0x00000000f0ccefb0, 0x00000000f0ce0000)
  to   space 512K,   0% used [0x00000000f0ce0000, 0x00000000f0ce0000, 0x00000000f0d60000)
 tenured generation   total 10944K, used 9198K [0x00000000f5aa0000, 0x00000000f6550000, 0x0000000100000000)
   the space 10944K,  84% used [0x00000000f5aa0000, 0x00000000f639bbb8, 0x00000000f639bc00, 0x00000000f6550000)
 Metaspace       used 26871K, capacity 27608K, committed 27904K, reserved 1073152K
  class space    used 3334K, capacity 3534K, committed 3584K, reserved 1048576K
}
Event: 4.195 GC heap before
{Heap before GC invocations=58 (full 1):
 def new generation   total 4992K, used 4923K [0x00000000f0800000, 0x00000000f0d60000, 0x00000000f5aa0000)
  eden space 4480K, 100% used [0x00000000f0800000, 0x00000000f0c60000, 0x00000000f0c60000)
  from space 512K,  86% used [0x00000000f0c60000, 0x00000000f0ccefb0, 0x00000000f0ce0000)
  to   space 512K,   0% used [0x00000000f0ce0000, 0x00000000f0ce0000, 0x00000000f0d60000)
 tenured generation   total 10944K, used 9198K [0x00000000f5aa0000, 0x00000000f6550000, 0x0000000100000000)
   the space 10944K,  84% used [0x00000000f5aa0000, 0x00000000f639bbb8, 0x00000000f639bc00, 0x00000000f6550000)
 Metaspace       used 27002K, capacity 27784K, committed 27904K, reserved 1073152K
  class space    used 3345K, capacity 3542K, committed 3584K, reserved 1048576K
Event: 4.198 GC heap after
Heap after GC invocations=59 (full 1):
 def new generation   total 4992K, used 400K [0x00000000f0800000, 0x00000000f0d60000, 0x00000000f5aa0000)
  eden space 4480K,   0% used [0x00000000f0800000, 0x00000000f0800000, 0x00000000f0c60000)
  from space 512K,  78% used [0x00000000f0ce0000, 0x00000000f0d441a8, 0x00000000f0d60000)
  to   space 512K,   0% used [0x00000000f0c60000, 0x00000000f0c60000, 0x00000000f0ce0000)
 tenured generation   total 10944K, used 9449K [0x00000000f5aa0000, 0x00000000f6550000, 0x0000000100000000)
   the space 10944K,  86% used [0x00000000f5aa0000, 0x00000000f63da7c0, 0x00000000f63da800, 0x00000000f6550000)
 Metaspace       used 27002K, capacity 27784K, committed 27904K, reserved 1073152K
  class space    used 3345K, capacity 3542K, committed 3584K, reserved 1048576K
}
Event: 4.276 GC heap before
{Heap before GC invocations=59 (full 1):
 def new generation   total 4992K, used 4880K [0x00000000f0800000, 0x00000000f0d60000, 0x00000000f5aa0000)
  eden space 4480K, 100% used [0x00000000f0800000, 0x00000000f0c60000, 0x00000000f0c60000)
  from space 512K,  78% used [0x00000000f0ce0000, 0x00000000f0d441a8, 0x00000000f0d60000)
  to   space 512K,   0% used [0x00000000f0c60000, 0x00000000f0c60000, 0x00000000f0ce0000)
 tenured generation   total 10944K, used 9449K [0x00000000f5aa0000, 0x00000000f6550000, 0x0000000100000000)
   the space 10944K,  86% used [0x00000000f5aa0000, 0x00000000f63da7c0, 0x00000000f63da800, 0x00000000f6550000)
 Metaspace       used 27061K, capacity 27822K, committed 27904K, reserved 1073152K
  class space    used 3353K, capacity 3575K, committed 3584K, reserved 1048576K
Event: 4.278 GC heap after
Heap after GC invocations=60 (full 1):
 def new generation   total 4992K, used 404K [0x00000000f0800000, 0x00000000f0d60000, 0x00000000f5aa0000)
  eden space 4480K,   0% used [0x00000000f0800000, 0x00000000f0800000, 0x00000000f0c60000)
  from space 512K,  78% used [0x00000000f0c60000, 0x00000000f0cc51d8, 0x00000000f0ce0000)
  to   space 512K,   0% used [0x00000000f0ce0000, 0x00000000f0ce0000, 0x00000000f0d60000)
 tenured generation   total 10944K, used 9681K [0x00000000f5aa0000, 0x00000000f6550000, 0x0000000100000000)
   the space 10944K,  88% used [0x00000000f5aa0000, 0x00000000f6414440, 0x00000000f6414600, 0x00000000f6550000)
 Metaspace       used 27061K, capacity 27822K, committed 27904K, reserved 1073152K
  class space    used 3353K, capacity 3575K, committed 3584K, reserved 1048576K
}
Event: 4.346 GC heap before
{Heap before GC invocations=60 (full 1):
 def new generation   total 4992K, used 4884K [0x00000000f0800000, 0x00000000f0d60000, 0x00000000f5aa0000)
  eden space 4480K, 100% used [0x00000000f0800000, 0x00000000f0c60000, 0x00000000f0c60000)
  from space 512K,  78% used [0x00000000f0c60000, 0x00000000f0cc51d8, 0x00000000f0ce0000)
  to   space 512K,   0% used [0x00000000f0ce0000, 0x00000000f0ce0000, 0x00000000f0d60000)
 tenured generation   total 10944K, used 9681K [0x00000000f5aa0000, 0x00000000f6550000, 0x0000000100000000)
   the space 10944K,  88% used [0x00000000f5aa0000, 0x00000000f6414440, 0x00000000f6414600, 0x00000000f6550000)
 Metaspace       used 27291K, capacity 28128K, committed 28288K, reserved 1073152K
  class space    used 3380K, capacity 3614K, committed 3712K, reserved 1048576K
Event: 4.349 GC heap after
Heap after GC invocations=61 (full 1):
 def new generation   total 4992K, used 370K [0x00000000f0800000, 0x00000000f0d60000, 0x00000000f5aa0000)
  eden space 4480K,   0% used [0x00000000f0800000, 0x00000000f0800000, 0x00000000f0c60000)
  from space 512K,  72% used [0x00000000f0ce0000, 0x00000000f0d3c9e0, 0x00000000f0d60000)
  to   space 512K,   0% used [0x00000000f0c60000, 0x00000000f0c60000, 0x00000000f0ce0000)
 tenured generation   total 10944K, used 9915K [0x00000000f5aa0000, 0x00000000f6550000, 0x0000000100000000)
   the space 10944K,  90% used [0x00000000f5aa0000, 0x00000000f644ee88, 0x00000000f644f000, 0x00000000f6550000)
 Metaspace       used 27291K, capacity 28128K, committed 28288K, reserved 1073152K
  class space    used 3380K, capacity 3614K, committed 3712K, reserved 1048576K
}
Event: 4.473 GC heap before
{Heap before GC invocations=61 (full 1):
 def new generation   total 4992K, used 4850K [0x00000000f0800000, 0x00000000f0d60000, 0x00000000f5aa0000)
  eden space 4480K, 100% used [0x00000000f0800000, 0x00000000f0c60000, 0x00000000f0c60000)
  from space 512K,  72% used [0x00000000f0ce0000, 0x00000000f0d3c9e0, 0x00000000f0d60000)
  to   space 512K,   0% used [0x00000000f0c60000, 0x00000000f0c60000, 0x00000000f0ce0000)
 tenured generation   total 10944K, used 9915K [0x00000000f5aa0000, 0x00000000f6550000, 0x0000000100000000)
   the space 10944K,  90% used [0x00000000f5aa0000, 0x00000000f644ee88, 0x00000000f644f000, 0x00000000f6550000)
 Metaspace       used 28125K, capacity 28944K, committed 29056K, reserved 1075200K
  class space    used 3494K, capacity 3702K, committed 3712K, reserved 1048576K
Event: 4.477 GC heap after
Heap after GC invocations=62 (full 1):
 def new generation   total 4992K, used 511K [0x00000000f0800000, 0x00000000f0d60000, 0x00000000f5aa0000)
  eden space 4480K,   0% used [0x00000000f0800000, 0x00000000f0800000, 0x00000000f0c60000)
  from space 512K,  99% used [0x00000000f0c60000, 0x00000000f0cdfff0, 0x00000000f0ce0000)
  to   space 512K,   0% used [0x00000000f0ce0000, 0x00000000f0ce0000, 0x00000000f0d60000)
 tenured generation   total 10944K, used 10193K [0x00000000f5aa0000, 0x00000000f6550000, 0x0000000100000000)
   the space 10944K,  93% used [0x00000000f5aa0000, 0x00000000f64947a8, 0x00000000f6494800, 0x00000000f6550000)
 Metaspace       used 28125K, capacity 28944K, committed 29056K, reserved 1075200K
  class space    used 3494K, capacity 3702K, committed 3712K, reserved 1048576K
}
Event: 4.560 GC heap before
{Heap before GC invocations=62 (full 1):
 def new generation   total 4992K, used 4991K [0x00000000f0800000, 0x00000000f0d60000, 0x00000000f5aa0000)
  eden space 4480K, 100% used [0x00000000f0800000, 0x00000000f0c60000, 0x00000000f0c60000)
  from space 512K,  99% used [0x00000000f0c60000, 0x00000000f0cdfff0, 0x00000000f0ce0000)
  to   space 512K,   0% used [0x00000000f0ce0000, 0x00000000f0ce0000, 0x00000000f0d60000)
 tenured generation   total 10944K, used 10193K [0x00000000f5aa0000, 0x00000000f6550000, 0x0000000100000000)
   the space 10944K,  93% used [0x00000000f5aa0000, 0x00000000f64947a8, 0x00000000f6494800, 0x00000000f6550000)
 Metaspace       used 28301K, capacity 29200K, committed 29440K, reserved 1075200K
  class space    used 3520K, capacity 3780K, committed 3840K, reserved 1048576K
Event: 4.563 GC heap after
Heap after GC invocations=63 (full 1):
 def new generation   total 4992K, used 352K [0x00000000f0800000, 0x00000000f0d60000, 0x00000000f5aa0000)
  eden space 4480K,   0% used [0x00000000f0800000, 0x00000000f0800000, 0x00000000f0c60000)
  from space 512K,  68% used [0x00000000f0ce0000, 0x00000000f0d38038, 0x00000000f0d60000)
  to   space 512K,   0% used [0x00000000f0c60000, 0x00000000f0c60000, 0x00000000f0ce0000)
 tenured generation   total 10944K, used 10596K [0x00000000f5aa0000, 0x00000000f6550000, 0x0000000100000000)
   the space 10944K,  96% used [0x00000000f5aa0000, 0x00000000f64f91d8, 0x00000000f64f9200, 0x00000000f6550000)
 Metaspace       used 28301K, capacity 29200K, committed 29440K, reserved 1075200K
  class space    used 3520K, capacity 3780K, committed 3840K, reserved 1048576K
}
Event: 4.642 GC heap before
{Heap before GC invocations=63 (full 1):
 def new generation   total 4992K, used 4832K [0x00000000f0800000, 0x00000000f0d60000, 0x00000000f5aa0000)
  eden space 4480K, 100% used [0x00000000f0800000, 0x00000000f0c60000, 0x00000000f0c60000)
  from space 512K,  68% used [0x00000000f0ce0000, 0x00000000f0d38038, 0x00000000f0d60000)
  to   space 512K,   0% used [0x00000000f0c60000, 0x00000000f0c60000, 0x00000000f0ce0000)
 tenured generation   total 10944K, used 10596K [0x00000000f5aa0000, 0x00000000f6550000, 0x0000000100000000)
   the space 10944K,  96% used [0x00000000f5aa0000, 0x00000000f64f91d8, 0x00000000f64f9200, 0x00000000f6550000)
 Metaspace       used 28463K, capacity 29370K, committed 29440K, reserved 1075200K
  class space    used 3547K, capacity 3789K, committed 3840K, reserved 1048576K
Event: 4.645 GC heap after
Heap after GC invocations=64 (full 1):
 def new generation   total 4992K, used 375K [0x00000000f0800000, 0x00000000f0d60000, 0x00000000f5aa0000)
  eden space 4480K,   0% used [0x00000000f0800000, 0x00000000f0800000, 0x00000000f0c60000)
  from space 512K,  73% used [0x00000000f0c60000, 0x00000000f0cbddb0, 0x00000000f0ce0000)
  to   space 512K,   0% used [0x00000000f0ce0000, 0x00000000f0ce0000, 0x00000000f0d60000)
 tenured generation   total 10944K, used 10834K [0x00000000f5aa0000, 0x00000000f6550000, 0x0000000100000000)
   the space 10944K,  98% used [0x00000000f5aa0000, 0x00000000f65348a0, 0x00000000f6534a00, 0x00000000f6550000)
 Metaspace       used 28463K, capacity 29370K, committed 29440K, reserved 1075200K
  class space    used 3547K, capacity 3789K, committed 3840K, reserved 1048576K
}
Event: 4.724 GC heap before
{Heap before GC invocations=64 (full 1):
 def new generation   total 4992K, used 4855K [0x00000000f0800000, 0x00000000f0d60000, 0x00000000f5aa0000)
  eden space 4480K, 100% used [0x00000000f0800000, 0x00000000f0c60000, 0x00000000f0c60000)
  from space 512K,  73% used [0x00000000f0c60000, 0x00000000f0cbddb0, 0x00000000f0ce0000)
  to   space 512K,   0% used [0x00000000f0ce0000, 0x00000000f0ce0000, 0x00000000f0d60000)
 tenured generation   total 10944K, used 10834K [0x00000000f5aa0000, 0x00000000f6550000, 0x0000000100000000)
   the space 10944K,  98% used [0x00000000f5aa0000, 0x00000000f65348a0, 0x00000000f6534a00, 0x00000000f6550000)
 Metaspace       used 28683K, capacity 29644K, committed 29696K, reserved 1075200K
  class space    used 3581K, capacity 3832K, committed 3840K, reserved 1048576K
Event: 4.766 GC heap after
Heap after GC invocations=65 (full 2):
 def new generation   total 7424K, used 0K [0x00000000f0800000, 0x00000000f1000000, 0x00000000f5aa0000)
  eden space 6656K,   0% used [0x00000000f0800000, 0x00000000f0800000, 0x00000000f0e80000)
  from space 768K,   0% used [0x00000000f0e80000, 0x00000000f0e80000, 0x00000000f0f40000)
  to   space 768K,   0% used [0x00000000f0f40000, 0x00000000f0f40000, 0x00000000f1000000)
 tenured generation   total 16244K, used 9744K [0x00000000f5aa0000, 0x00000000f6a7d000, 0x0000000100000000)
   the space 16244K,  59% used [0x00000000f5aa0000, 0x00000000f64242d8, 0x00000000f6424400, 0x00000000f6a7d000)
 Metaspace       used 28683K, capacity 29644K, committed 29696K, reserved 1075200K
  class space    used 3581K, capacity 3832K, committed 3840K, reserved 1048576K
}
Event: 4.882 GC heap before
{Heap before GC invocations=65 (full 2):
 def new generation   total 7424K, used 6656K [0x00000000f0800000, 0x00000000f1000000, 0x00000000f5aa0000)
  eden space 6656K, 100% used [0x00000000f0800000, 0x00000000f0e80000, 0x00000000f0e80000)
  from space 768K,   0% used [0x00000000f0e80000, 0x00000000f0e80000, 0x00000000f0f40000)
  to   space 768K,   0% used [0x00000000f0f40000, 0x00000000f0f40000, 0x00000000f1000000)
 tenured generation   total 16244K, used 9744K [0x00000000f5aa0000, 0x00000000f6a7d000, 0x0000000100000000)
   the space 16244K,  59% used [0x00000000f5aa0000, 0x00000000f64242d8, 0x00000000f6424400, 0x00000000f6a7d000)
 Metaspace       used 29090K, capacity 30074K, committed 30336K, reserved 1075200K
  class space    used 3646K, capacity 3907K, committed 3968K, reserved 1048576K
Event: 4.884 GC heap after
Heap after GC invocations=66 (full 2):
 def new generation   total 7424K, used 637K [0x00000000f0800000, 0x00000000f1000000, 0x00000000f5aa0000)
  eden space 6656K,   0% used [0x00000000f0800000, 0x00000000f0800000, 0x00000000f0e80000)
  from space 768K,  83% used [0x00000000f0f40000, 0x00000000f0fdf668, 0x00000000f1000000)
  to   space 768K,   0% used [0x00000000f0e80000, 0x00000000f0e80000, 0x00000000f0f40000)
 tenured generation   total 16244K, used 9744K [0x00000000f5aa0000, 0x00000000f6a7d000, 0x0000000100000000)
   the space 16244K,  59% used [0x00000000f5aa0000, 0x00000000f64242d8, 0x00000000f6424400, 0x00000000f6a7d000)
 Metaspace       used 29090K, capacity 30074K, committed 30336K, reserved 1075200K
  class space    used 3646K, capacity 3907K, committed 3968K, reserved 1048576K
}
Event: 5.028 GC heap before
{Heap before GC invocations=66 (full 2):
 def new generation   total 7424K, used 7293K [0x00000000f0800000, 0x00000000f1000000, 0x00000000f5aa0000)
  eden space 6656K, 100% used [0x00000000f0800000, 0x00000000f0e80000, 0x00000000f0e80000)
  from space 768K,  83% used [0x00000000f0f40000, 0x00000000f0fdf668, 0x00000000f1000000)
  to   space 768K,   0% used [0x00000000f0e80000, 0x00000000f0e80000, 0x00000000f0f40000)
 tenured generation   total 16244K, used 9744K [0x00000000f5aa0000, 0x00000000f6a7d000, 0x0000000100000000)
   the space 16244K,  59% used [0x00000000f5aa0000, 0x00000000f64242d8, 0x00000000f6424400, 0x00000000f6a7d000)
 Metaspace       used 29679K, capacity 30682K, committed 30976K, reserved 1077248K
  class space    used 3719K, capacity 3975K, committed 4096K, reserved 1048576K
Event: 5.031 GC heap after
Heap after GC invocations=67 (full 2):
 def new generation   total 7424K, used 768K [0x00000000f0800000, 0x00000000f1000000, 0x00000000f5aa0000)
  eden space 6656K,   0% used [0x00000000f0800000, 0x00000000f0800000, 0x00000000f0e80000)
  from space 768K, 100% used [0x00000000f0e80000, 0x00000000f0f40000, 0x00000000f0f40000)
  to   space 768K,   0% used [0x00000000f0f40000, 0x00000000f0f40000, 0x00000000f1000000)
 tenured generation   total 16244K, used 10043K [0x00000000f5aa0000, 0x00000000f6a7d000, 0x0000000100000000)
   the space 16244K,  61% used [0x00000000f5aa0000, 0x00000000f646ec78, 0x00000000f646ee00, 0x00000000f6a7d000)
 Metaspace       used 29679K, capacity 30682K, committed 30976K, reserved 1077248K
  class space    used 3719K, capacity 3975K, committed 4096K, reserved 1048576K
}
Event: 5.154 GC heap before
{Heap before GC invocations=67 (full 2):
 def new generation   total 7424K, used 7424K [0x00000000f0800000, 0x00000000f1000000, 0x00000000f5aa0000)
  eden space 6656K, 100% used [0x00000000f0800000, 0x00000000f0e80000, 0x00000000f0e80000)
  from space 768K, 100% used [0x00000000f0e80000, 0x00000000f0f40000, 0x00000000f0f40000)
  to   space 768K,   0% used [0x00000000f0f40000, 0x00000000f0f40000, 0x00000000f1000000)
 tenured generation   total 16244K, used 10043K [0x00000000f5aa0000, 0x00000000f6a7d000, 0x0000000100000000)
   the space 16244K,  61% used [0x00000000f5aa0000, 0x00000000f646ec78, 0x00000000f646ee00, 0x00000000f6a7d000)
 Metaspace       used 30063K, capacity 31106K, committed 31232K, reserved 1077248K
  class space    used 3772K, capacity 4023K, committed 4096K, reserved 1048576K
Event: 5.157 GC heap after
Heap after GC invocations=68 (full 2):
 def new generation   total 7424K, used 563K [0x00000000f0800000, 0x00000000f1000000, 0x00000000f5aa0000)
  eden space 6656K,   0% used [0x00000000f0800000, 0x00000000f0800000, 0x00000000f0e80000)
  from space 768K,  73% used [0x00000000f0f40000, 0x00000000f0fcce78, 0x00000000f1000000)
  to   space 768K,   0% used [0x00000000f0e80000, 0x00000000f0e80000, 0x00000000f0f40000)
 tenured generation   total 16244K, used 10300K [0x00000000f5aa0000, 0x00000000f6a7d000, 0x0000000100000000)
   the space 16244K,  63% used [0x00000000f5aa0000, 0x00000000f64af110, 0x00000000f64af200, 0x00000000f6a7d000)
 Metaspace       used 30063K, capacity 31106K, committed 31232K, reserved 1077248K
  class space    used 3772K, capacity 4023K, committed 4096K, reserved 1048576K
}
Event: 5.315 GC heap before
{Heap before GC invocations=68 (full 2):
 def new generation   total 7424K, used 7219K [0x00000000f0800000, 0x00000000f1000000, 0x00000000f5aa0000)
  eden space 6656K, 100% used [0x00000000f0800000, 0x00000000f0e80000, 0x00000000f0e80000)
  from space 768K,  73% used [0x00000000f0f40000, 0x00000000f0fcce78, 0x00000000f1000000)
  to   space 768K,   0% used [0x00000000f0e80000, 0x00000000f0e80000, 0x00000000f0f40000)
 tenured generation   total 16244K, used 10300K [0x00000000f5aa0000, 0x00000000f6a7d000, 0x0000000100000000)
   the space 16244K,  63% used [0x00000000f5aa0000, 0x00000000f64af110, 0x00000000f64af200, 0x00000000f6a7d000)
 Metaspace       used 30501K, capacity 31680K, committed 31872K, reserved 1077248K
  class space    used 3844K, capacity 4100K, committed 4224K, reserved 1048576K
Event: 5.318 GC heap after
Heap after GC invocations=69 (full 2):
 def new generation   total 7424K, used 523K [0x00000000f0800000, 0x00000000f1000000, 0x00000000f5aa0000)
  eden space 6656K,   0% used [0x00000000f0800000, 0x00000000f0800000, 0x00000000f0e80000)
  from space 768K,  68% used [0x00000000f0e80000, 0x00000000f0f02ea0, 0x00000000f0f40000)
  to   space 768K,   0% used [0x00000000f0f40000, 0x00000000f0f40000, 0x00000000f1000000)
 tenured generation   total 16244K, used 10458K [0x00000000f5aa0000, 0x00000000f6a7d000, 0x0000000100000000)
   the space 16244K,  64% used [0x00000000f5aa0000, 0x00000000f64d6868, 0x00000000f64d6a00, 0x00000000f6a7d000)
 Metaspace       used 30501K, capacity 31680K, committed 31872K, reserved 1077248K
  class space    used 3844K, capacity 4100K, committed 4224K, reserved 1048576K
}
Event: 5.453 GC heap before
{Heap before GC invocations=69 (full 2):
 def new generation   total 7424K, used 7179K [0x00000000f0800000, 0x00000000f1000000, 0x00000000f5aa0000)
  eden space 6656K, 100% used [0x00000000f0800000, 0x00000000f0e80000, 0x00000000f0e80000)
  from space 768K,  68% used [0x00000000f0e80000, 0x00000000f0f02ea0, 0x00000000f0f40000)
  to   space 768K,   0% used [0x00000000f0f40000, 0x00000000f0f40000, 0x00000000f1000000)
 tenured generation   total 16244K, used 10458K [0x00000000f5aa0000, 0x00000000f6a7d000, 0x0000000100000000)
   the space 16244K,  64% used [0x00000000f5aa0000, 0x00000000f64d6868, 0x00000000f64d6a00, 0x00000000f6a7d000)
 Metaspace       used 30799K, capacity 31966K, committed 32128K, reserved 1077248K
  class space    used 3894K, capacity 4169K, committed 4224K, reserved 1048576K
Event: 5.456 GC heap after
Heap after GC invocations=70 (full 2):
 def new generation   total 7424K, used 578K [0x00000000f0800000, 0x00000000f1000000, 0x00000000f5aa0000)
  eden space 6656K,   0% used [0x00000000f0800000, 0x00000000f0800000, 0x00000000f0e80000)
  from space 768K,  75% used [0x00000000f0f40000, 0x00000000f0fd0b00, 0x00000000f1000000)
  to   space 768K,   0% used [0x00000000f0e80000, 0x00000000f0e80000, 0x00000000f0f40000)
 tenured generation   total 16244K, used 10706K [0x00000000f5aa0000, 0x00000000f6a7d000, 0x0000000100000000)
   the space 16244K,  65% used [0x00000000f5aa0000, 0x00000000f65149e8, 0x00000000f6514a00, 0x00000000f6a7d000)
 Metaspace       used 30799K, capacity 31966K, committed 32128K, reserved 1077248K
  class space    used 3894K, capacity 4169K, committed 4224K, reserved 1048576K
}
Event: 5.593 GC heap before
{Heap before GC invocations=70 (full 2):
 def new generation   total 7424K, used 7234K [0x00000000f0800000, 0x00000000f1000000, 0x00000000f5aa0000)
  eden space 6656K, 100% used [0x00000000f0800000, 0x00000000f0e80000, 0x00000000f0e80000)
  from space 768K,  75% used [0x00000000f0f40000, 0x00000000f0fd0b00, 0x00000000f1000000)
  to   space 768K,   0% used [0x00000000f0e80000, 0x00000000f0e80000, 0x00000000f0f40000)
 tenured generation   total 16244K, used 10706K [0x00000000f5aa0000, 0x00000000f6a7d000, 0x0000000100000000)
   the space 16244K,  65% used [0x00000000f5aa0000, 0x00000000f65149e8, 0x00000000f6514a00, 0x00000000f6a7d000)
 Metaspace       used 31188K, capacity 32358K, committed 32512K, reserved 1077248K
  class space    used 3952K, capacity 4233K, committed 4352K, reserved 1048576K
Event: 5.596 GC heap after
Heap after GC invocations=71 (full 2):
 def new generation   total 7424K, used 622K [0x00000000f0800000, 0x00000000f1000000, 0x00000000f5aa0000)
  eden space 6656K,   0% used [0x00000000f0800000, 0x00000000f0800000, 0x00000000f0e80000)
  from space 768K,  81% used [0x00000000f0e80000, 0x00000000f0f1bac8, 0x00000000f0f40000)
  to   space 768K,   0% used [0x00000000f0f40000, 0x00000000f0f40000, 0x00000000f1000000)
 tenured generation   total 16244K, used 10954K [0x00000000f5aa0000, 0x00000000f6a7d000, 0x0000000100000000)
   the space 16244K,  67% used [0x00000000f5aa0000, 0x00000000f6552ad0, 0x00000000f6552c00, 0x00000000f6a7d000)
 Metaspace       used 31188K, capacity 32358K, committed 32512K, reserved 1077248K
  class space    used 3952K, capacity 4233K, committed 4352K, reserved 1048576K
}
Event: 5.720 GC heap before
{Heap before GC invocations=71 (full 2):
 def new generation   total 7424K, used 7278K [0x00000000f0800000, 0x00000000f1000000, 0x00000000f5aa0000)
  eden space 6656K, 100% used [0x00000000f0800000, 0x00000000f0e80000, 0x00000000f0e80000)
  from space 768K,  81% used [0x00000000f0e80000, 0x00000000f0f1bac8, 0x00000000f0f40000)
  to   space 768K,   0% used [0x00000000f0f40000, 0x00000000f0f40000, 0x00000000f1000000)
 tenured generation   total 16244K, used 10954K [0x00000000f5aa0000, 0x00000000f6a7d000, 0x0000000100000000)
   the space 16244K,  67% used [0x00000000f5aa0000, 0x00000000f6552ad0, 0x00000000f6552c00, 0x00000000f6a7d000)
 Metaspace       used 31773K, capacity 32998K, committed 33280K, reserved 1079296K
  class space    used 4027K, capacity 4297K, committed 4352K, reserved 1048576K
Event: 5.724 GC heap after
Heap after GC invocations=72 (full 2):
 def new generation   total 7424K, used 627K [0x00000000f0800000, 0x00000000f1000000, 0x00000000f5aa0000)
  eden space 6656K,   0% used [0x00000000f0800000, 0x00000000f0800000, 0x00000000f0e80000)
  from space 768K,  81% used [0x00000000f0f40000, 0x00000000f0fdcc50, 0x00000000f1000000)
  to   space 768K,   0% used [0x00000000f0e80000, 0x00000000f0e80000, 0x00000000f0f40000)
 tenured generation   total 16244K, used 11228K [0x00000000f5aa0000, 0x00000000f6a7d000, 0x0000000100000000)
   the space 16244K,  69% used [0x00000000f5aa0000, 0x00000000f65973a8, 0x00000000f6597400, 0x00000000f6a7d000)
 Metaspace       used 31773K, capacity 32998K, committed 33280K, reserved 1079296K
  class space    used 4027K, capacity 4297K, committed 4352K, reserved 1048576K
}
Event: 5.930 GC heap before
{Heap before GC invocations=72 (full 2):
 def new generation   total 7424K, used 7283K [0x00000000f0800000, 0x00000000f1000000, 0x00000000f5aa0000)
  eden space 6656K, 100% used [0x00000000f0800000, 0x00000000f0e80000, 0x00000000f0e80000)
  from space 768K,  81% used [0x00000000f0f40000, 0x00000000f0fdcc50, 0x00000000f1000000)
  to   space 768K,   0% used [0x00000000f0e80000, 0x00000000f0e80000, 0x00000000f0f40000)
 tenured generation   total 16244K, used 11228K [0x00000000f5aa0000, 0x00000000f6a7d000, 0x0000000100000000)
   the space 16244K,  69% used [0x00000000f5aa0000, 0x00000000f65973a8, 0x00000000f6597400, 0x00000000f6a7d000)
 Metaspace       used 32206K, capacity 33426K, committed 33536K, reserved 1079296K
  class space    used 4063K, capacity 4331K, committed 4352K, reserved 1048576K
Event: 5.933 GC heap after
Heap after GC invocations=73 (full 2):
 def new generation   total 7424K, used 452K [0x00000000f0800000, 0x00000000f1000000, 0x00000000f5aa0000)
  eden space 6656K,   0% used [0x00000000f0800000, 0x00000000f0800000, 0x00000000f0e80000)
  from space 768K,  58% used [0x00000000f0e80000, 0x00000000f0ef13b8, 0x00000000f0f40000)
  to   space 768K,   0% used [0x00000000f0f40000, 0x00000000f0f40000, 0x00000000f1000000)
 tenured generation   total 16244K, used 11334K [0x00000000f5aa0000, 0x00000000f6a7d000, 0x0000000100000000)
   the space 16244K,  69% used [0x00000000f5aa0000, 0x00000000f65b1b30, 0x00000000f65b1c00, 0x00000000f6a7d000)
 Metaspace       used 32206K, capacity 33426K, committed 33536K, reserved 1079296K
  class space    used 4063K, capacity 4331K, committed 4352K, reserved 1048576K
}
Event: 6.092 GC heap before
{Heap before GC invocations=73 (full 2):
 def new generation   total 7424K, used 7108K [0x00000000f0800000, 0x00000000f1000000, 0x00000000f5aa0000)
  eden space 6656K, 100% used [0x00000000f0800000, 0x00000000f0e80000, 0x00000000f0e80000)
  from space 768K,  58% used [0x00000000f0e80000, 0x00000000f0ef13b8, 0x00000000f0f40000)
  to   space 768K,   0% used [0x00000000f0f40000, 0x00000000f0f40000, 0x00000000f1000000)
 tenured generation   total 16244K, used 11334K [0x00000000f5aa0000, 0x00000000f6a7d000, 0x0000000100000000)
   the space 16244K,  69% used [0x00000000f5aa0000, 0x00000000f65b1b30, 0x00000000f65b1c00, 0x00000000f6a7d000)
 Metaspace       used 32570K, capacity 33784K, committed 33920K, reserved 1079296K
  class space    used 4096K, capacity 4364K, committed 4480K, reserved 1048576K
Event: 6.099 GC heap after
Heap after GC invocations=74 (full 2):
 def new generation   total 7424K, used 392K [0x00000000f0800000, 0x00000000f1000000, 0x00000000f5aa0000)
  eden space 6656K,   0% used [0x00000000f0800000, 0x00000000f0800000, 0x00000000f0e80000)
  from space 768K,  51% used [0x00000000f0f40000, 0x00000000f0fa2308, 0x00000000f1000000)
  to   space 768K,   0% used [0x00000000f0e80000, 0x00000000f0e80000, 0x00000000f0f40000)
 tenured generation   total 16244K, used 11621K [0x00000000f5aa0000, 0x00000000f6a7d000, 0x0000000100000000)
   the space 16244K,  71% used [0x00000000f5aa0000, 0x00000000f65f9470, 0x00000000f65f9600, 0x00000000f6a7d000)
 Metaspace       used 32570K, capacity 33784K, committed 33920K, reserved 1079296K
  class space    used 4096K, capacity 4364K, committed 4480K, reserved 1048576K
}
Event: 6.228 GC heap before
{Heap before GC invocations=74 (full 2):
 def new generation   total 7424K, used 7048K [0x00000000f0800000, 0x00000000f1000000, 0x00000000f5aa0000)
  eden space 6656K, 100% used [0x00000000f0800000, 0x00000000f0e80000, 0x00000000f0e80000)
  from space 768K,  51% used [0x00000000f0f40000, 0x00000000f0fa2308, 0x00000000f1000000)
  to   space 768K,   0% used [0x00000000f0e80000, 0x00000000f0e80000, 0x00000000f0f40000)
 tenured generation   total 16244K, used 11621K [0x00000000f5aa0000, 0x00000000f6a7d000, 0x0000000100000000)
   the space 16244K,  71% used [0x00000000f5aa0000, 0x00000000f65f9470, 0x00000000f65f9600, 0x00000000f6a7d000)
 Metaspace       used 32841K, capacity 34078K, committed 34176K, reserved 1079296K
  class space    used 4127K, capacity 4407K, committed 4480K, reserved 1048576K
Event: 6.232 GC heap after
Heap after GC invocations=75 (full 2):
 def new generation   total 7424K, used 623K [0x00000000f0800000, 0x00000000f1000000, 0x00000000f5aa0000)
  eden space 6656K,   0% used [0x00000000f0800000, 0x00000000f0800000, 0x00000000f0e80000)
  from space 768K,  81% used [0x00000000f0e80000, 0x00000000f0f1bde0, 0x00000000f0f40000)
  to   space 768K,   0% used [0x00000000f0f40000, 0x00000000f0f40000, 0x00000000f1000000)
 tenured generation   total 16244K, used 11935K [0x00000000f5aa0000, 0x00000000f6a7d000, 0x0000000100000000)
   the space 16244K,  73% used [0x00000000f5aa0000, 0x00000000f6647dc8, 0x00000000f6647e00, 0x00000000f6a7d000)
 Metaspace       used 32841K, capacity 34078K, committed 34176K, reserved 1079296K
  class space    used 4127K, capacity 4407K, committed 4480K, reserved 1048576K
}
Event: 6.360 GC heap before
{Heap before GC invocations=75 (full 2):
 def new generation   total 7424K, used 7279K [0x00000000f0800000, 0x00000000f1000000, 0x00000000f5aa0000)
  eden space 6656K, 100% used [0x00000000f0800000, 0x00000000f0e80000, 0x00000000f0e80000)
  from space 768K,  81% used [0x00000000f0e80000, 0x00000000f0f1bde0, 0x00000000f0f40000)
  to   space 768K,   0% used [0x00000000f0f40000, 0x00000000f0f40000, 0x00000000f1000000)
 tenured generation   total 16244K, used 11935K [0x00000000f5aa0000, 0x00000000f6a7d000, 0x0000000100000000)
   the space 16244K,  73% used [0x00000000f5aa0000, 0x00000000f6647dc8, 0x00000000f6647e00, 0x00000000f6a7d000)
 Metaspace       used 33148K, capacity 34474K, committed 34816K, reserved 1079296K
  class space    used 4174K, capacity 4483K, committed 4608K, reserved 1048576K
Event: 6.364 GC heap after
Heap after GC invocations=76 (full 2):
 def new generation   total 7424K, used 640K [0x00000000f0800000, 0x00000000f1000000, 0x00000000f5aa0000)
  eden space 6656K,   0% used [0x00000000f0800000, 0x00000000f0800000, 0x00000000f0e80000)
  from space 768K,  83% used [0x00000000f0f40000, 0x00000000f0fe0188, 0x00000000f1000000)
  to   space 768K,   0% used [0x00000000f0e80000, 0x00000000f0e80000, 0x00000000f0f40000)
 tenured generation   total 16244K, used 12483K [0x00000000f5aa0000, 0x00000000f6a7d000, 0x0000000100000000)
   the space 16244K,  76% used [0x00000000f5aa0000, 0x00000000f66d0ce0, 0x00000000f66d0e00, 0x00000000f6a7d000)
 Metaspace       used 33148K, capacity 34474K, committed 34816K, reserved 1079296K
  class space    used 4174K, capacity 4483K, committed 4608K, reserved 1048576K
}
Event: 6.449 GC heap before
{Heap before GC invocations=76 (full 2):
 def new generation   total 7424K, used 7296K [0x00000000f0800000, 0x00000000f1000000, 0x00000000f5aa0000)
  eden space 6656K, 100% used [0x00000000f0800000, 0x00000000f0e80000, 0x00000000f0e80000)
  from space 768K,  83% used [0x00000000f0f40000, 0x00000000f0fe0188, 0x00000000f1000000)
  to   space 768K,   0% used [0x00000000f0e80000, 0x00000000f0e80000, 0x00000000f0f40000)
 tenured generation   total 16244K, used 12483K [0x00000000f5aa0000, 0x00000000f6a7d000, 0x0000000100000000)
   the space 16244K,  76% used [0x00000000f5aa0000, 0x00000000f66d0ce0, 0x00000000f66d0e00, 0x00000000f6a7d000)
 Metaspace       used 33301K, capacity 34580K, committed 34816K, reserved 1079296K
  class space    used 4198K, capacity 4518K, committed 4608K, reserved 1048576K
Event: 6.452 GC heap after
Heap after GC invocations=77 (full 2):
 def new generation   total 7424K, used 259K [0x00000000f0800000, 0x00000000f1000000, 0x00000000f5aa0000)
  eden space 6656K,   0% used [0x00000000f0800000, 0x00000000f0800000, 0x00000000f0e80000)
  from space 768K,  33% used [0x00000000f0e80000, 0x00000000f0ec0da8, 0x00000000f0f40000)
  to   space 768K,   0% used [0x00000000f0f40000, 0x00000000f0f40000, 0x00000000f1000000)
 tenured generation   total 16244K, used 12905K [0x00000000f5aa0000, 0x00000000f6a7d000, 0x0000000100000000)
   the space 16244K,  79% used [0x00000000f5aa0000, 0x00000000f673a4f8, 0x00000000f673a600, 0x00000000f6a7d000)
 Metaspace       used 33301K, capacity 34580K, committed 34816K, reserved 1079296K
  class space    used 4198K, capacity 4518K, committed 4608K, reserved 1048576K
}
Event: 6.524 GC heap before
{Heap before GC invocations=77 (full 2):
 def new generation   total 7424K, used 6915K [0x00000000f0800000, 0x00000000f1000000, 0x00000000f5aa0000)
  eden space 6656K, 100% used [0x00000000f0800000, 0x00000000f0e80000, 0x00000000f0e80000)
  from space 768K,  33% used [0x00000000f0e80000, 0x00000000f0ec0da8, 0x00000000f0f40000)
  to   space 768K,   0% used [0x00000000f0f40000, 0x00000000f0f40000, 0x00000000f1000000)
 tenured generation   total 16244K, used 12905K [0x00000000f5aa0000, 0x00000000f6a7d000, 0x0000000100000000)
   the space 16244K,  79% used [0x00000000f5aa0000, 0x00000000f673a4f8, 0x00000000f673a600, 0x00000000f6a7d000)
 Metaspace       used 33397K, capacity 34720K, committed 34816K, reserved 1079296K
  class space    used 4213K, capacity 4520K, committed 4608K, reserved 1048576K
Event: 6.526 GC heap after
Heap after GC invocations=78 (full 2):
 def new generation   total 7424K, used 357K [0x00000000f0800000, 0x00000000f1000000, 0x00000000f5aa0000)
  eden space 6656K,   0% used [0x00000000f0800000, 0x00000000f0800000, 0x00000000f0e80000)
  from space 768K,  46% used [0x00000000f0f40000, 0x00000000f0f995b8, 0x00000000f1000000)
  to   space 768K,   0% used [0x00000000f0e80000, 0x00000000f0e80000, 0x00000000f0f40000)
 tenured generation   total 16244K, used 12905K [0x00000000f5aa0000, 0x00000000f6a7d000, 0x0000000100000000)
   the space 16244K,  79% used [0x00000000f5aa0000, 0x00000000f673a4f8, 0x00000000f673a600, 0x00000000f6a7d000)
 Metaspace       used 33397K, capacity 34720K, committed 34816K, reserved 1079296K
  class space    used 4213K, capacity 4520K, committed 4608K, reserved 1048576K
}
Event: 6.638 GC heap before
{Heap before GC invocations=78 (full 2):
 def new generation   total 7424K, used 7013K [0x00000000f0800000, 0x00000000f1000000, 0x00000000f5aa0000)
  eden space 6656K, 100% used [0x00000000f0800000, 0x00000000f0e80000, 0x00000000f0e80000)
  from space 768K,  46% used [0x00000000f0f40000, 0x00000000f0f995b8, 0x00000000f1000000)
  to   space 768K,   0% used [0x00000000f0e80000, 0x00000000f0e80000, 0x00000000f0f40000)
 tenured generation   total 16244K, used 12905K [0x00000000f5aa0000, 0x00000000f6a7d000, 0x0000000100000000)
   the space 16244K,  79% used [0x00000000f5aa0000, 0x00000000f673a4f8, 0x00000000f673a600, 0x00000000f6a7d000)
 Metaspace       used 33530K, capacity 34908K, committed 35072K, reserved 1079296K
  class space    used 4232K, capacity 4556K, committed 4608K, reserved 1048576K
Event: 6.642 GC heap after
Heap after GC invocations=79 (full 2):
 def new generation   total 7424K, used 638K [0x00000000f0800000, 0x00000000f1000000, 0x00000000f5aa0000)
  eden space 6656K,   0% used [0x00000000f0800000, 0x00000000f0800000, 0x00000000f0e80000)
  from space 768K,  83% used [0x00000000f0e80000, 0x00000000f0f1f9b0, 0x00000000f0f40000)
  to   space 768K,   0% used [0x00000000f0f40000, 0x00000000f0f40000, 0x00000000f1000000)
 tenured generation   total 16244K, used 12905K [0x00000000f5aa0000, 0x00000000f6a7d000, 0x0000000100000000)
   the space 16244K,  79% used [0x00000000f5aa0000, 0x00000000f673a4f8, 0x00000000f673a600, 0x00000000f6a7d000)
 Metaspace       used 33530K, capacity 34908K, committed 35072K, reserved 1079296K
  class space    used 4232K, capacity 4556K, committed 4608K, reserved 1048576K
}
Event: 6.746 GC heap before
{Heap before GC invocations=79 (full 2):
 def new generation   total 7424K, used 7294K [0x00000000f0800000, 0x00000000f1000000, 0x00000000f5aa0000)
  eden space 6656K, 100% used [0x00000000f0800000, 0x00000000f0e80000, 0x00000000f0e80000)
  from space 768K,  83% used [0x00000000f0e80000, 0x00000000f0f1f9b0, 0x00000000f0f40000)
  to   space 768K,   0% used [0x00000000f0f40000, 0x00000000f0f40000, 0x00000000f1000000)
 tenured generation   total 16244K, used 12905K [0x00000000f5aa0000, 0x00000000f6a7d000, 0x0000000100000000)
   the space 16244K,  79% used [0x00000000f5aa0000, 0x00000000f673a4f8, 0x00000000f673a600, 0x00000000f6a7d000)
 Metaspace       used 33694K, capacity 35036K, committed 35328K, reserved 1079296K
  class space    used 4258K, capacity 4556K, committed 4608K, reserved 1048576K
Event: 6.751 GC heap after
Heap after GC invocations=80 (full 2):
 def new generation   total 7424K, used 694K [0x00000000f0800000, 0x00000000f1000000, 0x00000000f5aa0000)
  eden space 6656K,   0% used [0x00000000f0800000, 0x00000000f0800000, 0x00000000f0e80000)
  from space 768K,  90% used [0x00000000f0f40000, 0x00000000f0fedbb8, 0x00000000f1000000)
  to   space 768K,   0% used [0x00000000f0e80000, 0x00000000f0e80000, 0x00000000f0f40000)
 tenured generation   total 16244K, used 13194K [0x00000000f5aa0000, 0x00000000f6a7d000, 0x0000000100000000)
   the space 16244K,  81% used [0x00000000f5aa0000, 0x00000000f6782bf8, 0x00000000f6782c00, 0x00000000f6a7d000)
 Metaspace       used 33694K, capacity 35036K, committed 35328K, reserved 1079296K
  class space    used 4258K, capacity 4556K, committed 4608K, reserved 1048576K
}
Event: 6.955 GC heap before
{Heap before GC invocations=80 (full 2):
 def new generation   total 7424K, used 7350K [0x00000000f0800000, 0x00000000f1000000, 0x00000000f5aa0000)
  eden space 6656K, 100% used [0x00000000f0800000, 0x00000000f0e80000, 0x00000000f0e80000)
  from space 768K,  90% used [0x00000000f0f40000, 0x00000000f0fedbb8, 0x00000000f1000000)
  to   space 768K,   0% used [0x00000000f0e80000, 0x00000000f0e80000, 0x00000000f0f40000)
 tenured generation   total 16244K, used 13194K [0x00000000f5aa0000, 0x00000000f6a7d000, 0x0000000100000000)
   the space 16244K,  81% used [0x00000000f5aa0000, 0x00000000f6782bf8, 0x00000000f6782c00, 0x00000000f6a7d000)
 Metaspace       used 34099K, capacity 35444K, committed 35584K, reserved 1081344K
  class space    used 4298K, capacity 4600K, committed 4608K, reserved 1048576K
Event: 6.964 GC heap after
Heap after GC invocations=81 (full 2):
 def new generation   total 7424K, used 568K [0x00000000f0800000, 0x00000000f1000000, 0x00000000f5aa0000)
  eden space 6656K,   0% used [0x00000000f0800000, 0x00000000f0800000, 0x00000000f0e80000)
  from space 768K,  73% used [0x00000000f0e80000, 0x00000000f0f0e0c0, 0x00000000f0f40000)
  to   space 768K,   0% used [0x00000000f0f40000, 0x00000000f0f40000, 0x00000000f1000000)
 tenured generation   total 16244K, used 13744K [0x00000000f5aa0000, 0x00000000f6a7d000, 0x0000000100000000)
   the space 16244K,  84% used [0x00000000f5aa0000, 0x00000000f680c300, 0x00000000f680c400, 0x00000000f6a7d000)
 Metaspace       used 34099K, capacity 35444K, committed 35584K, reserved 1081344K
  class space    used 4298K, capacity 4600K, committed 4608K, reserved 1048576K
}
Event: 7.072 GC heap before
{Heap before GC invocations=81 (full 2):
 def new generation   total 7424K, used 7224K [0x00000000f0800000, 0x00000000f1000000, 0x00000000f5aa0000)
  eden space 6656K, 100% used [0x00000000f0800000, 0x00000000f0e80000, 0x00000000f0e80000)
  from space 768K,  73% used [0x00000000f0e80000, 0x00000000f0f0e0c0, 0x00000000f0f40000)
  to   space 768K,   0% used [0x00000000f0f40000, 0x00000000f0f40000, 0x00000000f1000000)
 tenured generation   total 16244K, used 13744K [0x00000000f5aa0000, 0x00000000f6a7d000, 0x0000000100000000)
   the space 16244K,  84% used [0x00000000f5aa0000, 0x00000000f680c300, 0x00000000f680c400, 0x00000000f6a7d000)
 Metaspace       used 34203K, capacity 35536K, committed 35584K, reserved 1081344K
  class space    used 4312K, capacity 4606K, committed 4608K, reserved 1048576K
Event: 7.076 GC heap after
Heap after GC invocations=82 (full 2):
 def new generation   total 7424K, used 182K [0x00000000f0800000, 0x00000000f1000000, 0x00000000f5aa0000)
  eden space 6656K,   0% used [0x00000000f0800000, 0x00000000f0800000, 0x00000000f0e80000)
  from space 768K,  23% used [0x00000000f0f40000, 0x00000000f0f6d810, 0x00000000f1000000)
  to   space 768K,   0% used [0x00000000f0e80000, 0x00000000f0e80000, 0x00000000f0f40000)
 tenured generation   total 16244K, used 14171K [0x00000000f5aa0000, 0x00000000f6a7d000, 0x0000000100000000)
   the space 16244K,  87% used [0x00000000f5aa0000, 0x00000000f6876df8, 0x00000000f6876e00, 0x00000000f6a7d000)
 Metaspace       used 34203K, capacity 35536K, committed 35584K, reserved 1081344K
  class space    used 4312K, capacity 4606K, committed 4608K, reserved 1048576K
}
Event: 7.197 GC heap before
{Heap before GC invocations=82 (full 2):
 def new generation   total 7424K, used 6810K [0x00000000f0800000, 0x00000000f1000000, 0x00000000f5aa0000)
  eden space 6656K,  99% used [0x00000000f0800000, 0x00000000f0e791f8, 0x00000000f0e80000)
  from space 768K,  23% used [0x00000000f0f40000, 0x00000000f0f6d810, 0x00000000f1000000)
  to   space 768K,   0% used [0x00000000f0e80000, 0x00000000f0e80000, 0x00000000f0f40000)
 tenured generation   total 16244K, used 14171K [0x00000000f5aa0000, 0x00000000f6a7d000, 0x0000000100000000)
   the space 16244K,  87% used [0x00000000f5aa0000, 0x00000000f6876df8, 0x00000000f6876e00, 0x00000000f6a7d000)
 Metaspace       used 35338K, capacity 36760K, committed 36992K, reserved 1081344K
  class space    used 4429K, capacity 4736K, committed 4736K, reserved 1048576K
Event: 7.200 GC heap after
Heap after GC invocations=83 (full 2):
 def new generation   total 7424K, used 768K [0x00000000f0800000, 0x00000000f1000000, 0x00000000f5aa0000)
  eden space 6656K,   0% used [0x00000000f0800000, 0x00000000f0800000, 0x00000000f0e80000)
  from space 768K, 100% used [0x00000000f0e80000, 0x00000000f0f40000, 0x00000000f0f40000)
  to   space 768K,   0% used [0x00000000f0f40000, 0x00000000f0f40000, 0x00000000f1000000)
 tenured generation   total 16244K, used 14490K [0x00000000f5aa0000, 0x00000000f6a7d000, 0x0000000100000000)
   the space 16244K,  89% used [0x00000000f5aa0000, 0x00000000f68c6958, 0x00000000f68c6a00, 0x00000000f6a7d000)
 Metaspace       used 35338K, capacity 36760K, committed 36992K, reserved 1081344K
  class space    used 4429K, capacity 4736K, committed 4736K, reserved 1048576K
}
Event: 7.369 GC heap before
{Heap before GC invocations=83 (full 2):
 def new generation   total 7424K, used 7424K [0x00000000f0800000, 0x00000000f1000000, 0x00000000f5aa0000)
  eden space 6656K, 100% used [0x00000000f0800000, 0x00000000f0e80000, 0x00000000f0e80000)
  from space 768K, 100% used [0x00000000f0e80000, 0x00000000f0f40000, 0x00000000f0f40000)
  to   space 768K,   0% used [0x00000000f0f40000, 0x00000000f0f40000, 0x00000000f1000000)
 tenured generation   total 16244K, used 14490K [0x00000000f5aa0000, 0x00000000f6a7d000, 0x0000000100000000)
   the space 16244K,  89% used [0x00000000f5aa0000, 0x00000000f68c6958, 0x00000000f68c6a00, 0x00000000f6a7d000)
 Metaspace       used 36719K, capacity 38104K, committed 38144K, reserved 1083392K
  class space    used 4570K, capacity 4864K, committed 4864K, reserved 1048576K
Event: 7.377 GC heap after
Heap after GC invocations=84 (full 2):
 def new generation   total 7424K, used 768K [0x00000000f0800000, 0x00000000f1000000, 0x00000000f5aa0000)
  eden space 6656K,   0% used [0x00000000f0800000, 0x00000000f0800000, 0x00000000f0e80000)
  from space 768K, 100% used [0x00000000f0f40000, 0x00000000f1000000, 0x00000000f1000000)
  to   space 768K,   0% used [0x00000000f0e80000, 0x00000000f0e80000, 0x00000000f0f40000)
 tenured generation   total 16244K, used 15622K [0x00000000f5aa0000, 0x00000000f6a7d000, 0x0000000100000000)
   the space 16244K,  96% used [0x00000000f5aa0000, 0x00000000f69e1920, 0x00000000f69e1a00, 0x00000000f6a7d000)
 Metaspace       used 36719K, capacity 38104K, committed 38144K, reserved 1083392K
  class space    used 4570K, capacity 4864K, committed 4864K, reserved 1048576K
}
Event: 7.543 GC heap before
{Heap before GC invocations=84 (full 2):
 def new generation   total 7424K, used 7424K [0x00000000f0800000, 0x00000000f1000000, 0x00000000f5aa0000)
  eden space 6656K, 100% used [0x00000000f0800000, 0x00000000f0e80000, 0x00000000f0e80000)
  from space 768K, 100% used [0x00000000f0f40000, 0x00000000f1000000, 0x00000000f1000000)
  to   space 768K,   0% used [0x00000000f0e80000, 0x00000000f0e80000, 0x00000000f0f40000)
 tenured generation   total 16244K, used 15622K [0x00000000f5aa0000, 0x00000000f6a7d000, 0x0000000100000000)
   the space 16244K,  96% used [0x00000000f5aa0000, 0x00000000f69e1920, 0x00000000f69e1a00, 0x00000000f6a7d000)
 Metaspace       used 37800K, capacity 39144K, committed 39424K, reserved 1083392K
  class space    used 4689K, capacity 4996K, committed 5120K, reserved 1048576K
Event: 7.603 GC heap after
Heap after GC invocations=85 (full 3):
 def new generation   total 11968K, used 0K [0x00000000f0800000, 0x00000000f14f0000, 0x00000000f5aa0000)
  eden space 10688K,   0% used [0x00000000f0800000, 0x00000000f0800000, 0x00000000f1270000)
  from space 1280K,   0% used [0x00000000f1270000, 0x00000000f1270000, 0x00000000f13b0000)
  to   space 1280K,   0% used [0x00000000f13b0000, 0x00000000f13b0000, 0x00000000f14f0000)
 tenured generation   total 26400K, used 15838K [0x00000000f5aa0000, 0x00000000f7468000, 0x0000000100000000)
   the space 26400K,  59% used [0x00000000f5aa0000, 0x00000000f6a17b00, 0x00000000f6a17c00, 0x00000000f7468000)
 Metaspace       used 37800K, capacity 39144K, committed 39424K, reserved 1083392K
  class space    used 4689K, capacity 4996K, committed 5120K, reserved 1048576K
}
Event: 7.782 GC heap before
{Heap before GC invocations=85 (full 3):
 def new generation   total 11968K, used 10581K [0x00000000f0800000, 0x00000000f14f0000, 0x00000000f5aa0000)
  eden space 10688K,  99% used [0x00000000f0800000, 0x00000000f12555d8, 0x00000000f1270000)
  from space 1280K,   0% used [0x00000000f1270000, 0x00000000f1270000, 0x00000000f13b0000)
  to   space 1280K,   0% used [0x00000000f13b0000, 0x00000000f13b0000, 0x00000000f14f0000)
 tenured generation   total 26400K, used 15838K [0x00000000f5aa0000, 0x00000000f7468000, 0x0000000100000000)
   the space 26400K,  59% used [0x00000000f5aa0000, 0x00000000f6a17b00, 0x00000000f6a17c00, 0x00000000f7468000)
 Metaspace       used 38483K, capacity 39890K, committed 40192K, reserved 1085440K
  class space    used 4762K, capacity 5067K, committed 5120K, reserved 1048576K
Event: 7.786 GC heap after
Heap after GC invocations=86 (full 3):
 def new generation   total 11968K, used 897K [0x00000000f0800000, 0x00000000f14f0000, 0x00000000f5aa0000)
  eden space 10688K,   0% used [0x00000000f0800000, 0x00000000f0800000, 0x00000000f1270000)
  from space 1280K,  70% used [0x00000000f13b0000, 0x00000000f1490580, 0x00000000f14f0000)
  to   space 1280K,   0% used [0x00000000f1270000, 0x00000000f1270000, 0x00000000f13b0000)
 tenured generation   total 26400K, used 15838K [0x00000000f5aa0000, 0x00000000f7468000, 0x0000000100000000)
   the space 26400K,  59% used [0x00000000f5aa0000, 0x00000000f6a17b00, 0x00000000f6a17c00, 0x00000000f7468000)
 Metaspace       used 38483K, capacity 39890K, committed 40192K, reserved 1085440K
  class space    used 4762K, capacity 5067K, committed 5120K, reserved 1048576K
}
Event: 7.909 GC heap before
{Heap before GC invocations=86 (full 3):
 def new generation   total 11968K, used 11585K [0x00000000f0800000, 0x00000000f14f0000, 0x00000000f5aa0000)
  eden space 10688K, 100% used [0x00000000f0800000, 0x00000000f1270000, 0x00000000f1270000)
  from space 1280K,  70% used [0x00000000f13b0000, 0x00000000f1490580, 0x00000000f14f0000)
  to   space 1280K,   0% used [0x00000000f1270000, 0x00000000f1270000, 0x00000000f13b0000)
 tenured generation   total 26400K, used 15838K [0x00000000f5aa0000, 0x00000000f7468000, 0x0000000100000000)
   the space 26400K,  59% used [0x00000000f5aa0000, 0x00000000f6a17b00, 0x00000000f6a17c00, 0x00000000f7468000)
 Metaspace       used 39470K, capacity 40852K, committed 41216K, reserved 1085440K
  class space    used 4953K, capacity 5260K, committed 5376K, reserved 1048576K
Event: 7.913 GC heap after
Heap after GC invocations=87 (full 3):
 def new generation   total 11968K, used 864K [0x00000000f0800000, 0x00000000f14f0000, 0x00000000f5aa0000)
  eden space 10688K,   0% used [0x00000000f0800000, 0x00000000f0800000, 0x00000000f1270000)
  from space 1280K,  67% used [0x00000000f1270000, 0x00000000f1348348, 0x00000000f13b0000)
  to   space 1280K,   0% used [0x00000000f13b0000, 0x00000000f13b0000, 0x00000000f14f0000)
 tenured generation   total 26400K, used 16229K [0x00000000f5aa0000, 0x00000000f7468000, 0x0000000100000000)
   the space 26400K,  61% used [0x00000000f5aa0000, 0x00000000f6a79450, 0x00000000f6a79600, 0x00000000f7468000)
 Metaspace       used 39470K, capacity 40852K, committed 41216K, reserved 1085440K
  class space    used 4953K, capacity 5260K, committed 5376K, reserved 1048576K
}
Event: 8.058 GC heap before
{Heap before GC invocations=87 (full 3):
 def new generation   total 11968K, used 11552K [0x00000000f0800000, 0x00000000f14f0000, 0x00000000f5aa0000)
  eden space 10688K, 100% used [0x00000000f0800000, 0x00000000f1270000, 0x00000000f1270000)
  from space 1280K,  67% used [0x00000000f1270000, 0x00000000f1348348, 0x00000000f13b0000)
  to   space 1280K,   0% used [0x00000000f13b0000, 0x00000000f13b0000, 0x00000000f14f0000)
 tenured generation   total 26400K, used 16229K [0x00000000f5aa0000, 0x00000000f7468000, 0x0000000100000000)
   the space 26400K,  61% used [0x00000000f5aa0000, 0x00000000f6a79450, 0x00000000f6a79600, 0x00000000f7468000)
 Metaspace       used 40150K, capacity 41556K, committed 41856K, reserved 1085440K
  class space    used 5067K, capacity 5388K, committed 5504K, reserved 1048576K
Event: 8.061 GC heap after
Heap after GC invocations=88 (full 3):
 def new generation   total 11968K, used 668K [0x00000000f0800000, 0x00000000f14f0000, 0x00000000f5aa0000)
  eden space 10688K,   0% used [0x00000000f0800000, 0x00000000f0800000, 0x00000000f1270000)
  from space 1280K,  52% used [0x00000000f13b0000, 0x00000000f1457360, 0x00000000f14f0000)
  to   space 1280K,   0% used [0x00000000f1270000, 0x00000000f1270000, 0x00000000f13b0000)
 tenured generation   total 26400K, used 16362K [0x00000000f5aa0000, 0x00000000f7468000, 0x0000000100000000)
   the space 26400K,  61% used [0x00000000f5aa0000, 0x00000000f6a9a908, 0x00000000f6a9aa00, 0x00000000f7468000)
 Metaspace       used 40150K, capacity 41556K, committed 41856K, reserved 1085440K
  class space    used 5067K, capacity 5388K, committed 5504K, reserved 1048576K
}
Event: 8.164 GC heap before
{Heap before GC invocations=88 (full 3):
 def new generation   total 11968K, used 11356K [0x00000000f0800000, 0x00000000f14f0000, 0x00000000f5aa0000)
  eden space 10688K, 100% used [0x00000000f0800000, 0x00000000f1270000, 0x00000000f1270000)
  from space 1280K,  52% used [0x00000000f13b0000, 0x00000000f1457360, 0x00000000f14f0000)
  to   space 1280K,   0% used [0x00000000f1270000, 0x00000000f1270000, 0x00000000f13b0000)
 tenured generation   total 26400K, used 16362K [0x00000000f5aa0000, 0x00000000f7468000, 0x0000000100000000)
   the space 26400K,  61% used [0x00000000f5aa0000, 0x00000000f6a9a908, 0x00000000f6a9aa00, 0x00000000f7468000)
 Metaspace       used 40671K, capacity 42134K, committed 42496K, reserved 1085440K
  class space    used 5178K, capacity 5517K, committed 5632K, reserved 1048576K
Event: 8.166 GC heap after
Heap after GC invocations=89 (full 3):
 def new generation   total 11968K, used 655K [0x00000000f0800000, 0x00000000f14f0000, 0x00000000f5aa0000)
  eden space 10688K,   0% used [0x00000000f0800000, 0x00000000f0800000, 0x00000000f1270000)
  from space 1280K,  51% used [0x00000000f1270000, 0x00000000f1313ec0, 0x00000000f13b0000)
  to   space 1280K,   0% used [0x00000000f13b0000, 0x00000000f13b0000, 0x00000000f14f0000)
 tenured generation   total 26400K, used 16459K [0x00000000f5aa0000, 0x00000000f7468000, 0x0000000100000000)
   the space 26400K,  62% used [0x00000000f5aa0000, 0x00000000f6ab2f60, 0x00000000f6ab3000, 0x00000000f7468000)
 Metaspace       used 40671K, capacity 42134K, committed 42496K, reserved 1085440K
  class space    used 5178K, capacity 5517K, committed 5632K, reserved 1048576K
}
Event: 8.314 GC heap before
{Heap before GC invocations=89 (full 3):
 def new generation   total 11968K, used 11343K [0x00000000f0800000, 0x00000000f14f0000, 0x00000000f5aa0000)
  eden space 10688K, 100% used [0x00000000f0800000, 0x00000000f1270000, 0x00000000f1270000)
  from space 1280K,  51% used [0x00000000f1270000, 0x00000000f1313ec0, 0x00000000f13b0000)
  to   space 1280K,   0% used [0x00000000f13b0000, 0x00000000f13b0000, 0x00000000f14f0000)
 tenured generation   total 26400K, used 16459K [0x00000000f5aa0000, 0x00000000f7468000, 0x0000000100000000)
   the space 26400K,  62% used [0x00000000f5aa0000, 0x00000000f6ab2f60, 0x00000000f6ab3000, 0x00000000f7468000)
 Metaspace       used 41326K, capacity 42760K, committed 43008K, reserved 1087488K
  class space    used 5283K, capacity 5616K, committed 5632K, reserved 1048576K
Event: 8.317 GC heap after
Heap after GC invocations=90 (full 3):
 def new generation   total 11968K, used 745K [0x00000000f0800000, 0x00000000f14f0000, 0x00000000f5aa0000)
  eden space 10688K,   0% used [0x00000000f0800000, 0x00000000f0800000, 0x00000000f1270000)
  from space 1280K,  58% used [0x00000000f13b0000, 0x00000000f146a550, 0x00000000f14f0000)
  to   space 1280K,   0% used [0x00000000f1270000, 0x00000000f1270000, 0x00000000f13b0000)
 tenured generation   total 26400K, used 16557K [0x00000000f5aa0000, 0x00000000f7468000, 0x0000000100000000)
   the space 26400K,  62% used [0x00000000f5aa0000, 0x00000000f6acb688, 0x00000000f6acb800, 0x00000000f7468000)
 Metaspace       used 41326K, capacity 42760K, committed 43008K, reserved 1087488K
  class space    used 5283K, capacity 5616K, committed 5632K, reserved 1048576K
}
Event: 8.484 GC heap before
{Heap before GC invocations=90 (full 3):
 def new generation   total 11968K, used 11433K [0x00000000f0800000, 0x00000000f14f0000, 0x00000000f5aa0000)
  eden space 10688K, 100% used [0x00000000f0800000, 0x00000000f1270000, 0x00000000f1270000)
  from space 1280K,  58% used [0x00000000f13b0000, 0x00000000f146a550, 0x00000000f14f0000)
  to   space 1280K,   0% used [0x00000000f1270000, 0x00000000f1270000, 0x00000000f13b0000)
 tenured generation   total 26400K, used 16557K [0x00000000f5aa0000, 0x00000000f7468000, 0x0000000100000000)
   the space 26400K,  62% used [0x00000000f5aa0000, 0x00000000f6acb688, 0x00000000f6acb800, 0x00000000f7468000)
 Metaspace       used 42352K, capacity 43778K, committed 44032K, reserved 1087488K
  class space    used 5515K, capacity 5849K, committed 5888K, reserved 1048576K
Event: 8.487 GC heap after
Heap after GC invocations=91 (full 3):
 def new generation   total 11968K, used 989K [0x00000000f0800000, 0x00000000f14f0000, 0x00000000f5aa0000)
  eden space 10688K,   0% used [0x00000000f0800000, 0x00000000f0800000, 0x00000000f1270000)
  from space 1280K,  77% used [0x00000000f1270000, 0x00000000f13674e8, 0x00000000f13b0000)
  to   space 1280K,   0% used [0x00000000f13b0000, 0x00000000f13b0000, 0x00000000f14f0000)
 tenured generation   total 26400K, used 16735K [0x00000000f5aa0000, 0x00000000f7468000, 0x0000000100000000)
   the space 26400K,  63% used [0x00000000f5aa0000, 0x00000000f6af7e40, 0x00000000f6af8000, 0x00000000f7468000)
 Metaspace       used 42352K, capacity 43778K, committed 44032K, reserved 1087488K
  class space    used 5515K, capacity 5849K, committed 5888K, reserved 1048576K
}
Event: 8.642 GC heap before
{Heap before GC invocations=91 (full 3):
 def new generation   total 11968K, used 11677K [0x00000000f0800000, 0x00000000f14f0000, 0x00000000f5aa0000)
  eden space 10688K, 100% used [0x00000000f0800000, 0x00000000f1270000, 0x00000000f1270000)
  from space 1280K,  77% used [0x00000000f1270000, 0x00000000f13674e8, 0x00000000f13b0000)
  to   space 1280K,   0% used [0x00000000f13b0000, 0x00000000f13b0000, 0x00000000f14f0000)
 tenured generation   total 26400K, used 16735K [0x00000000f5aa0000, 0x00000000f7468000, 0x0000000100000000)
   the space 26400K,  63% used [0x00000000f5aa0000, 0x00000000f6af7e40, 0x00000000f6af8000, 0x00000000f7468000)
 Metaspace       used 43208K, capacity 44644K, committed 44928K, reserved 1087488K
  class space    used 5626K, capacity 5946K, committed 6016K, reserved 1048576K
Event: 8.645 GC heap after
Heap after GC invocations=92 (full 3):
 def new generation   total 11968K, used 836K [0x00000000f0800000, 0x00000000f14f0000, 0x00000000f5aa0000)
  eden space 10688K,   0% used [0x00000000f0800000, 0x00000000f0800000, 0x00000000f1270000)
  from space 1280K,  65% used [0x00000000f13b0000, 0x00000000f1481030, 0x00000000f14f0000)
  to   space 1280K,   0% used [0x00000000f1270000, 0x00000000f1270000, 0x00000000f13b0000)
 tenured generation   total 26400K, used 16949K [0x00000000f5aa0000, 0x00000000f7468000, 0x0000000100000000)
   the space 26400K,  64% used [0x00000000f5aa0000, 0x00000000f6b2d548, 0x00000000f6b2d600, 0x00000000f7468000)
 Metaspace       used 43208K, capacity 44644K, committed 44928K, reserved 1087488K
  class space    used 5626K, capacity 5946K, committed 6016K, reserved 1048576K
}
Event: 8.888 GC heap before
{Heap before GC invocations=92 (full 3):
 def new generation   total 11968K, used 11524K [0x00000000f0800000, 0x00000000f14f0000, 0x00000000f5aa0000)
  eden space 10688K, 100% used [0x00000000f0800000, 0x00000000f1270000, 0x00000000f1270000)
  from space 1280K,  65% used [0x00000000f13b0000, 0x00000000f1481030, 0x00000000f14f0000)
  to   space 1280K,   0% used [0x00000000f1270000, 0x00000000f1270000, 0x00000000f13b0000)
 tenured generation   total 26400K, used 16949K [0x00000000f5aa0000, 0x00000000f7468000, 0x0000000100000000)
   the space 26400K,  64% used [0x00000000f5aa0000, 0x00000000f6b2d548, 0x00000000f6b2d600, 0x00000000f7468000)
 Metaspace       used 44520K, capacity 45962K, committed 46336K, reserved 1089536K
  class space    used 5788K, capacity 6107K, committed 6144K, reserved 1048576K
Event: 8.892 GC heap after
Heap after GC invocations=93 (full 3):
 def new generation   total 11968K, used 1279K [0x00000000f0800000, 0x00000000f14f0000, 0x00000000f5aa0000)
  eden space 10688K,   0% used [0x00000000f0800000, 0x00000000f0800000, 0x00000000f1270000)
  from space 1280K,  99% used [0x00000000f1270000, 0x00000000f13aff50, 0x00000000f13b0000)
  to   space 1280K,   0% used [0x00000000f13b0000, 0x00000000f13b0000, 0x00000000f14f0000)
 tenured generation   total 26400K, used 17073K [0x00000000f5aa0000, 0x00000000f7468000, 0x0000000100000000)
   the space 26400K,  64% used [0x00000000f5aa0000, 0x00000000f6b4c778, 0x00000000f6b4c800, 0x00000000f7468000)
 Metaspace       used 44520K, capacity 45962K, committed 46336K, reserved 1089536K
  class space    used 5788K, capacity 6107K, committed 6144K, reserved 1048576K
}
Event: 9.065 GC heap before
{Heap before GC invocations=93 (full 3):
 def new generation   total 11968K, used 11967K [0x00000000f0800000, 0x00000000f14f0000, 0x00000000f5aa0000)
  eden space 10688K, 100% used [0x00000000f0800000, 0x00000000f1270000, 0x00000000f1270000)
  from space 1280K,  99% used [0x00000000f1270000, 0x00000000f13aff50, 0x00000000f13b0000)
  to   space 1280K,   0% used [0x00000000f13b0000, 0x00000000f13b0000, 0x00000000f14f0000)
 tenured generation   total 26400K, used 17073K [0x00000000f5aa0000, 0x00000000f7468000, 0x0000000100000000)
   the space 26400K,  64% used [0x00000000f5aa0000, 0x00000000f6b4c778, 0x00000000f6b4c800, 0x00000000f7468000)
 Metaspace       used 45319K, capacity 46698K, committed 46976K, reserved 1089536K
  class space    used 5897K, capacity 6203K, committed 6272K, reserved 1048576K
Event: 9.069 GC heap after
Heap after GC invocations=94 (full 3):
 def new generation   total 11968K, used 744K [0x00000000f0800000, 0x00000000f14f0000, 0x00000000f5aa0000)
  eden space 10688K,   0% used [0x00000000f0800000, 0x00000000f0800000, 0x00000000f1270000)
  from space 1280K,  58% used [0x00000000f13b0000, 0x00000000f146a2a8, 0x00000000f14f0000)
  to   space 1280K,   0% used [0x00000000f1270000, 0x00000000f1270000, 0x00000000f13b0000)
 tenured generation   total 26400K, used 17480K [0x00000000f5aa0000, 0x00000000f7468000, 0x0000000100000000)
   the space 26400K,  66% used [0x00000000f5aa0000, 0x00000000f6bb2348, 0x00000000f6bb2400, 0x00000000f7468000)
 Metaspace       used 45319K, capacity 46698K, committed 46976K, reserved 1089536K
  class space    used 5897K, capacity 6203K, committed 6272K, reserved 1048576K
}
Event: 9.175 GC heap before
{Heap before GC invocations=94 (full 3):
 def new generation   total 11968K, used 11432K [0x00000000f0800000, 0x00000000f14f0000, 0x00000000f5aa0000)
  eden space 10688K, 100% used [0x00000000f0800000, 0x00000000f1270000, 0x00000000f1270000)
  from space 1280K,  58% used [0x00000000f13b0000, 0x00000000f146a2a8, 0x00000000f14f0000)
  to   space 1280K,   0% used [0x00000000f1270000, 0x00000000f1270000, 0x00000000f13b0000)
 tenured generation   total 26400K, used 17480K [0x00000000f5aa0000, 0x00000000f7468000, 0x0000000100000000)
   the space 26400K,  66% used [0x00000000f5aa0000, 0x00000000f6bb2348, 0x00000000f6bb2400, 0x00000000f7468000)
 Metaspace       used 46180K, capacity 47670K, committed 48128K, reserved 1091584K
  class space    used 6017K, capacity 6333K, committed 6400K, reserved 1048576K
Event: 9.178 GC heap after
Heap after GC invocations=95 (full 3):
 def new generation   total 11968K, used 893K [0x00000000f0800000, 0x00000000f14f0000, 0x00000000f5aa0000)
  eden space 10688K,   0% used [0x00000000f0800000, 0x00000000f0800000, 0x00000000f1270000)
  from space 1280K,  69% used [0x00000000f1270000, 0x00000000f134f518, 0x00000000f13b0000)
  to   space 1280K,   0% used [0x00000000f13b0000, 0x00000000f13b0000, 0x00000000f14f0000)
 tenured generation   total 26400K, used 17592K [0x00000000f5aa0000, 0x00000000f7468000, 0x0000000100000000)
   the space 26400K,  66% used [0x00000000f5aa0000, 0x00000000f6bce3c8, 0x00000000f6bce400, 0x00000000f7468000)
 Metaspace       used 46180K, capacity 47670K, committed 48128K, reserved 1091584K
  class space    used 6017K, capacity 6333K, committed 6400K, reserved 1048576K
}
Event: 9.310 GC heap before
{Heap before GC invocations=95 (full 3):
 def new generation   total 11968K, used 11581K [0x00000000f0800000, 0x00000000f14f0000, 0x00000000f5aa0000)
  eden space 10688K, 100% used [0x00000000f0800000, 0x00000000f1270000, 0x00000000f1270000)
  from space 1280K,  69% used [0x00000000f1270000, 0x00000000f134f518, 0x00000000f13b0000)
  to   space 1280K,   0% used [0x00000000f13b0000, 0x00000000f13b0000, 0x00000000f14f0000)
 tenured generation   total 26400K, used 17592K [0x00000000f5aa0000, 0x00000000f7468000, 0x0000000100000000)
   the space 26400K,  66% used [0x00000000f5aa0000, 0x00000000f6bce3c8, 0x00000000f6bce400, 0x00000000f7468000)
 Metaspace       used 46834K, capacity 48260K, committed 48640K, reserved 1091584K
  class space    used 6099K, capacity 6400K, committed 6400K, reserved 1048576K
Event: 9.316 GC heap after
Heap after GC invocations=96 (full 3):
 def new generation   total 11968K, used 785K [0x00000000f0800000, 0x00000000f14f0000, 0x00000000f5aa0000)
  eden space 10688K,   0% used [0x00000000f0800000, 0x00000000f0800000, 0x00000000f1270000)
  from space 1280K,  61% used [0x00000000f13b0000, 0x00000000f1474660, 0x00000000f14f0000)
  to   space 1280K,   0% used [0x00000000f1270000, 0x00000000f1270000, 0x00000000f13b0000)
 tenured generation   total 26400K, used 17767K [0x00000000f5aa0000, 0x00000000f7468000, 0x0000000100000000)
   the space 26400K,  67% used [0x00000000f5aa0000, 0x00000000f6bf9df0, 0x00000000f6bf9e00, 0x00000000f7468000)
 Metaspace       used 46834K, capacity 48260K, committed 48640K, reserved 1091584K
  class space    used 6099K, capacity 6400K, committed 6400K, reserved 1048576K
}
Event: 9.495 GC heap before
{Heap before GC invocations=96 (full 3):
 def new generation   total 11968K, used 11473K [0x00000000f0800000, 0x00000000f14f0000, 0x00000000f5aa0000)
  eden space 10688K, 100% used [0x00000000f0800000, 0x00000000f1270000, 0x00000000f1270000)
  from space 1280K,  61% used [0x00000000f13b0000, 0x00000000f1474660, 0x00000000f14f0000)
  to   space 1280K,   0% used [0x00000000f1270000, 0x00000000f1270000, 0x00000000f13b0000)
 tenured generation   total 26400K, used 17767K [0x00000000f5aa0000, 0x00000000f7468000, 0x0000000100000000)
   the space 26400K,  67% used [0x00000000f5aa0000, 0x00000000f6bf9df0, 0x00000000f6bf9e00, 0x00000000f7468000)
 Metaspace       used 47764K, capacity 49192K, committed 49664K, reserved 1091584K
  class space    used 6226K, capacity 6538K, committed 6656K, reserved 1048576K
Event: 9.499 GC heap after
Heap after GC invocations=97 (full 3):
 def new generation   total 11968K, used 795K [0x00000000f0800000, 0x00000000f14f0000, 0x00000000f5aa0000)
  eden space 10688K,   0% used [0x00000000f0800000, 0x00000000f0800000, 0x00000000f1270000)
  from space 1280K,  62% used [0x00000000f1270000, 0x00000000f1336ee8, 0x00000000f13b0000)
  to   space 1280K,   0% used [0x00000000f13b0000, 0x00000000f13b0000, 0x00000000f14f0000)
 tenured generation   total 26400K, used 18015K [0x00000000f5aa0000, 0x00000000f7468000, 0x0000000100000000)
   the space 26400K,  68% used [0x00000000f5aa0000, 0x00000000f6c37e20, 0x00000000f6c38000, 0x00000000f7468000)
 Metaspace       used 47764K, capacity 49192K, committed 49664K, reserved 1091584K
  class space    used 6226K, capacity 6538K, committed 6656K, reserved 1048576K
}
Event: 9.597 GC heap before
{Heap before GC invocations=97 (full 3):
 def new generation   total 11968K, used 11483K [0x00000000f0800000, 0x00000000f14f0000, 0x00000000f5aa0000)
  eden space 10688K, 100% used [0x00000000f0800000, 0x00000000f1270000, 0x00000000f1270000)
  from space 1280K,  62% used [0x00000000f1270000, 0x00000000f1336ee8, 0x00000000f13b0000)
  to   space 1280K,   0% used [0x00000000f13b0000, 0x00000000f13b0000, 0x00000000f14f0000)
 tenured generation   total 26400K, used 18015K [0x00000000f5aa0000, 0x00000000f7468000, 0x0000000100000000)
   the space 26400K,  68% used [0x00000000f5aa0000, 0x00000000f6c37e20, 0x00000000f6c38000, 0x00000000f7468000)
 Metaspace       used 48431K, capacity 49888K, committed 50304K, reserved 1093632K
  class space    used 6389K, capacity 6702K, committed 6784K, reserved 1048576K
Event: 9.600 GC heap after
Heap after GC invocations=98 (full 3):
 def new generation   total 11968K, used 771K [0x00000000f0800000, 0x00000000f14f0000, 0x00000000f5aa0000)
  eden space 10688K,   0% used [0x00000000f0800000, 0x00000000f0800000, 0x00000000f1270000)
  from space 1280K,  60% used [0x00000000f13b0000, 0x00000000f1470fb0, 0x00000000f14f0000)
  to   space 1280K,   0% used [0x00000000f1270000, 0x00000000f1270000, 0x00000000f13b0000)
 tenured generation   total 26400K, used 18173K [0x00000000f5aa0000, 0x00000000f7468000, 0x0000000100000000)
   the space 26400K,  68% used [0x00000000f5aa0000, 0x00000000f6c5f580, 0x00000000f6c5f600, 0x00000000f7468000)
 Metaspace       used 48431K, capacity 49888K, committed 50304K, reserved 1093632K
  class space    used 6389K, capacity 6702K, committed 6784K, reserved 1048576K
}
Event: 9.699 GC heap before
{Heap before GC invocations=98 (full 3):
 def new generation   total 11968K, used 11459K [0x00000000f0800000, 0x00000000f14f0000, 0x00000000f5aa0000)
  eden space 10688K, 100% used [0x00000000f0800000, 0x00000000f1270000, 0x00000000f1270000)
  from space 1280K,  60% used [0x00000000f13b0000, 0x00000000f1470fb0, 0x00000000f14f0000)
  to   space 1280K,   0% used [0x00000000f1270000, 0x00000000f1270000, 0x00000000f13b0000)
 tenured generation   total 26400K, used 18173K [0x00000000f5aa0000, 0x00000000f7468000, 0x0000000100000000)
   the space 26400K,  68% used [0x00000000f5aa0000, 0x00000000f6c5f580, 0x00000000f6c5f600, 0x00000000f7468000)
 Metaspace       used 49109K, capacity 50634K, committed 50944K, reserved 1093632K
  class space    used 6504K, capacity 6837K, committed 6912K, reserved 1048576K
Event: 9.702 GC heap after
Heap after GC invocations=99 (full 3):
 def new generation   total 11968K, used 764K [0x00000000f0800000, 0x00000000f14f0000, 0x00000000f5aa0000)
  eden space 10688K,   0% used [0x00000000f0800000, 0x00000000f0800000, 0x00000000f1270000)
  from space 1280K,  59% used [0x00000000f1270000, 0x00000000f132f2d0, 0x00000000f13b0000)
  to   space 1280K,   0% used [0x00000000f13b0000, 0x00000000f13b0000, 0x00000000f14f0000)
 tenured generation   total 26400K, used 18269K [0x00000000f5aa0000, 0x00000000f7468000, 0x0000000100000000)
   the space 26400K,  69% used [0x00000000f5aa0000, 0x00000000f6c77520, 0x00000000f6c77600, 0x00000000f7468000)
 Metaspace       used 49109K, capacity 50634K, committed 50944K, reserved 1093632K
  class space    used 6504K, capacity 6837K, committed 6912K, reserved 1048576K
}
Event: 9.839 GC heap before
{Heap before GC invocations=99 (full 3):
 def new generation   total 11968K, used 11452K [0x00000000f0800000, 0x00000000f14f0000, 0x00000000f5aa0000)
  eden space 10688K, 100% used [0x00000000f0800000, 0x00000000f1270000, 0x00000000f1270000)
  from space 1280K,  59% used [0x00000000f1270000, 0x00000000f132f2d0, 0x00000000f13b0000)
  to   space 1280K,   0% used [0x00000000f13b0000, 0x00000000f13b0000, 0x00000000f14f0000)
 tenured generation   total 26400K, used 18269K [0x00000000f5aa0000, 0x00000000f7468000, 0x0000000100000000)
   the space 26400K,  69% used [0x00000000f5aa0000, 0x00000000f6c77520, 0x00000000f6c77600, 0x00000000f7468000)
 Metaspace       used 49811K, capacity 51348K, committed 51584K, reserved 1093632K
  class space    used 6620K, capacity 6968K, committed 7040K, reserved 1048576K
Event: 9.843 GC heap after
Heap after GC invocations=100 (full 3):
 def new generation   total 11968K, used 740K [0x00000000f0800000, 0x00000000f14f0000, 0x00000000f5aa0000)
  eden space 10688K,   0% used [0x00000000f0800000, 0x00000000f0800000, 0x00000000f1270000)
  from space 1280K,  57% used [0x00000000f13b0000, 0x00000000f14690a8, 0x00000000f14f0000)
  to   space 1280K,   0% used [0x00000000f1270000, 0x00000000f1270000, 0x00000000f13b0000)
 tenured generation   total 26400K, used 18338K [0x00000000f5aa0000, 0x00000000f7468000, 0x0000000100000000)
   the space 26400K,  69% used [0x00000000f5aa0000, 0x00000000f6c88a80, 0x00000000f6c88c00, 0x00000000f7468000)
 Metaspace       used 49811K, capacity 51348K, committed 51584K, reserved 1093632K
  class space    used 6620K, capacity 6968K, committed 7040K, reserved 1048576K
}
Event: 9.930 GC heap before
{Heap before GC invocations=100 (full 3):
 def new generation   total 11968K, used 11428K [0x00000000f0800000, 0x00000000f14f0000, 0x00000000f5aa0000)
  eden space 10688K, 100% used [0x00000000f0800000, 0x00000000f1270000, 0x00000000f1270000)
  from space 1280K,  57% used [0x00000000f13b0000, 0x00000000f14690a8, 0x00000000f14f0000)
  to   space 1280K,   0% used [0x00000000f1270000, 0x00000000f1270000, 0x00000000f13b0000)
 tenured generation   total 26400K, used 18338K [0x00000000f5aa0000, 0x00000000f7468000, 0x0000000100000000)
   the space 26400K,  69% used [0x00000000f5aa0000, 0x00000000f6c88a80, 0x00000000f6c88c00, 0x00000000f7468000)
 Metaspace       used 50594K, capacity 52188K, committed 52480K, reserved 1095680K
  class space    used 6745K, capacity 7098K, committed 7168K, reserved 1048576K
Event: 9.934 GC heap after
Heap after GC invocations=101 (full 3):
 def new generation   total 11968K, used 866K [0x00000000f0800000, 0x00000000f14f0000, 0x00000000f5aa0000)
  eden space 10688K,   0% used [0x00000000f0800000, 0x00000000f0800000, 0x00000000f1270000)
  from space 1280K,  67% used [0x00000000f1270000, 0x00000000f1348a88, 0x00000000f13b0000)
  to   space 1280K,   0% used [0x00000000f13b0000, 0x00000000f13b0000, 0x00000000f14f0000)
 tenured generation   total 26400K, used 18503K [0x00000000f5aa0000, 0x00000000f7468000, 0x0000000100000000)
   the space 26400K,  70% used [0x00000000f5aa0000, 0x00000000f6cb1d30, 0x00000000f6cb1e00, 0x00000000f7468000)
 Metaspace       used 50594K, capacity 52188K, committed 52480K, reserved 1095680K
  class space    used 6745K, capacity 7098K, committed 7168K, reserved 1048576K
}
Event: 10.084 GC heap before
{Heap before GC invocations=101 (full 3):
 def new generation   total 11968K, used 11554K [0x00000000f0800000, 0x00000000f14f0000, 0x00000000f5aa0000)
  eden space 10688K, 100% used [0x00000000f0800000, 0x00000000f1270000, 0x00000000f1270000)
  from space 1280K,  67% used [0x00000000f1270000, 0x00000000f1348a88, 0x00000000f13b0000)
  to   space 1280K,   0% used [0x00000000f13b0000, 0x00000000f13b0000, 0x00000000f14f0000)
 tenured generation   total 26400K, used 18503K [0x00000000f5aa0000, 0x00000000f7468000, 0x0000000100000000)
   the space 26400K,  70% used [0x00000000f5aa0000, 0x00000000f6cb1d30, 0x00000000f6cb1e00, 0x00000000f7468000)
 Metaspace       used 50988K, capacity 52482K, committed 52736K, reserved 1095680K
  class space    used 6792K, capacity 7131K, committed 7168K, reserved 1048576K
Event: 10.088 GC heap after
Heap after GC invocations=102 (full 3):
 def new generation   total 11968K, used 541K [0x00000000f0800000, 0x00000000f14f0000, 0x00000000f5aa0000)
  eden space 10688K,   0% used [0x00000000f0800000, 0x00000000f0800000, 0x00000000f1270000)
  from space 1280K,  42% used [0x00000000f13b0000, 0x00000000f14375d8, 0x00000000f14f0000)
  to   space 1280K,   0% used [0x00000000f1270000, 0x00000000f1270000, 0x00000000f13b0000)
 tenured generation   total 26400K, used 18645K [0x00000000f5aa0000, 0x00000000f7468000, 0x0000000100000000)
   the space 26400K,  70% used [0x00000000f5aa0000, 0x00000000f6cd5400, 0x00000000f6cd5400, 0x00000000f7468000)
 Metaspace       used 50988K, capacity 52482K, committed 52736K, reserved 1095680K
  class space    used 6792K, capacity 7131K, committed 7168K, reserved 1048576K
}
Event: 10.251 GC heap before
{Heap before GC invocations=102 (full 3):
 def new generation   total 11968K, used 11229K [0x00000000f0800000, 0x00000000f14f0000, 0x00000000f5aa0000)
  eden space 10688K, 100% used [0x00000000f0800000, 0x00000000f1270000, 0x00000000f1270000)
  from space 1280K,  42% used [0x00000000f13b0000, 0x00000000f14375d8, 0x00000000f14f0000)
  to   space 1280K,   0% used [0x00000000f1270000, 0x00000000f1270000, 0x00000000f13b0000)
 tenured generation   total 26400K, used 18645K [0x00000000f5aa0000, 0x00000000f7468000, 0x0000000100000000)
   the space 26400K,  70% used [0x00000000f5aa0000, 0x00000000f6cd5400, 0x00000000f6cd5400, 0x00000000f7468000)
 Metaspace       used 51294K, capacity 52862K, committed 53376K, reserved 1095680K
  class space    used 6826K, capacity 7171K, committed 7296K, reserved 1048576K
Event: 10.256 GC heap after
Heap after GC invocations=103 (full 3):
 def new generation   total 11968K, used 1193K [0x00000000f0800000, 0x00000000f14f0000, 0x00000000f5aa0000)
  eden space 10688K,   0% used [0x00000000f0800000, 0x00000000f0800000, 0x00000000f1270000)
  from space 1280K,  93% used [0x00000000f1270000, 0x00000000f139a578, 0x00000000f13b0000)
  to   space 1280K,   0% used [0x00000000f13b0000, 0x00000000f13b0000, 0x00000000f14f0000)
 tenured generation   total 26400K, used 18645K [0x00000000f5aa0000, 0x00000000f7468000, 0x0000000100000000)
   the space 26400K,  70% used [0x00000000f5aa0000, 0x00000000f6cd5400, 0x00000000f6cd5400, 0x00000000f7468000)
 Metaspace       used 51294K, capacity 52862K, committed 53376K, reserved 1095680K
  class space    used 6826K, capacity 7171K, committed 7296K, reserved 1048576K
}
Event: 10.435 GC heap before
{Heap before GC invocations=103 (full 3):
 def new generation   total 11968K, used 11881K [0x00000000f0800000, 0x00000000f14f0000, 0x00000000f5aa0000)
  eden space 10688K, 100% used [0x00000000f0800000, 0x00000000f1270000, 0x00000000f1270000)
  from space 1280K,  93% used [0x00000000f1270000, 0x00000000f139a578, 0x00000000f13b0000)
  to   space 1280K,   0% used [0x00000000f13b0000, 0x00000000f13b0000, 0x00000000f14f0000)
 tenured generation   total 26400K, used 18645K [0x00000000f5aa0000, 0x00000000f7468000, 0x0000000100000000)
   the space 26400K,  70% used [0x00000000f5aa0000, 0x00000000f6cd5400, 0x00000000f6cd5400, 0x00000000f7468000)
 Metaspace       used 52466K, capacity 54058K, committed 54272K, reserved 1095680K
  class space    used 6969K, capacity 7325K, committed 7424K, reserved 1048576K
Event: 10.441 GC heap after
Heap after GC invocations=104 (full 3):
 def new generation   total 11968K, used 962K [0x00000000f0800000, 0x00000000f14f0000, 0x00000000f5aa0000)
  eden space 10688K,   0% used [0x00000000f0800000, 0x00000000f0800000, 0x00000000f1270000)
  from space 1280K,  75% used [0x00000000f13b0000, 0x00000000f14a0990, 0x00000000f14f0000)
  to   space 1280K,   0% used [0x00000000f1270000, 0x00000000f1270000, 0x00000000f13b0000)
 tenured generation   total 26400K, used 19617K [0x00000000f5aa0000, 0x00000000f7468000, 0x0000000100000000)
   the space 26400K,  74% used [0x00000000f5aa0000, 0x00000000f6dc87d0, 0x00000000f6dc8800, 0x00000000f7468000)
 Metaspace       used 52466K, capacity 54058K, committed 54272K, reserved 1095680K
  class space    used 6969K, capacity 7325K, committed 7424K, reserved 1048576K
}
Event: 10.695 GC heap before
{Heap before GC invocations=104 (full 3):
 def new generation   total 11968K, used 11650K [0x00000000f0800000, 0x00000000f14f0000, 0x00000000f5aa0000)
  eden space 10688K, 100% used [0x00000000f0800000, 0x00000000f1270000, 0x00000000f1270000)
  from space 1280K,  75% used [0x00000000f13b0000, 0x00000000f14a0990, 0x00000000f14f0000)
  to   space 1280K,   0% used [0x00000000f1270000, 0x00000000f1270000, 0x00000000f13b0000)
 tenured generation   total 26400K, used 19617K [0x00000000f5aa0000, 0x00000000f7468000, 0x0000000100000000)
   the space 26400K,  74% used [0x00000000f5aa0000, 0x00000000f6dc87d0, 0x00000000f6dc8800, 0x00000000f7468000)
 Metaspace       used 53563K, capacity 55586K, committed 55808K, reserved 1097728K
  class space    used 7151K, capacity 7569K, committed 7680K, reserved 1048576K
Event: 10.700 GC heap after
Heap after GC invocations=105 (full 3):
 def new generation   total 11968K, used 1080K [0x00000000f0800000, 0x00000000f14f0000, 0x00000000f5aa0000)
  eden space 10688K,   0% used [0x00000000f0800000, 0x00000000f0800000, 0x00000000f1270000)
  from space 1280K,  84% used [0x00000000f1270000, 0x00000000f137e050, 0x00000000f13b0000)
  to   space 1280K,   0% used [0x00000000f13b0000, 0x00000000f13b0000, 0x00000000f14f0000)
 tenured generation   total 26400K, used 19804K [0x00000000f5aa0000, 0x00000000f7468000, 0x0000000100000000)
   the space 26400K,  75% used [0x00000000f5aa0000, 0x00000000f6df71c0, 0x00000000f6df7200, 0x00000000f7468000)
 Metaspace       used 53563K, capacity 55586K, committed 55808K, reserved 1097728K
  class space    used 7151K, capacity 7569K, committed 7680K, reserved 1048576K
}
Event: 10.893 GC heap before
{Heap before GC invocations=105 (full 3):
 def new generation   total 11968K, used 11768K [0x00000000f0800000, 0x00000000f14f0000, 0x00000000f5aa0000)
  eden space 10688K, 100% used [0x00000000f0800000, 0x00000000f1270000, 0x00000000f1270000)
  from space 1280K,  84% used [0x00000000f1270000, 0x00000000f137e050, 0x00000000f13b0000)
  to   space 1280K,   0% used [0x00000000f13b0000, 0x00000000f13b0000, 0x00000000f14f0000)
 tenured generation   total 26400K, used 19804K [0x00000000f5aa0000, 0x00000000f7468000, 0x0000000100000000)
   the space 26400K,  75% used [0x00000000f5aa0000, 0x00000000f6df71c0, 0x00000000f6df7200, 0x00000000f7468000)
 Metaspace       used 54288K, capacity 56328K, committed 56576K, reserved 1097728K
  class space    used 7246K, capacity 7656K, committed 7680K, reserved 1048576K
Event: 10.905 GC heap after
Heap after GC invocations=106 (full 3):
 def new generation   total 11968K, used 778K [0x00000000f0800000, 0x00000000f14f0000, 0x00000000f5aa0000)
  eden space 10688K,   0% used [0x00000000f0800000, 0x00000000f0800000, 0x00000000f1270000)
  from space 1280K,  60% used [0x00000000f13b0000, 0x00000000f1472a58, 0x00000000f14f0000)
  to   space 1280K,   0% used [0x00000000f1270000, 0x00000000f1270000, 0x00000000f13b0000)
 tenured generation   total 26400K, used 20274K [0x00000000f5aa0000, 0x00000000f7468000, 0x0000000100000000)
   the space 26400K,  76% used [0x00000000f5aa0000, 0x00000000f6e6c880, 0x00000000f6e6ca00, 0x00000000f7468000)
 Metaspace       used 54288K, capacity 56328K, committed 56576K, reserved 1097728K
  class space    used 7246K, capacity 7656K, committed 7680K, reserved 1048576K
}
Event: 11.052 GC heap before
{Heap before GC invocations=106 (full 3):
 def new generation   total 11968K, used 11466K [0x00000000f0800000, 0x00000000f14f0000, 0x00000000f5aa0000)
  eden space 10688K, 100% used [0x00000000f0800000, 0x00000000f1270000, 0x00000000f1270000)
  from space 1280K,  60% used [0x00000000f13b0000, 0x00000000f1472a58, 0x00000000f14f0000)
  to   space 1280K,   0% used [0x00000000f1270000, 0x00000000f1270000, 0x00000000f13b0000)
 tenured generation   total 26400K, used 20274K [0x00000000f5aa0000, 0x00000000f7468000, 0x0000000100000000)
   the space 26400K,  76% used [0x00000000f5aa0000, 0x00000000f6e6c880, 0x00000000f6e6ca00, 0x00000000f7468000)
 Metaspace       used 54550K, capacity 56698K, committed 56960K, reserved 1097728K
  class space    used 7289K, capacity 7719K, committed 7808K, reserved 1048576K
Event: 11.060 GC heap after
Heap after GC invocations=107 (full 3):
 def new generation   total 11968K, used 540K [0x00000000f0800000, 0x00000000f14f0000, 0x00000000f5aa0000)
  eden space 10688K,   0% used [0x00000000f0800000, 0x00000000f0800000, 0x00000000f1270000)
  from space 1280K,  42% used [0x00000000f1270000, 0x00000000f12f7280, 0x00000000f13b0000)
  to   space 1280K,   0% used [0x00000000f13b0000, 0x00000000f13b0000, 0x00000000f14f0000)
 tenured generation   total 26400K, used 20603K [0x00000000f5aa0000, 0x00000000f7468000, 0x0000000100000000)
   the space 26400K,  78% used [0x00000000f5aa0000, 0x00000000f6ebed20, 0x00000000f6ebee00, 0x00000000f7468000)
 Metaspace       used 54550K, capacity 56698K, committed 56960K, reserved 1097728K
  class space    used 7289K, capacity 7719K, committed 7808K, reserved 1048576K
}
Event: 11.181 GC heap before
{Heap before GC invocations=107 (full 3):
 def new generation   total 11968K, used 11228K [0x00000000f0800000, 0x00000000f14f0000, 0x00000000f5aa0000)
  eden space 10688K, 100% used [0x00000000f0800000, 0x00000000f1270000, 0x00000000f1270000)
  from space 1280K,  42% used [0x00000000f1270000, 0x00000000f12f7280, 0x00000000f13b0000)
  to   space 1280K,   0% used [0x00000000f13b0000, 0x00000000f13b0000, 0x00000000f14f0000)
 tenured generation   total 26400K, used 20603K [0x00000000f5aa0000, 0x00000000f7468000, 0x0000000100000000)
   the space 26400K,  78% used [0x00000000f5aa0000, 0x00000000f6ebed20, 0x00000000f6ebee00, 0x00000000f7468000)
 Metaspace       used 54626K, capacity 56746K, committed 56960K, reserved 1097728K
  class space    used 7299K, capacity 7727K, committed 7808K, reserved 1048576K
Event: 11.185 GC heap after
Heap after GC invocations=108 (full 3):
 def new generation   total 11968K, used 666K [0x00000000f0800000, 0x00000000f14f0000, 0x00000000f5aa0000)
  eden space 10688K,   0% used [0x00000000f0800000, 0x00000000f0800000, 0x00000000f1270000)
  from space 1280K,  52% used [0x00000000f13b0000, 0x00000000f1456bb0, 0x00000000f14f0000)
  to   space 1280K,   0% used [0x00000000f1270000, 0x00000000f1270000, 0x00000000f13b0000)
 tenured generation   total 26400K, used 20603K [0x00000000f5aa0000, 0x00000000f7468000, 0x0000000100000000)
   the space 26400K,  78% used [0x00000000f5aa0000, 0x00000000f6ebed20, 0x00000000f6ebee00, 0x00000000f7468000)
 Metaspace       used 54626K, capacity 56746K, committed 56960K, reserved 1097728K
  class space    used 7299K, capacity 7727K, committed 7808K, reserved 1048576K
}
Event: 11.376 GC heap before
{Heap before GC invocations=108 (full 3):
 def new generation   total 11968K, used 11354K [0x00000000f0800000, 0x00000000f14f0000, 0x00000000f5aa0000)
  eden space 10688K, 100% used [0x00000000f0800000, 0x00000000f1270000, 0x00000000f1270000)
  from space 1280K,  52% used [0x00000000f13b0000, 0x00000000f1456bb0, 0x00000000f14f0000)
  to   space 1280K,   0% used [0x00000000f1270000, 0x00000000f1270000, 0x00000000f13b0000)
 tenured generation   total 26400K, used 20603K [0x00000000f5aa0000, 0x00000000f7468000, 0x0000000100000000)
   the space 26400K,  78% used [0x00000000f5aa0000, 0x00000000f6ebed20, 0x00000000f6ebee00, 0x00000000f7468000)
 Metaspace       used 55170K, capacity 57334K, committed 57472K, reserved 1099776K
  class space    used 7353K, capacity 7765K, committed 7808K, reserved 1048576K
Event: 11.382 GC heap after
Heap after GC invocations=109 (full 3):
 def new generation   total 11968K, used 863K [0x00000000f0800000, 0x00000000f14f0000, 0x00000000f5aa0000)
  eden space 10688K,   0% used [0x00000000f0800000, 0x00000000f0800000, 0x00000000f1270000)
  from space 1280K,  67% used [0x00000000f1270000, 0x00000000f1347e08, 0x00000000f13b0000)
  to   space 1280K,   0% used [0x00000000f13b0000, 0x00000000f13b0000, 0x00000000f14f0000)
 tenured generation   total 26400K, used 20957K [0x00000000f5aa0000, 0x00000000f7468000, 0x0000000100000000)
   the space 26400K,  79% used [0x00000000f5aa0000, 0x00000000f6f177b0, 0x00000000f6f17800, 0x00000000f7468000)
 Metaspace       used 55170K, capacity 57334K, committed 57472K, reserved 1099776K
  class space    used 7353K, capacity 7765K, committed 7808K, reserved 1048576K
}
Event: 11.589 GC heap before
{Heap before GC invocations=109 (full 3):
 def new generation   total 11968K, used 11551K [0x00000000f0800000, 0x00000000f14f0000, 0x00000000f5aa0000)
  eden space 10688K, 100% used [0x00000000f0800000, 0x00000000f1270000, 0x00000000f1270000)
  from space 1280K,  67% used [0x00000000f1270000, 0x00000000f1347e08, 0x00000000f13b0000)
  to   space 1280K,   0% used [0x00000000f13b0000, 0x00000000f13b0000, 0x00000000f14f0000)
 tenured generation   total 26400K, used 20957K [0x00000000f5aa0000, 0x00000000f7468000, 0x0000000100000000)
   the space 26400K,  79% used [0x00000000f5aa0000, 0x00000000f6f177b0, 0x00000000f6f17800, 0x00000000f7468000)
 Metaspace       used 56176K, capacity 58376K, committed 58624K, reserved 1099776K
  class space    used 7468K, capacity 7896K, committed 7936K, reserved 1048576K
Event: 11.594 GC heap after
Heap after GC invocations=110 (full 3):
 def new generation   total 11968K, used 1280K [0x00000000f0800000, 0x00000000f14f0000, 0x00000000f5aa0000)
  eden space 10688K,   0% used [0x00000000f0800000, 0x00000000f0800000, 0x00000000f1270000)
  from space 1280K, 100% used [0x00000000f13b0000, 0x00000000f14f0000, 0x00000000f14f0000)
  to   space 1280K,   0% used [0x00000000f1270000, 0x00000000f1270000, 0x00000000f13b0000)
 tenured generation   total 26400K, used 21296K [0x00000000f5aa0000, 0x00000000f7468000, 0x0000000100000000)
   the space 26400K,  80% used [0x00000000f5aa0000, 0x00000000f6f6c010, 0x00000000f6f6c200, 0x00000000f7468000)
 Metaspace       used 56176K, capacity 58376K, committed 58624K, reserved 1099776K
  class space    used 7468K, capacity 7896K, committed 7936K, reserved 1048576K
}
Event: 11.743 GC heap before
{Heap before GC invocations=110 (full 3):
 def new generation   total 11968K, used 11968K [0x00000000f0800000, 0x00000000f14f0000, 0x00000000f5aa0000)
  eden space 10688K, 100% used [0x00000000f0800000, 0x00000000f1270000, 0x00000000f1270000)
  from space 1280K, 100% used [0x00000000f13b0000, 0x00000000f14f0000, 0x00000000f14f0000)
  to   space 1280K,   0% used [0x00000000f1270000, 0x00000000f1270000, 0x00000000f13b0000)
 tenured generation   total 26400K, used 21296K [0x00000000f5aa0000, 0x00000000f7468000, 0x0000000100000000)
   the space 26400K,  80% used [0x00000000f5aa0000, 0x00000000f6f6c010, 0x00000000f6f6c200, 0x00000000f7468000)
 Metaspace       used 56423K, capacity 58606K, committed 58880K, reserved 1099776K
  class space    used 7504K, capacity 7929K, committed 7936K, reserved 1048576K
Event: 11.751 GC heap after
Heap after GC invocations=111 (full 3):
 def new generation   total 11968K, used 569K [0x00000000f0800000, 0x00000000f14f0000, 0x00000000f5aa0000)
  eden space 10688K,   0% used [0x00000000f0800000, 0x00000000f0800000, 0x00000000f1270000)
  from space 1280K,  44% used [0x00000000f1270000, 0x00000000f12fe478, 0x00000000f13b0000)
  to   space 1280K,   0% used [0x00000000f13b0000, 0x00000000f13b0000, 0x00000000f14f0000)
 tenured generation   total 26400K, used 21901K [0x00000000f5aa0000, 0x00000000f7468000, 0x0000000100000000)
   the space 26400K,  82% used [0x00000000f5aa0000, 0x00000000f7003440, 0x00000000f7003600, 0x00000000f7468000)
 Metaspace       used 56423K, capacity 58606K, committed 58880K, reserved 1099776K
  class space    used 7504K, capacity 7929K, committed 7936K, reserved 1048576K
}
Event: 11.929 GC heap before
{Heap before GC invocations=111 (full 3):
 def new generation   total 11968K, used 11257K [0x00000000f0800000, 0x00000000f14f0000, 0x00000000f5aa0000)
  eden space 10688K, 100% used [0x00000000f0800000, 0x00000000f1270000, 0x00000000f1270000)
  from space 1280K,  44% used [0x00000000f1270000, 0x00000000f12fe478, 0x00000000f13b0000)
  to   space 1280K,   0% used [0x00000000f13b0000, 0x00000000f13b0000, 0x00000000f14f0000)
 tenured generation   total 26400K, used 21901K [0x00000000f5aa0000, 0x00000000f7468000, 0x0000000100000000)
   the space 26400K,  82% used [0x00000000f5aa0000, 0x00000000f7003440, 0x00000000f7003600, 0x00000000f7468000)
 Metaspace       used 57143K, capacity 59350K, committed 59520K, reserved 1101824K
  class space    used 7598K, capacity 8027K, committed 8064K, reserved 1048576K
Event: 11.934 GC heap after
Heap after GC invocations=112 (full 3):
 def new generation   total 11968K, used 1280K [0x00000000f0800000, 0x00000000f14f0000, 0x00000000f5aa0000)
  eden space 10688K,   0% used [0x00000000f0800000, 0x00000000f0800000, 0x00000000f1270000)
  from space 1280K, 100% used [0x00000000f13b0000, 0x00000000f14f0000, 0x00000000f14f0000)
  to   space 1280K,   0% used [0x00000000f1270000, 0x00000000f1270000, 0x00000000f13b0000)
 tenured generation   total 26400K, used 22074K [0x00000000f5aa0000, 0x00000000f7468000, 0x0000000100000000)
   the space 26400K,  83% used [0x00000000f5aa0000, 0x00000000f702ebb8, 0x00000000f702ec00, 0x00000000f7468000)
 Metaspace       used 57143K, capacity 59350K, committed 59520K, reserved 1101824K
  class space    used 7598K, capacity 8027K, committed 8064K, reserved 1048576K
}
Event: 12.095 GC heap before
{Heap before GC invocations=112 (full 3):
 def new generation   total 11968K, used 11968K [0x00000000f0800000, 0x00000000f14f0000, 0x00000000f5aa0000)
  eden space 10688K, 100% used [0x00000000f0800000, 0x00000000f1270000, 0x00000000f1270000)
  from space 1280K, 100% used [0x00000000f13b0000, 0x00000000f14f0000, 0x00000000f14f0000)
  to   space 1280K,   0% used [0x00000000f1270000, 0x00000000f1270000, 0x00000000f13b0000)
 tenured generation   total 26400K, used 22074K [0x00000000f5aa0000, 0x00000000f7468000, 0x0000000100000000)
   the space 26400K,  83% used [0x00000000f5aa0000, 0x00000000f702ebb8, 0x00000000f702ec00, 0x00000000f7468000)
 Metaspace       used 57681K, capacity 59914K, committed 60160K, reserved 1101824K
  class space    used 7693K, capacity 8129K, committed 8192K, reserved 1048576K
Event: 12.100 GC heap after
Heap after GC invocations=113 (full 3):
 def new generation   total 11968K, used 745K [0x00000000f0800000, 0x00000000f14f0000, 0x00000000f5aa0000)
  eden space 10688K,   0% used [0x00000000f0800000, 0x00000000f0800000, 0x00000000f1270000)
  from space 1280K,  58% used [0x00000000f1270000, 0x00000000f132a7a0, 0x00000000f13b0000)
  to   space 1280K,   0% used [0x00000000f13b0000, 0x00000000f13b0000, 0x00000000f14f0000)
 tenured generation   total 26400K, used 22667K [0x00000000f5aa0000, 0x00000000f7468000, 0x0000000100000000)
   the space 26400K,  85% used [0x00000000f5aa0000, 0x00000000f70c2c60, 0x00000000f70c2e00, 0x00000000f7468000)
 Metaspace       used 57681K, capacity 59914K, committed 60160K, reserved 1101824K
  class space    used 7693K, capacity 8129K, committed 8192K, reserved 1048576K
}
Event: 12.193 GC heap before
{Heap before GC invocations=113 (full 3):
 def new generation   total 11968K, used 11433K [0x00000000f0800000, 0x00000000f14f0000, 0x00000000f5aa0000)
  eden space 10688K, 100% used [0x00000000f0800000, 0x00000000f1270000, 0x00000000f1270000)
  from space 1280K,  58% used [0x00000000f1270000, 0x00000000f132a7a0, 0x00000000f13b0000)
  to   space 1280K,   0% used [0x00000000f13b0000, 0x00000000f13b0000, 0x00000000f14f0000)
 tenured generation   total 26400K, used 22667K [0x00000000f5aa0000, 0x00000000f7468000, 0x0000000100000000)
   the space 26400K,  85% used [0x00000000f5aa0000, 0x00000000f70c2c60, 0x00000000f70c2e00, 0x00000000f7468000)
 Metaspace       used 57781K, capacity 59982K, committed 60160K, reserved 1101824K
  class space    used 7709K, capacity 8131K, committed 8192K, reserved 1048576K
Event: 12.197 GC heap after
Heap after GC invocations=114 (full 3):
 def new generation   total 11968K, used 363K [0x00000000f0800000, 0x00000000f14f0000, 0x00000000f5aa0000)
  eden space 10688K,   0% used [0x00000000f0800000, 0x00000000f0800000, 0x00000000f1270000)
  from space 1280K,  28% used [0x00000000f13b0000, 0x00000000f140ae08, 0x00000000f14f0000)
  to   space 1280K,   0% used [0x00000000f1270000, 0x00000000f1270000, 0x00000000f13b0000)
 tenured generation   total 26400K, used 22899K [0x00000000f5aa0000, 0x00000000f7468000, 0x0000000100000000)
   the space 26400K,  86% used [0x00000000f5aa0000, 0x00000000f70fcfb8, 0x00000000f70fd000, 0x00000000f7468000)
 Metaspace       used 57781K, capacity 59982K, committed 60160K, reserved 1101824K
  class space    used 7709K, capacity 8131K, committed 8192K, reserved 1048576K
}
Event: 12.281 GC heap before
{Heap before GC invocations=114 (full 3):
 def new generation   total 11968K, used 11051K [0x00000000f0800000, 0x00000000f14f0000, 0x00000000f5aa0000)
  eden space 10688K, 100% used [0x00000000f0800000, 0x00000000f1270000, 0x00000000f1270000)
  from space 1280K,  28% used [0x00000000f13b0000, 0x00000000f140ae08, 0x00000000f14f0000)
  to   space 1280K,   0% used [0x00000000f1270000, 0x00000000f1270000, 0x00000000f13b0000)
 tenured generation   total 26400K, used 22899K [0x00000000f5aa0000, 0x00000000f7468000, 0x0000000100000000)
   the space 26400K,  86% used [0x00000000f5aa0000, 0x00000000f70fcfb8, 0x00000000f70fd000, 0x00000000f7468000)
 Metaspace       used 57858K, capacity 60084K, committed 60416K, reserved 1101824K
  class space    used 7726K, capacity 8164K, committed 8192K, reserved 1048576K
Event: 12.285 GC heap after
Heap after GC invocations=115 (full 3):
 def new generation   total 11968K, used 613K [0x00000000f0800000, 0x00000000f14f0000, 0x00000000f5aa0000)
  eden space 10688K,   0% used [0x00000000f0800000, 0x00000000f0800000, 0x00000000f1270000)
  from space 1280K,  47% used [0x00000000f1270000, 0x00000000f13097d0, 0x00000000f13b0000)
  to   space 1280K,   0% used [0x00000000f13b0000, 0x00000000f13b0000, 0x00000000f14f0000)
 tenured generation   total 26400K, used 22899K [0x00000000f5aa0000, 0x00000000f7468000, 0x0000000100000000)
   the space 26400K,  86% used [0x00000000f5aa0000, 0x00000000f70fcfb8, 0x00000000f70fd000, 0x00000000f7468000)
 Metaspace       used 57858K, capacity 60084K, committed 60416K, reserved 1101824K
  class space    used 7726K, capacity 8164K, committed 8192K, reserved 1048576K
}
Event: 12.376 GC heap before
{Heap before GC invocations=115 (full 3):
 def new generation   total 11968K, used 11301K [0x00000000f0800000, 0x00000000f14f0000, 0x00000000f5aa0000)
  eden space 10688K, 100% used [0x00000000f0800000, 0x00000000f1270000, 0x00000000f1270000)
  from space 1280K,  47% used [0x00000000f1270000, 0x00000000f13097d0, 0x00000000f13b0000)
  to   space 1280K,   0% used [0x00000000f13b0000, 0x00000000f13b0000, 0x00000000f14f0000)
 tenured generation   total 26400K, used 22899K [0x00000000f5aa0000, 0x00000000f7468000, 0x0000000100000000)
   the space 26400K,  86% used [0x00000000f5aa0000, 0x00000000f70fcfb8, 0x00000000f70fd000, 0x00000000f7468000)
 Metaspace       used 57990K, capacity 60168K, committed 60416K, reserved 1101824K
  class space    used 7748K, capacity 8168K, committed 8192K, reserved 1048576K
Event: 12.380 GC heap after
Heap after GC invocations=116 (full 3):
 def new generation   total 11968K, used 920K [0x00000000f0800000, 0x00000000f14f0000, 0x00000000f5aa0000)
  eden space 10688K,   0% used [0x00000000f0800000, 0x00000000f0800000, 0x00000000f1270000)
  from space 1280K,  71% used [0x00000000f13b0000, 0x00000000f14962e0, 0x00000000f14f0000)
  to   space 1280K,   0% used [0x00000000f1270000, 0x00000000f1270000, 0x00000000f13b0000)
 tenured generation   total 26400K, used 22899K [0x00000000f5aa0000, 0x00000000f7468000, 0x0000000100000000)
   the space 26400K,  86% used [0x00000000f5aa0000, 0x00000000f70fcfb8, 0x00000000f70fd000, 0x00000000f7468000)
 Metaspace       used 57990K, capacity 60168K, committed 60416K, reserved 1101824K
  class space    used 7748K, capacity 8168K, committed 8192K, reserved 1048576K
}
Event: 12.493 GC heap before
{Heap before GC invocations=116 (full 3):
 def new generation   total 11968K, used 11608K [0x00000000f0800000, 0x00000000f14f0000, 0x00000000f5aa0000)
  eden space 10688K, 100% used [0x00000000f0800000, 0x00000000f1270000, 0x00000000f1270000)
  from space 1280K,  71% used [0x00000000f13b0000, 0x00000000f14962e0, 0x00000000f14f0000)
  to   space 1280K,   0% used [0x00000000f1270000, 0x00000000f1270000, 0x00000000f13b0000)
 tenured generation   total 26400K, used 22899K [0x00000000f5aa0000, 0x00000000f7468000, 0x0000000100000000)
   the space 26400K,  86% used [0x00000000f5aa0000, 0x00000000f70fcfb8, 0x00000000f70fd000, 0x00000000f7468000)
 Metaspace       used 58401K, capacity 60616K, committed 60800K, reserved 1101824K
  class space    used 7788K, capacity 8232K, committed 8320K, reserved 1048576K
Event: 12.498 GC heap after
Heap after GC invocations=117 (full 3):
 def new generation   total 11968K, used 980K [0x00000000f0800000, 0x00000000f14f0000, 0x00000000f5aa0000)
  eden space 10688K,   0% used [0x00000000f0800000, 0x00000000f0800000, 0x00000000f1270000)
  from space 1280K,  76% used [0x00000000f1270000, 0x00000000f13650a8, 0x00000000f13b0000)
  to   space 1280K,   0% used [0x00000000f13b0000, 0x00000000f13b0000, 0x00000000f14f0000)
 tenured generation   total 26400K, used 23431K [0x00000000f5aa0000, 0x00000000f7468000, 0x0000000100000000)
   the space 26400K,  88% used [0x00000000f5aa0000, 0x00000000f7181d70, 0x00000000f7181e00, 0x00000000f7468000)
 Metaspace       used 58401K, capacity 60616K, committed 60800K, reserved 1101824K
  class space    used 7788K, capacity 8232K, committed 8320K, reserved 1048576K
}
Event: 12.653 GC heap before
{Heap before GC invocations=117 (full 3):
 def new generation   total 11968K, used 11668K [0x00000000f0800000, 0x00000000f14f0000, 0x00000000f5aa0000)
  eden space 10688K, 100% used [0x00000000f0800000, 0x00000000f1270000, 0x00000000f1270000)
  from space 1280K,  76% used [0x00000000f1270000, 0x00000000f13650a8, 0x00000000f13b0000)
  to   space 1280K,   0% used [0x00000000f13b0000, 0x00000000f13b0000, 0x00000000f14f0000)
 tenured generation   total 26400K, used 23431K [0x00000000f5aa0000, 0x00000000f7468000, 0x0000000100000000)
   the space 26400K,  88% used [0x00000000f5aa0000, 0x00000000f7181d70, 0x00000000f7181e00, 0x00000000f7468000)
 Metaspace       used 58682K, capacity 61216K, committed 61312K, reserved 1101824K
  class space    used 7842K, capacity 8308K, committed 8320K, reserved 1048576K
Event: 12.658 GC heap after
Heap after GC invocations=118 (full 3):
 def new generation   total 11968K, used 449K [0x00000000f0800000, 0x00000000f14f0000, 0x00000000f5aa0000)
  eden space 10688K,   0% used [0x00000000f0800000, 0x00000000f0800000, 0x00000000f1270000)
  from space 1280K,  35% used [0x00000000f13b0000, 0x00000000f1420758, 0x00000000f14f0000)
  to   space 1280K,   0% used [0x00000000f1270000, 0x00000000f1270000, 0x00000000f13b0000)
 tenured generation   total 26400K, used 24185K [0x00000000f5aa0000, 0x00000000f7468000, 0x0000000100000000)
   the space 26400K,  91% used [0x00000000f5aa0000, 0x00000000f723e608, 0x00000000f723e800, 0x00000000f7468000)
 Metaspace       used 58682K, capacity 61216K, committed 61312K, reserved 1101824K
  class space    used 7842K, capacity 8308K, committed 8320K, reserved 1048576K
}
Event: 12.778 GC heap before
{Heap before GC invocations=118 (full 3):
 def new generation   total 11968K, used 11137K [0x00000000f0800000, 0x00000000f14f0000, 0x00000000f5aa0000)
  eden space 10688K, 100% used [0x00000000f0800000, 0x00000000f1270000, 0x00000000f1270000)
  from space 1280K,  35% used [0x00000000f13b0000, 0x00000000f1420758, 0x00000000f14f0000)
  to   space 1280K,   0% used [0x00000000f1270000, 0x00000000f1270000, 0x00000000f13b0000)
 tenured generation   total 26400K, used 24185K [0x00000000f5aa0000, 0x00000000f7468000, 0x0000000100000000)
   the space 26400K,  91% used [0x00000000f5aa0000, 0x00000000f723e608, 0x00000000f723e800, 0x00000000f7468000)
 Metaspace       used 58878K, capacity 61408K, committed 61696K, reserved 1101824K
  class space    used 7874K, capacity 8346K, committed 8448K, reserved 1048576K
Event: 12.782 GC heap after
Heap after GC invocations=119 (full 3):
 def new generation   total 11968K, used 859K [0x00000000f0800000, 0x00000000f14f0000, 0x00000000f5aa0000)
  eden space 10688K,   0% used [0x00000000f0800000, 0x00000000f0800000, 0x00000000f1270000)
  from space 1280K,  67% used [0x00000000f1270000, 0x00000000f1346dc8, 0x00000000f13b0000)
  to   space 1280K,   0% used [0x00000000f13b0000, 0x00000000f13b0000, 0x00000000f14f0000)
 tenured generation   total 26400K, used 24185K [0x00000000f5aa0000, 0x00000000f7468000, 0x0000000100000000)
   the space 26400K,  91% used [0x00000000f5aa0000, 0x00000000f723e608, 0x00000000f723e800, 0x00000000f7468000)
 Metaspace       used 58878K, capacity 61408K, committed 61696K, reserved 1101824K
  class space    used 7874K, capacity 8346K, committed 8448K, reserved 1048576K
}
Event: 12.891 GC heap before
{Heap before GC invocations=119 (full 3):
 def new generation   total 11968K, used 11547K [0x00000000f0800000, 0x00000000f14f0000, 0x00000000f5aa0000)
  eden space 10688K, 100% used [0x00000000f0800000, 0x00000000f1270000, 0x00000000f1270000)
  from space 1280K,  67% used [0x00000000f1270000, 0x00000000f1346dc8, 0x00000000f13b0000)
  to   space 1280K,   0% used [0x00000000f13b0000, 0x00000000f13b0000, 0x00000000f14f0000)
 tenured generation   total 26400K, used 24185K [0x00000000f5aa0000, 0x00000000f7468000, 0x0000000100000000)
   the space 26400K,  91% used [0x00000000f5aa0000, 0x00000000f723e608, 0x00000000f723e800, 0x00000000f7468000)
 Metaspace       used 58961K, capacity 61486K, committed 61696K, reserved 1101824K
  class space    used 7886K, capacity 8349K, committed 8448K, reserved 1048576K
Event: 12.896 GC heap after
Heap after GC invocations=120 (full 3):
 def new generation   total 11968K, used 806K [0x00000000f0800000, 0x00000000f14f0000, 0x00000000f5aa0000)
  eden space 10688K,   0% used [0x00000000f0800000, 0x00000000f0800000, 0x00000000f1270000)
  from space 1280K,  63% used [0x00000000f13b0000, 0x00000000f1479a18, 0x00000000f14f0000)
  to   space 1280K,   0% used [0x00000000f1270000, 0x00000000f1270000, 0x00000000f13b0000)
 tenured generation   total 26400K, used 24552K [0x00000000f5aa0000, 0x00000000f7468000, 0x0000000100000000)
   the space 26400K,  93% used [0x00000000f5aa0000, 0x00000000f729a040, 0x00000000f729a200, 0x00000000f7468000)
 Metaspace       used 58961K, capacity 61486K, committed 61696K, reserved 1101824K
  class space    used 7886K, capacity 8349K, committed 8448K, reserved 1048576K
}
Event: 13.006 GC heap before
{Heap before GC invocations=120 (full 3):
 def new generation   total 11968K, used 11494K [0x00000000f0800000, 0x00000000f14f0000, 0x00000000f5aa0000)
  eden space 10688K, 100% used [0x00000000f0800000, 0x00000000f1270000, 0x00000000f1270000)
  from space 1280K,  63% used [0x00000000f13b0000, 0x00000000f1479a18, 0x00000000f14f0000)
  to   space 1280K,   0% used [0x00000000f1270000, 0x00000000f1270000, 0x00000000f13b0000)
 tenured generation   total 26400K, used 24552K [0x00000000f5aa0000, 0x00000000f7468000, 0x0000000100000000)
   the space 26400K,  93% used [0x00000000f5aa0000, 0x00000000f729a040, 0x00000000f729a200, 0x00000000f7468000)
 Metaspace       used 59121K, capacity 61658K, committed 61952K, reserved 1103872K
  class space    used 7903K, capacity 8383K, committed 8448K, reserved 1048576K
Event: 13.013 GC heap after
Heap after GC invocations=121 (full 3):
 def new generation   total 11968K, used 879K [0x00000000f0800000, 0x00000000f14f0000, 0x00000000f5aa0000)
  eden space 10688K,   0% used [0x00000000f0800000, 0x00000000f0800000, 0x00000000f1270000)
  from space 1280K,  68% used [0x00000000f1270000, 0x00000000f134bf88, 0x00000000f13b0000)
  to   space 1280K,   0% used [0x00000000f13b0000, 0x00000000f13b0000, 0x00000000f14f0000)
 tenured generation   total 26400K, used 24937K [0x00000000f5aa0000, 0x00000000f7468000, 0x0000000100000000)
   the space 26400K,  94% used [0x00000000f5aa0000, 0x00000000f72fa790, 0x00000000f72fa800, 0x00000000f7468000)
 Metaspace       used 59121K, capacity 61658K, committed 61952K, reserved 1103872K
  class space    used 7903K, capacity 8383K, committed 8448K, reserved 1048576K
}
Event: 13.119 GC heap before
{Heap before GC invocations=121 (full 3):
 def new generation   total 11968K, used 11567K [0x00000000f0800000, 0x00000000f14f0000, 0x00000000f5aa0000)
  eden space 10688K, 100% used [0x00000000f0800000, 0x00000000f1270000, 0x00000000f1270000)
  from space 1280K,  68% used [0x00000000f1270000, 0x00000000f134bf88, 0x00000000f13b0000)
  to   space 1280K,   0% used [0x00000000f13b0000, 0x00000000f13b0000, 0x00000000f14f0000)
 tenured generation   total 26400K, used 24937K [0x00000000f5aa0000, 0x00000000f7468000, 0x0000000100000000)
   the space 26400K,  94% used [0x00000000f5aa0000, 0x00000000f72fa790, 0x00000000f72fa800, 0x00000000f7468000)
 Metaspace       used 59264K, capacity 61808K, committed 61952K, reserved 1103872K
  class space    used 7918K, capacity 8388K, committed 8448K, reserved 1048576K
Event: 13.125 GC heap after
Heap after GC invocations=122 (full 3):
 def new generation   total 11968K, used 820K [0x00000000f0800000, 0x00000000f14f0000, 0x00000000f5aa0000)
  eden space 10688K,   0% used [0x00000000f0800000, 0x00000000f0800000, 0x00000000f1270000)
  from space 1280K,  64% used [0x00000000f13b0000, 0x00000000f147d310, 0x00000000f14f0000)
  to   space 1280K,   0% used [0x00000000f1270000, 0x00000000f1270000, 0x00000000f13b0000)
 tenured generation   total 26400K, used 25318K [0x00000000f5aa0000, 0x00000000f7468000, 0x0000000100000000)
   the space 26400K,  95% used [0x00000000f5aa0000, 0x00000000f7359838, 0x00000000f7359a00, 0x00000000f7468000)
 Metaspace       used 59264K, capacity 61808K, committed 61952K, reserved 1103872K
  class space    used 7918K, capacity 8388K, committed 8448K, reserved 1048576K
}
Event: 13.243 GC heap before
{Heap before GC invocations=122 (full 3):
 def new generation   total 11968K, used 11508K [0x00000000f0800000, 0x00000000f14f0000, 0x00000000f5aa0000)
  eden space 10688K, 100% used [0x00000000f0800000, 0x00000000f1270000, 0x00000000f1270000)
  from space 1280K,  64% used [0x00000000f13b0000, 0x00000000f147d310, 0x00000000f14f0000)
  to   space 1280K,   0% used [0x00000000f1270000, 0x00000000f1270000, 0x00000000f13b0000)
 tenured generation   total 26400K, used 25318K [0x00000000f5aa0000, 0x00000000f7468000, 0x0000000100000000)
   the space 26400K,  95% used [0x00000000f5aa0000, 0x00000000f7359838, 0x00000000f7359a00, 0x00000000f7468000)
 Metaspace       used 59515K, capacity 62052K, committed 62208K, reserved 1103872K
  class space    used 7955K, capacity 8424K, committed 8448K, reserved 1048576K
Event: 13.248 GC heap after
Heap after GC invocations=123 (full 3):
 def new generation   total 11968K, used 886K [0x00000000f0800000, 0x00000000f14f0000, 0x00000000f5aa0000)
  eden space 10688K,   0% used [0x00000000f0800000, 0x00000000f0800000, 0x00000000f1270000)
  from space 1280K,  69% used [0x00000000f1270000, 0x00000000f134d928, 0x00000000f13b0000)
  to   space 1280K,   0% used [0x00000000f13b0000, 0x00000000f13b0000, 0x00000000f14f0000)
 tenured generation   total 26400K, used 25715K [0x00000000f5aa0000, 0x00000000f7468000, 0x0000000100000000)
   the space 26400K,  97% used [0x00000000f5aa0000, 0x00000000f73bcd20, 0x00000000f73bce00, 0x00000000f7468000)
 Metaspace       used 59515K, capacity 62052K, committed 62208K, reserved 1103872K
  class space    used 7955K, capacity 8424K, committed 8448K, reserved 1048576K
}
Event: 13.351 GC heap before
{Heap before GC invocations=123 (full 3):
 def new generation   total 11968K, used 11574K [0x00000000f0800000, 0x00000000f14f0000, 0x00000000f5aa0000)
  eden space 10688K, 100% used [0x00000000f0800000, 0x00000000f1270000, 0x00000000f1270000)
  from space 1280K,  69% used [0x00000000f1270000, 0x00000000f134d928, 0x00000000f13b0000)
  to   space 1280K,   0% used [0x00000000f13b0000, 0x00000000f13b0000, 0x00000000f14f0000)
 tenured generation   total 26400K, used 25715K [0x00000000f5aa0000, 0x00000000f7468000, 0x0000000100000000)
   the space 26400K,  97% used [0x00000000f5aa0000, 0x00000000f73bcd20, 0x00000000f73bce00, 0x00000000f7468000)
 Metaspace       used 59678K, capacity 62278K, committed 62592K, reserved 1103872K
  class space    used 7980K, capacity 8457K, committed 8576K, reserved 1048576K
Event: 13.358 GC heap after
Heap after GC invocations=124 (full 3):
 def new generation   total 11968K, used 1185K [0x00000000f0800000, 0x00000000f14f0000, 0x00000000f5aa0000)
  eden space 10688K,   0% used [0x00000000f0800000, 0x00000000f0800000, 0x00000000f1270000)
  from space 1280K,  92% used [0x00000000f13b0000, 0x00000000f14d8778, 0x00000000f14f0000)
  to   space 1280K,   0% used [0x00000000f1270000, 0x00000000f1270000, 0x00000000f13b0000)
 tenured generation   total 26400K, used 26020K [0x00000000f5aa0000, 0x00000000f7468000, 0x0000000100000000)
   the space 26400K,  98% used [0x00000000f5aa0000, 0x00000000f74092d8, 0x00000000f7409400, 0x00000000f7468000)
 Metaspace       used 59678K, capacity 62278K, committed 62592K, reserved 1103872K
  class space    used 7980K, capacity 8457K, committed 8576K, reserved 1048576K
}
Event: 13.501 GC heap before
{Heap before GC invocations=124 (full 3):
 def new generation   total 11968K, used 11873K [0x00000000f0800000, 0x00000000f14f0000, 0x00000000f5aa0000)
  eden space 10688K, 100% used [0x00000000f0800000, 0x00000000f1270000, 0x00000000f1270000)
  from space 1280K,  92% used [0x00000000f13b0000, 0x00000000f14d8778, 0x00000000f14f0000)
  to   space 1280K,   0% used [0x00000000f1270000, 0x00000000f1270000, 0x00000000f13b0000)
 tenured generation   total 26400K, used 26020K [0x00000000f5aa0000, 0x00000000f7468000, 0x0000000100000000)
   the space 26400K,  98% used [0x00000000f5aa0000, 0x00000000f74092d8, 0x00000000f7409400, 0x00000000f7468000)
 Metaspace       used 60075K, capacity 62694K, committed 62848K, reserved 1103872K
  class space    used 8046K, capacity 8525K, committed 8576K, reserved 1048576K
Event: 13.621 GC heap after
Heap after GC invocations=125 (full 4):
 def new generation   total 19008K, used 0K [0x00000000f0800000, 0x00000000f1c90000, 0x00000000f5aa0000)
  eden space 16960K,   0% used [0x00000000f0800000, 0x00000000f0800000, 0x00000000f1890000)
  from space 2048K,   0% used [0x00000000f1890000, 0x00000000f1890000, 0x00000000f1a90000)
  to   space 2048K,   0% used [0x00000000f1a90000, 0x00000000f1a90000, 0x00000000f1c90000)
 tenured generation   total 41976K, used 25185K [0x00000000f5aa0000, 0x00000000f839e000, 0x0000000100000000)
   the space 41976K,  59% used [0x00000000f5aa0000, 0x00000000f73385b8, 0x00000000f7338600, 0x00000000f839e000)
 Metaspace       used 60075K, capacity 62694K, committed 62848K, reserved 1103872K
  class space    used 8046K, capacity 8525K, committed 8576K, reserved 1048576K
}
Event: 13.829 GC heap before
{Heap before GC invocations=125 (full 4):
 def new generation   total 19008K, used 16960K [0x00000000f0800000, 0x00000000f1c90000, 0x00000000f5aa0000)
  eden space 16960K, 100% used [0x00000000f0800000, 0x00000000f1890000, 0x00000000f1890000)
  from space 2048K,   0% used [0x00000000f1890000, 0x00000000f1890000, 0x00000000f1a90000)
  to   space 2048K,   0% used [0x00000000f1a90000, 0x00000000f1a90000, 0x00000000f1c90000)
 tenured generation   total 41976K, used 25185K [0x00000000f5aa0000, 0x00000000f839e000, 0x0000000100000000)
   the space 41976K,  59% used [0x00000000f5aa0000, 0x00000000f73385b8, 0x00000000f7338600, 0x00000000f839e000)
 Metaspace       used 60436K, capacity 63088K, committed 63232K, reserved 1103872K
  class space    used 8122K, capacity 8604K, committed 8704K, reserved 1048576K
Event: 13.840 GC heap after
Heap after GC invocations=126 (full 4):
 def new generation   total 19008K, used 1143K [0x00000000f0800000, 0x00000000f1c90000, 0x00000000f5aa0000)
  eden space 16960K,   0% used [0x00000000f0800000, 0x00000000f0800000, 0x00000000f1890000)
  from space 2048K,  55% used [0x00000000f1a90000, 0x00000000f1badc60, 0x00000000f1c90000)
  to   space 2048K,   0% used [0x00000000f1890000, 0x00000000f1890000, 0x00000000f1a90000)
 tenured generation   total 41976K, used 25185K [0x00000000f5aa0000, 0x00000000f839e000, 0x0000000100000000)
   the space 41976K,  59% used [0x00000000f5aa0000, 0x00000000f73385b8, 0x00000000f7338600, 0x00000000f839e000)
 Metaspace       used 60436K, capacity 63088K, committed 63232K, reserved 1103872K
  class space    used 8122K, capacity 8604K, committed 8704K, reserved 1048576K
}
Event: 14.047 GC heap before
{Heap before GC invocations=126 (full 4):
 def new generation   total 19008K, used 18103K [0x00000000f0800000, 0x00000000f1c90000, 0x00000000f5aa0000)
  eden space 16960K, 100% used [0x00000000f0800000, 0x00000000f1890000, 0x00000000f1890000)
  from space 2048K,  55% used [0x00000000f1a90000, 0x00000000f1badc60, 0x00000000f1c90000)
  to   space 2048K,   0% used [0x00000000f1890000, 0x00000000f1890000, 0x00000000f1a90000)
 tenured generation   total 41976K, used 25185K [0x00000000f5aa0000, 0x00000000f839e000, 0x0000000100000000)
   the space 41976K,  59% used [0x00000000f5aa0000, 0x00000000f73385b8, 0x00000000f7338600, 0x00000000f839e000)
 Metaspace       used 60724K, capacity 63418K, committed 63744K, reserved 1103872K
  class space    used 8155K, capacity 8627K, committed 8704K, reserved 1048576K
Event: 14.053 GC heap after
Heap after GC invocations=127 (full 4):
 def new generation   total 19008K, used 698K [0x00000000f0800000, 0x00000000f1c90000, 0x00000000f5aa0000)
  eden space 16960K,   0% used [0x00000000f0800000, 0x00000000f0800000, 0x00000000f1890000)
  from space 2048K,  34% used [0x00000000f1890000, 0x00000000f193eaa0, 0x00000000f1a90000)
  to   space 2048K,   0% used [0x00000000f1a90000, 0x00000000f1a90000, 0x00000000f1c90000)
 tenured generation   total 41976K, used 25822K [0x00000000f5aa0000, 0x00000000f839e000, 0x0000000100000000)
   the space 41976K,  61% used [0x00000000f5aa0000, 0x00000000f73d7aa0, 0x00000000f73d7c00, 0x00000000f839e000)
 Metaspace       used 60724K, capacity 63418K, committed 63744K, reserved 1103872K
  class space    used 8155K, capacity 8627K, committed 8704K, reserved 1048576K
}
Event: 14.201 GC heap before
{Heap before GC invocations=127 (full 4):
 def new generation   total 19008K, used 17658K [0x00000000f0800000, 0x00000000f1c90000, 0x00000000f5aa0000)
  eden space 16960K, 100% used [0x00000000f0800000, 0x00000000f1890000, 0x00000000f1890000)
  from space 2048K,  34% used [0x00000000f1890000, 0x00000000f193eaa0, 0x00000000f1a90000)
  to   space 2048K,   0% used [0x00000000f1a90000, 0x00000000f1a90000, 0x00000000f1c90000)
 tenured generation   total 41976K, used 25822K [0x00000000f5aa0000, 0x00000000f839e000, 0x0000000100000000)
   the space 41976K,  61% used [0x00000000f5aa0000, 0x00000000f73d7aa0, 0x00000000f73d7c00, 0x00000000f839e000)
 Metaspace       used 60888K, capacity 63584K, committed 63744K, reserved 1103872K
  class space    used 8183K, capacity 8660K, committed 8704K, reserved 1048576K
Event: 14.206 GC heap after
Heap after GC invocations=128 (full 4):
 def new generation   total 19008K, used 1189K [0x00000000f0800000, 0x00000000f1c90000, 0x00000000f5aa0000)
  eden space 16960K,   0% used [0x00000000f0800000, 0x00000000f0800000, 0x00000000f1890000)
  from space 2048K,  58% used [0x00000000f1a90000, 0x00000000f1bb9640, 0x00000000f1c90000)
  to   space 2048K,   0% used [0x00000000f1890000, 0x00000000f1890000, 0x00000000f1a90000)
 tenured generation   total 41976K, used 25822K [0x00000000f5aa0000, 0x00000000f839e000, 0x0000000100000000)
   the space 41976K,  61% used [0x00000000f5aa0000, 0x00000000f73d7aa0, 0x00000000f73d7c00, 0x00000000f839e000)
 Metaspace       used 60888K, capacity 63584K, committed 63744K, reserved 1103872K
  class space    used 8183K, capacity 8660K, committed 8704K, reserved 1048576K
}
Event: 14.324 GC heap before
{Heap before GC invocations=128 (full 4):
 def new generation   total 19008K, used 18149K [0x00000000f0800000, 0x00000000f1c90000, 0x00000000f5aa0000)
  eden space 16960K, 100% used [0x00000000f0800000, 0x00000000f1890000, 0x00000000f1890000)
  from space 2048K,  58% used [0x00000000f1a90000, 0x00000000f1bb9640, 0x00000000f1c90000)
  to   space 2048K,   0% used [0x00000000f1890000, 0x00000000f1890000, 0x00000000f1a90000)
 tenured generation   total 41976K, used 25822K [0x00000000f5aa0000, 0x00000000f839e000, 0x0000000100000000)
   the space 41976K,  61% used [0x00000000f5aa0000, 0x00000000f73d7aa0, 0x00000000f73d7c00, 0x00000000f839e000)
 Metaspace       used 60955K, capacity 63686K, committed 63744K, reserved 1103872K
  class space    used 8193K, capacity 8693K, committed 8704K, reserved 1048576K
Event: 14.331 GC heap after
Heap after GC invocations=129 (full 4):
 def new generation   total 19008K, used 1002K [0x00000000f0800000, 0x00000000f1c90000, 0x00000000f5aa0000)
  eden space 16960K,   0% used [0x00000000f0800000, 0x00000000f0800000, 0x00000000f1890000)
  from space 2048K,  48% used [0x00000000f1890000, 0x00000000f198a8f0, 0x00000000f1a90000)
  to   space 2048K,   0% used [0x00000000f1a90000, 0x00000000f1a90000, 0x00000000f1c90000)
 tenured generation   total 41976K, used 26369K [0x00000000f5aa0000, 0x00000000f839e000, 0x0000000100000000)
   the space 41976K,  62% used [0x00000000f5aa0000, 0x00000000f74604e0, 0x00000000f7460600, 0x00000000f839e000)
 Metaspace       used 60955K, capacity 63686K, committed 63744K, reserved 1103872K
  class space    used 8193K, capacity 8693K, committed 8704K, reserved 1048576K
}
Event: 14.476 GC heap before
{Heap before GC invocations=129 (full 4):
 def new generation   total 19008K, used 17962K [0x00000000f0800000, 0x00000000f1c90000, 0x00000000f5aa0000)
  eden space 16960K, 100% used [0x00000000f0800000, 0x00000000f1890000, 0x00000000f1890000)
  from space 2048K,  48% used [0x00000000f1890000, 0x00000000f198a8f0, 0x00000000f1a90000)
  to   space 2048K,   0% used [0x00000000f1a90000, 0x00000000f1a90000, 0x00000000f1c90000)
 tenured generation   total 41976K, used 26369K [0x00000000f5aa0000, 0x00000000f839e000, 0x0000000100000000)
   the space 41976K,  62% used [0x00000000f5aa0000, 0x00000000f74604e0, 0x00000000f7460600, 0x00000000f839e000)
 Metaspace       used 61062K, capacity 63838K, committed 64000K, reserved 1103872K
  class space    used 8203K, capacity 8697K, committed 8704K, reserved 1048576K
Event: 14.484 GC heap after
Heap after GC invocations=130 (full 4):
 def new generation   total 19008K, used 1627K [0x00000000f0800000, 0x00000000f1c90000, 0x00000000f5aa0000)
  eden space 16960K,   0% used [0x00000000f0800000, 0x00000000f0800000, 0x00000000f1890000)
  from space 2048K,  79% used [0x00000000f1a90000, 0x00000000f1c26c30, 0x00000000f1c90000)
  to   space 2048K,   0% used [0x00000000f1890000, 0x00000000f1890000, 0x00000000f1a90000)
 tenured generation   total 41976K, used 26369K [0x00000000f5aa0000, 0x00000000f839e000, 0x0000000100000000)
   the space 41976K,  62% used [0x00000000f5aa0000, 0x00000000f74604e0, 0x00000000f7460600, 0x00000000f839e000)
 Metaspace       used 61062K, capacity 63838K, committed 64000K, reserved 1103872K
  class space    used 8203K, capacity 8697K, committed 8704K, reserved 1048576K
}
Event: 14.624 GC heap before
{Heap before GC invocations=130 (full 4):
 def new generation   total 19008K, used 18587K [0x00000000f0800000, 0x00000000f1c90000, 0x00000000f5aa0000)
  eden space 16960K, 100% used [0x00000000f0800000, 0x00000000f1890000, 0x00000000f1890000)
  from space 2048K,  79% used [0x00000000f1a90000, 0x00000000f1c26c30, 0x00000000f1c90000)
  to   space 2048K,   0% used [0x00000000f1890000, 0x00000000f1890000, 0x00000000f1a90000)
 tenured generation   total 41976K, used 26369K [0x00000000f5aa0000, 0x00000000f839e000, 0x0000000100000000)
   the space 41976K,  62% used [0x00000000f5aa0000, 0x00000000f74604e0, 0x00000000f7460600, 0x00000000f839e000)
 Metaspace       used 61158K, capacity 63906K, committed 64000K, reserved 1103872K
  class space    used 8218K, capacity 8699K, committed 8704K, reserved 1048576K
Event: 14.631 GC heap after
Heap after GC invocations=131 (full 4):
 def new generation   total 19008K, used 1355K [0x00000000f0800000, 0x00000000f1c90000, 0x00000000f5aa0000)
  eden space 16960K,   0% used [0x00000000f0800000, 0x00000000f0800000, 0x00000000f1890000)
  from space 2048K,  66% used [0x00000000f1890000, 0x00000000f19e2db0, 0x00000000f1a90000)
  to   space 2048K,   0% used [0x00000000f1a90000, 0x00000000f1a90000, 0x00000000f1c90000)
 tenured generation   total 41976K, used 27313K [0x00000000f5aa0000, 0x00000000f839e000, 0x0000000100000000)
   the space 41976K,  65% used [0x00000000f5aa0000, 0x00000000f754c440, 0x00000000f754c600, 0x00000000f839e000)
 Metaspace       used 61158K, capacity 63906K, committed 64000K, reserved 1103872K
  class space    used 8218K, capacity 8699K, committed 8704K, reserved 1048576K
}
Event: 14.856 GC heap before
{Heap before GC invocations=131 (full 4):
 def new generation   total 19008K, used 18315K [0x00000000f0800000, 0x00000000f1c90000, 0x00000000f5aa0000)
  eden space 16960K, 100% used [0x00000000f0800000, 0x00000000f1890000, 0x00000000f1890000)
  from space 2048K,  66% used [0x00000000f1890000, 0x00000000f19e2db0, 0x00000000f1a90000)
  to   space 2048K,   0% used [0x00000000f1a90000, 0x00000000f1a90000, 0x00000000f1c90000)
 tenured generation   total 41976K, used 27313K [0x00000000f5aa0000, 0x00000000f839e000, 0x0000000100000000)
   the space 41976K,  65% used [0x00000000f5aa0000, 0x00000000f754c440, 0x00000000f754c600, 0x00000000f839e000)
 Metaspace       used 61517K, capacity 64276K, committed 64640K, reserved 1105920K
  class space    used 8262K, capacity 8746K, committed 8832K, reserved 1048576K
Event: 14.867 GC heap after
Heap after GC invocations=132 (full 4):
 def new generation   total 19008K, used 1453K [0x00000000f0800000, 0x00000000f1c90000, 0x00000000f5aa0000)
  eden space 16960K,   0% used [0x00000000f0800000, 0x00000000f0800000, 0x00000000f1890000)
  from space 2048K,  70% used [0x00000000f1a90000, 0x00000000f1bfb578, 0x00000000f1c90000)
  to   space 2048K,   0% used [0x00000000f1890000, 0x00000000f1890000, 0x00000000f1a90000)
 tenured generation   total 41976K, used 27973K [0x00000000f5aa0000, 0x00000000f839e000, 0x0000000100000000)
   the space 41976K,  66% used [0x00000000f5aa0000, 0x00000000f75f16e0, 0x00000000f75f1800, 0x00000000f839e000)
 Metaspace       used 61517K, capacity 64276K, committed 64640K, reserved 1105920K
  class space    used 8262K, capacity 8746K, committed 8832K, reserved 1048576K
}
Event: 15.079 GC heap before
{Heap before GC invocations=132 (full 4):
 def new generation   total 19008K, used 18413K [0x00000000f0800000, 0x00000000f1c90000, 0x00000000f5aa0000)
  eden space 16960K, 100% used [0x00000000f0800000, 0x00000000f1890000, 0x00000000f1890000)
  from space 2048K,  70% used [0x00000000f1a90000, 0x00000000f1bfb578, 0x00000000f1c90000)
  to   space 2048K,   0% used [0x00000000f1890000, 0x00000000f1890000, 0x00000000f1a90000)
 tenured generation   total 41976K, used 27973K [0x00000000f5aa0000, 0x00000000f839e000, 0x0000000100000000)
   the space 41976K,  66% used [0x00000000f5aa0000, 0x00000000f75f16e0, 0x00000000f75f1800, 0x00000000f839e000)
 Metaspace       used 61925K, capacity 64738K, committed 64896K, reserved 1105920K
  class space    used 8316K, capacity 8827K, committed 8832K, reserved 1048576K
Event: 15.089 GC heap after
Heap after GC invocations=133 (full 4):
 def new generation   total 19008K, used 1094K [0x00000000f0800000, 0x00000000f1c90000, 0x00000000f5aa0000)
  eden space 16960K,   0% used [0x00000000f0800000, 0x00000000f0800000, 0x00000000f1890000)
  from space 2048K,  53% used [0x00000000f1890000, 0x00000000f19a1918, 0x00000000f1a90000)
  to   space 2048K,   0% used [0x00000000f1a90000, 0x00000000f1a90000, 0x00000000f1c90000)
 tenured generation   total 41976K, used 28411K [0x00000000f5aa0000, 0x00000000f839e000, 0x0000000100000000)
   the space 41976K,  67% used [0x00000000f5aa0000, 0x00000000f765ec20, 0x00000000f765ee00, 0x00000000f839e000)
 Metaspace       used 61925K, capacity 64738K, committed 64896K, reserved 1105920K
  class space    used 8316K, capacity 8827K, committed 8832K, reserved 1048576K
}
Event: 15.461 GC heap before
{Heap before GC invocations=133 (full 4):
 def new generation   total 19008K, used 18054K [0x00000000f0800000, 0x00000000f1c90000, 0x00000000f5aa0000)
  eden space 16960K, 100% used [0x00000000f0800000, 0x00000000f1890000, 0x00000000f1890000)
  from space 2048K,  53% used [0x00000000f1890000, 0x00000000f19a1918, 0x00000000f1a90000)
  to   space 2048K,   0% used [0x00000000f1a90000, 0x00000000f1a90000, 0x00000000f1c90000)
 tenured generation   total 41976K, used 28411K [0x00000000f5aa0000, 0x00000000f839e000, 0x0000000100000000)
   the space 41976K,  67% used [0x00000000f5aa0000, 0x00000000f765ec20, 0x00000000f765ee00, 0x00000000f839e000)
 Metaspace       used 63400K, capacity 66440K, committed 66688K, reserved 1107968K
  class space    used 8536K, capacity 9084K, committed 9088K, reserved 1048576K
Event: 15.471 GC heap after
Heap after GC invocations=134 (full 4):
 def new generation   total 19008K, used 2047K [0x00000000f0800000, 0x00000000f1c90000, 0x00000000f5aa0000)
  eden space 16960K,   0% used [0x00000000f0800000, 0x00000000f0800000, 0x00000000f1890000)
  from space 2048K,  99% used [0x00000000f1a90000, 0x00000000f1c8ffa0, 0x00000000f1c90000)
  to   space 2048K,   0% used [0x00000000f1890000, 0x00000000f1890000, 0x00000000f1a90000)
 tenured generation   total 41976K, used 28868K [0x00000000f5aa0000, 0x00000000f839e000, 0x0000000100000000)
   the space 41976K,  68% used [0x00000000f5aa0000, 0x00000000f76d1070, 0x00000000f76d1200, 0x00000000f839e000)
 Metaspace       used 63400K, capacity 66440K, committed 66688K, reserved 1107968K
  class space    used 8536K, capacity 9084K, committed 9088K, reserved 1048576K
}
Event: 15.764 GC heap before
{Heap before GC invocations=134 (full 4):
 def new generation   total 19008K, used 19007K [0x00000000f0800000, 0x00000000f1c90000, 0x00000000f5aa0000)
  eden space 16960K, 100% used [0x00000000f0800000, 0x00000000f1890000, 0x00000000f1890000)
  from space 2048K,  99% used [0x00000000f1a90000, 0x00000000f1c8ffa0, 0x00000000f1c90000)
  to   space 2048K,   0% used [0x00000000f1890000, 0x00000000f1890000, 0x00000000f1a90000)
 tenured generation   total 41976K, used 28868K [0x00000000f5aa0000, 0x00000000f839e000, 0x0000000100000000)
   the space 41976K,  68% used [0x00000000f5aa0000, 0x00000000f76d1070, 0x00000000f76d1200, 0x00000000f839e000)
 Metaspace       used 64658K, capacity 67706K, committed 67968K, reserved 1107968K
  class space    used 8755K, capacity 9311K, committed 9344K, reserved 1048576K
Event: 15.771 GC heap after
Heap after GC invocations=135 (full 4):
 def new generation   total 19008K, used 1238K [0x00000000f0800000, 0x00000000f1c90000, 0x00000000f5aa0000)
  eden space 16960K,   0% used [0x00000000f0800000, 0x00000000f0800000, 0x00000000f1890000)
  from space 2048K,  60% used [0x00000000f1890000, 0x00000000f19c58b8, 0x00000000f1a90000)
  to   space 2048K,   0% used [0x00000000f1a90000, 0x00000000f1a90000, 0x00000000f1c90000)
 tenured generation   total 41976K, used 29934K [0x00000000f5aa0000, 0x00000000f839e000, 0x0000000100000000)
   the space 41976K,  71% used [0x00000000f5aa0000, 0x00000000f77db840, 0x00000000f77dba00, 0x00000000f839e000)
 Metaspace       used 64658K, capacity 67706K, committed 67968K, reserved 1107968K
  class space    used 8755K, capacity 9311K, committed 9344K, reserved 1048576K
}
Event: 15.976 GC heap before
{Heap before GC invocations=135 (full 4):
 def new generation   total 19008K, used 18198K [0x00000000f0800000, 0x00000000f1c90000, 0x00000000f5aa0000)
  eden space 16960K, 100% used [0x00000000f0800000, 0x00000000f1890000, 0x00000000f1890000)
  from space 2048K,  60% used [0x00000000f1890000, 0x00000000f19c58b8, 0x00000000f1a90000)
  to   space 2048K,   0% used [0x00000000f1a90000, 0x00000000f1a90000, 0x00000000f1c90000)
 tenured generation   total 41976K, used 29934K [0x00000000f5aa0000, 0x00000000f839e000, 0x0000000100000000)
   the space 41976K,  71% used [0x00000000f5aa0000, 0x00000000f77db840, 0x00000000f77dba00, 0x00000000f839e000)
 Metaspace       used 64747K, capacity 67828K, committed 67968K, reserved 1107968K
  class space    used 8766K, capacity 9322K, committed 9344K, reserved 1048576K
Event: 15.988 GC heap after
Heap after GC invocations=136 (full 4):
 def new generation   total 19008K, used 1523K [0x00000000f0800000, 0x00000000f1c90000, 0x00000000f5aa0000)
  eden space 16960K,   0% used [0x00000000f0800000, 0x00000000f0800000, 0x00000000f1890000)
  from space 2048K,  74% used [0x00000000f1a90000, 0x00000000f1c0cf90, 0x00000000f1c90000)
  to   space 2048K,   0% used [0x00000000f1890000, 0x00000000f1890000, 0x00000000f1a90000)
 tenured generation   total 41976K, used 30152K [0x00000000f5aa0000, 0x00000000f839e000, 0x0000000100000000)
   the space 41976K,  71% used [0x00000000f5aa0000, 0x00000000f7812218, 0x00000000f7812400, 0x00000000f839e000)
 Metaspace       used 64747K, capacity 67828K, committed 67968K, reserved 1107968K
  class space    used 8766K, capacity 9322K, committed 9344K, reserved 1048576K
}
Event: 16.193 GC heap before
{Heap before GC invocations=136 (full 4):
 def new generation   total 19008K, used 18483K [0x00000000f0800000, 0x00000000f1c90000, 0x00000000f5aa0000)
  eden space 16960K, 100% used [0x00000000f0800000, 0x00000000f1890000, 0x00000000f1890000)
  from space 2048K,  74% used [0x00000000f1a90000, 0x00000000f1c0cf90, 0x00000000f1c90000)
  to   space 2048K,   0% used [0x00000000f1890000, 0x00000000f1890000, 0x00000000f1a90000)
 tenured generation   total 41976K, used 30152K [0x00000000f5aa0000, 0x00000000f839e000, 0x0000000100000000)
   the space 41976K,  71% used [0x00000000f5aa0000, 0x00000000f7812218, 0x00000000f7812400, 0x00000000f839e000)
 Metaspace       used 64866K, capacity 67898K, committed 67968K, reserved 1107968K
  class space    used 8777K, capacity 9323K, committed 9344K, reserved 1048576K
Event: 16.208 GC heap after
Heap after GC invocations=137 (full 4):
 def new generation   total 19008K, used 1252K [0x00000000f0800000, 0x00000000f1c90000, 0x00000000f5aa0000)
  eden space 16960K,   0% used [0x00000000f0800000, 0x00000000f0800000, 0x00000000f1890000)
  from space 2048K,  61% used [0x00000000f1890000, 0x00000000f19c90f8, 0x00000000f1a90000)
  to   space 2048K,   0% used [0x00000000f1a90000, 0x00000000f1a90000, 0x00000000f1c90000)
 tenured generation   total 41976K, used 31008K [0x00000000f5aa0000, 0x00000000f839e000, 0x0000000100000000)
   the space 41976K,  73% used [0x00000000f5aa0000, 0x00000000f78e8288, 0x00000000f78e8400, 0x00000000f839e000)
 Metaspace       used 64866K, capacity 67898K, committed 67968K, reserved 1107968K
  class space    used 8777K, capacity 9323K, committed 9344K, reserved 1048576K
}
Event: 16.358 GC heap before
{Heap before GC invocations=137 (full 4):
 def new generation   total 19008K, used 18212K [0x00000000f0800000, 0x00000000f1c90000, 0x00000000f5aa0000)
  eden space 16960K, 100% used [0x00000000f0800000, 0x00000000f1890000, 0x00000000f1890000)
  from space 2048K,  61% used [0x00000000f1890000, 0x00000000f19c90f8, 0x00000000f1a90000)
  to   space 2048K,   0% used [0x00000000f1a90000, 0x00000000f1a90000, 0x00000000f1c90000)
 tenured generation   total 41976K, used 31008K [0x00000000f5aa0000, 0x00000000f839e000, 0x0000000100000000)
   the space 41976K,  73% used [0x00000000f5aa0000, 0x00000000f78e8288, 0x00000000f78e8400, 0x00000000f839e000)
 Metaspace       used 64894K, capacity 67914K, committed 67968K, reserved 1107968K
  class space    used 8779K, capacity 9325K, committed 9344K, reserved 1048576K
Event: 16.364 GC heap after
Heap after GC invocations=138 (full 4):
 def new generation   total 19008K, used 618K [0x00000000f0800000, 0x00000000f1c90000, 0x00000000f5aa0000)
  eden space 16960K,   0% used [0x00000000f0800000, 0x00000000f0800000, 0x00000000f1890000)
  from space 2048K,  30% used [0x00000000f1a90000, 0x00000000f1b2aa20, 0x00000000f1c90000)
  to   space 2048K,   0% used [0x00000000f1890000, 0x00000000f1890000, 0x00000000f1a90000)
 tenured generation   total 41976K, used 31946K [0x00000000f5aa0000, 0x00000000f839e000, 0x0000000100000000)
   the space 41976K,  76% used [0x00000000f5aa0000, 0x00000000f79d2888, 0x00000000f79d2a00, 0x00000000f839e000)
 Metaspace       used 64894K, capacity 67914K, committed 67968K, reserved 1107968K
  class space    used 8779K, capacity 9325K, committed 9344K, reserved 1048576K
}
Event: 16.472 GC heap before
{Heap before GC invocations=138 (full 4):
 def new generation   total 19008K, used 17578K [0x00000000f0800000, 0x00000000f1c90000, 0x00000000f5aa0000)
  eden space 16960K, 100% used [0x00000000f0800000, 0x00000000f1890000, 0x00000000f1890000)
  from space 2048K,  30% used [0x00000000f1a90000, 0x00000000f1b2aa20, 0x00000000f1c90000)
  to   space 2048K,   0% used [0x00000000f1890000, 0x00000000f1890000, 0x00000000f1a90000)
 tenured generation   total 41976K, used 31946K [0x00000000f5aa0000, 0x00000000f839e000, 0x0000000100000000)
   the space 41976K,  76% used [0x00000000f5aa0000, 0x00000000f79d2888, 0x00000000f79d2a00, 0x00000000f839e000)
 Metaspace       used 64901K, capacity 68042K, committed 68224K, reserved 1107968K
  class space    used 8779K, capacity 9325K, committed 9344K, reserved 1048576K
Event: 16.477 GC heap after
Heap after GC invocations=139 (full 4):
 def new generation   total 19008K, used 1065K [0x00000000f0800000, 0x00000000f1c90000, 0x00000000f5aa0000)
  eden space 16960K,   0% used [0x00000000f0800000, 0x00000000f0800000, 0x00000000f1890000)
  from space 2048K,  52% used [0x00000000f1890000, 0x00000000f199a4b8, 0x00000000f1a90000)
  to   space 2048K,   0% used [0x00000000f1a90000, 0x00000000f1a90000, 0x00000000f1c90000)
 tenured generation   total 41976K, used 31946K [0x00000000f5aa0000, 0x00000000f839e000, 0x0000000100000000)
   the space 41976K,  76% used [0x00000000f5aa0000, 0x00000000f79d2888, 0x00000000f79d2a00, 0x00000000f839e000)
 Metaspace       used 64901K, capacity 68042K, committed 68224K, reserved 1107968K
  class space    used 8779K, capacity 9325K, committed 9344K, reserved 1048576K
}
Event: 16.602 GC heap before
{Heap before GC invocations=139 (full 4):
 def new generation   total 19008K, used 18025K [0x00000000f0800000, 0x00000000f1c90000, 0x00000000f5aa0000)
  eden space 16960K, 100% used [0x00000000f0800000, 0x00000000f1890000, 0x00000000f1890000)
  from space 2048K,  52% used [0x00000000f1890000, 0x00000000f199a4b8, 0x00000000f1a90000)
  to   space 2048K,   0% used [0x00000000f1a90000, 0x00000000f1a90000, 0x00000000f1c90000)
 tenured generation   total 41976K, used 31946K [0x00000000f5aa0000, 0x00000000f839e000, 0x0000000100000000)
   the space 41976K,  76% used [0x00000000f5aa0000, 0x00000000f79d2888, 0x00000000f79d2a00, 0x00000000f839e000)
 Metaspace       used 64928K, capacity 68066K, committed 68224K, reserved 1107968K
  class space    used 8782K, capacity 9329K, committed 9344K, reserved 1048576K
Event: 16.608 GC heap after
Heap after GC invocations=140 (full 4):
 def new generation   total 19008K, used 1066K [0x00000000f0800000, 0x00000000f1c90000, 0x00000000f5aa0000)
  eden space 16960K,   0% used [0x00000000f0800000, 0x00000000f0800000, 0x00000000f1890000)
  from space 2048K,  52% used [0x00000000f1a90000, 0x00000000f1b9aa68, 0x00000000f1c90000)
  to   space 2048K,   0% used [0x00000000f1890000, 0x00000000f1890000, 0x00000000f1a90000)
 tenured generation   total 41976K, used 32561K [0x00000000f5aa0000, 0x00000000f839e000, 0x0000000100000000)
   the space 41976K,  77% used [0x00000000f5aa0000, 0x00000000f7a6c410, 0x00000000f7a6c600, 0x00000000f839e000)
 Metaspace       used 64928K, capacity 68066K, committed 68224K, reserved 1107968K
  class space    used 8782K, capacity 9329K, committed 9344K, reserved 1048576K
}
Event: 16.743 GC heap before
{Heap before GC invocations=140 (full 4):
 def new generation   total 19008K, used 18026K [0x00000000f0800000, 0x00000000f1c90000, 0x00000000f5aa0000)
  eden space 16960K, 100% used [0x00000000f0800000, 0x00000000f1890000, 0x00000000f1890000)
  from space 2048K,  52% used [0x00000000f1a90000, 0x00000000f1b9aa68, 0x00000000f1c90000)
  to   space 2048K,   0% used [0x00000000f1890000, 0x00000000f1890000, 0x00000000f1a90000)
 tenured generation   total 41976K, used 32561K [0x00000000f5aa0000, 0x00000000f839e000, 0x0000000100000000)
   the space 41976K,  77% used [0x00000000f5aa0000, 0x00000000f7a6c410, 0x00000000f7a6c600, 0x00000000f839e000)
 Metaspace       used 64960K, capacity 68072K, committed 68224K, reserved 1107968K
  class space    used 8782K, capacity 9330K, committed 9344K, reserved 1048576K
Event: 16.748 GC heap after
Heap after GC invocations=141 (full 4):
 def new generation   total 19008K, used 1207K [0x00000000f0800000, 0x00000000f1c90000, 0x00000000f5aa0000)
  eden space 16960K,   0% used [0x00000000f0800000, 0x00000000f0800000, 0x00000000f1890000)
  from space 2048K,  58% used [0x00000000f1890000, 0x00000000f19bdf98, 0x00000000f1a90000)
  to   space 2048K,   0% used [0x00000000f1a90000, 0x00000000f1a90000, 0x00000000f1c90000)
 tenured generation   total 41976K, used 33004K [0x00000000f5aa0000, 0x00000000f839e000, 0x0000000100000000)
   the space 41976K,  78% used [0x00000000f5aa0000, 0x00000000f7adb258, 0x00000000f7adb400, 0x00000000f839e000)
 Metaspace       used 64960K, capacity 68072K, committed 68224K, reserved 1107968K
  class space    used 8782K, capacity 9330K, committed 9344K, reserved 1048576K
}
Event: 16.864 GC heap before
{Heap before GC invocations=141 (full 4):
 def new generation   total 19008K, used 18167K [0x00000000f0800000, 0x00000000f1c90000, 0x00000000f5aa0000)
  eden space 16960K, 100% used [0x00000000f0800000, 0x00000000f1890000, 0x00000000f1890000)
  from space 2048K,  58% used [0x00000000f1890000, 0x00000000f19bdf98, 0x00000000f1a90000)
  to   space 2048K,   0% used [0x00000000f1a90000, 0x00000000f1a90000, 0x00000000f1c90000)
 tenured generation   total 41976K, used 33004K [0x00000000f5aa0000, 0x00000000f839e000, 0x0000000100000000)
   the space 41976K,  78% used [0x00000000f5aa0000, 0x00000000f7adb258, 0x00000000f7adb400, 0x00000000f839e000)
 Metaspace       used 64966K, capacity 68072K, committed 68224K, reserved 1107968K
  class space    used 8782K, capacity 9330K, committed 9344K, reserved 1048576K
Event: 16.870 GC heap after
Heap after GC invocations=142 (full 4):
 def new generation   total 19008K, used 1160K [0x00000000f0800000, 0x00000000f1c90000, 0x00000000f5aa0000)
  eden space 16960K,   0% used [0x00000000f0800000, 0x00000000f0800000, 0x00000000f1890000)
  from space 2048K,  56% used [0x00000000f1a90000, 0x00000000f1bb2198, 0x00000000f1c90000)
  to   space 2048K,   0% used [0x00000000f1890000, 0x00000000f1890000, 0x00000000f1a90000)
 tenured generation   total 41976K, used 33610K [0x00000000f5aa0000, 0x00000000f839e000, 0x0000000100000000)
   the space 41976K,  80% used [0x00000000f5aa0000, 0x00000000f7b72998, 0x00000000f7b72a00, 0x00000000f839e000)
 Metaspace       used 64966K, capacity 68072K, committed 68224K, reserved 1107968K
  class space    used 8782K, capacity 9330K, committed 9344K, reserved 1048576K
}
Event: 16.988 GC heap before
{Heap before GC invocations=142 (full 4):
 def new generation   total 19008K, used 18120K [0x00000000f0800000, 0x00000000f1c90000, 0x00000000f5aa0000)
  eden space 16960K, 100% used [0x00000000f0800000, 0x00000000f1890000, 0x00000000f1890000)
  from space 2048K,  56% used [0x00000000f1a90000, 0x00000000f1bb2198, 0x00000000f1c90000)
  to   space 2048K,   0% used [0x00000000f1890000, 0x00000000f1890000, 0x00000000f1a90000)
 tenured generation   total 41976K, used 33610K [0x00000000f5aa0000, 0x00000000f839e000, 0x0000000100000000)
   the space 41976K,  80% used [0x00000000f5aa0000, 0x00000000f7b72998, 0x00000000f7b72a00, 0x00000000f839e000)
 Metaspace       used 65023K, capacity 68170K, committed 68352K, reserved 1107968K
  class space    used 8791K, capacity 9363K, committed 9472K, reserved 1048576K
Event: 16.997 GC heap after
Heap after GC invocations=143 (full 4):
 def new generation   total 19008K, used 952K [0x00000000f0800000, 0x00000000f1c90000, 0x00000000f5aa0000)
  eden space 16960K,   0% used [0x00000000f0800000, 0x00000000f0800000, 0x00000000f1890000)
  from space 2048K,  46% used [0x00000000f1890000, 0x00000000f197e028, 0x00000000f1a90000)
  to   space 2048K,   0% used [0x00000000f1a90000, 0x00000000f1a90000, 0x00000000f1c90000)
 tenured generation   total 41976K, used 34208K [0x00000000f5aa0000, 0x00000000f839e000, 0x0000000100000000)
   the space 41976K,  81% used [0x00000000f5aa0000, 0x00000000f7c08010, 0x00000000f7c08200, 0x00000000f839e000)
 Metaspace       used 65023K, capacity 68170K, committed 68352K, reserved 1107968K
  class space    used 8791K, capacity 9363K, committed 9472K, reserved 1048576K
}
Event: 17.144 GC heap before
{Heap before GC invocations=143 (full 4):
 def new generation   total 19008K, used 17912K [0x00000000f0800000, 0x00000000f1c90000, 0x00000000f5aa0000)
  eden space 16960K, 100% used [0x00000000f0800000, 0x00000000f1890000, 0x00000000f1890000)
  from space 2048K,  46% used [0x00000000f1890000, 0x00000000f197e028, 0x00000000f1a90000)
  to   space 2048K,   0% used [0x00000000f1a90000, 0x00000000f1a90000, 0x00000000f1c90000)
 tenured generation   total 41976K, used 34208K [0x00000000f5aa0000, 0x00000000f839e000, 0x0000000100000000)
   the space 41976K,  81% used [0x00000000f5aa0000, 0x00000000f7c08010, 0x00000000f7c08200, 0x00000000f839e000)
 Metaspace       used 65178K, capacity 68300K, committed 68608K, reserved 1107968K
  class space    used 8813K, capacity 9364K, committed 9472K, reserved 1048576K
Event: 17.152 GC heap after
Heap after GC invocations=144 (full 4):
 def new generation   total 19008K, used 1500K [0x00000000f0800000, 0x00000000f1c90000, 0x00000000f5aa0000)
  eden space 16960K,   0% used [0x00000000f0800000, 0x00000000f0800000, 0x00000000f1890000)
  from space 2048K,  73% used [0x00000000f1a90000, 0x00000000f1c07128, 0x00000000f1c90000)
  to   space 2048K,   0% used [0x00000000f1890000, 0x00000000f1890000, 0x00000000f1a90000)
 tenured generation   total 41976K, used 34208K [0x00000000f5aa0000, 0x00000000f839e000, 0x0000000100000000)
   the space 41976K,  81% used [0x00000000f5aa0000, 0x00000000f7c08010, 0x00000000f7c08200, 0x00000000f839e000)
 Metaspace       used 65178K, capacity 68300K, committed 68608K, reserved 1107968K
  class space    used 8813K, capacity 9364K, committed 9472K, reserved 1048576K
}
Event: 17.256 GC heap before
{Heap before GC invocations=144 (full 4):
 def new generation   total 19008K, used 18460K [0x00000000f0800000, 0x00000000f1c90000, 0x00000000f5aa0000)
  eden space 16960K, 100% used [0x00000000f0800000, 0x00000000f1890000, 0x00000000f1890000)
  from space 2048K,  73% used [0x00000000f1a90000, 0x00000000f1c07128, 0x00000000f1c90000)
  to   space 2048K,   0% used [0x00000000f1890000, 0x00000000f1890000, 0x00000000f1a90000)
 tenured generation   total 41976K, used 34208K [0x00000000f5aa0000, 0x00000000f839e000, 0x0000000100000000)
   the space 41976K,  81% used [0x00000000f5aa0000, 0x00000000f7c08010, 0x00000000f7c08200, 0x00000000f839e000)
 Metaspace       used 65187K, capacity 68300K, committed 68608K, reserved 1107968K
  class space    used 8815K, capacity 9364K, committed 9472K, reserved 1048576K
Event: 17.262 GC heap after
Heap after GC invocations=145 (full 4):
 def new generation   total 19008K, used 1119K [0x00000000f0800000, 0x00000000f1c90000, 0x00000000f5aa0000)
  eden space 16960K,   0% used [0x00000000f0800000, 0x00000000f0800000, 0x00000000f1890000)
  from space 2048K,  54% used [0x00000000f1890000, 0x00000000f19a7d00, 0x00000000f1a90000)
  to   space 2048K,   0% used [0x00000000f1a90000, 0x00000000f1a90000, 0x00000000f1c90000)
 tenured generation   total 41976K, used 34767K [0x00000000f5aa0000, 0x00000000f839e000, 0x0000000100000000)
   the space 41976K,  82% used [0x00000000f5aa0000, 0x00000000f7c93c00, 0x00000000f7c93c00, 0x00000000f839e000)
 Metaspace       used 65187K, capacity 68300K, committed 68608K, reserved 1107968K
  class space    used 8815K, capacity 9364K, committed 9472K, reserved 1048576K
}
Event: 17.421 GC heap before
{Heap before GC invocations=145 (full 4):
 def new generation   total 19008K, used 18079K [0x00000000f0800000, 0x00000000f1c90000, 0x00000000f5aa0000)
  eden space 16960K, 100% used [0x00000000f0800000, 0x00000000f1890000, 0x00000000f1890000)
  from space 2048K,  54% used [0x00000000f1890000, 0x00000000f19a7d00, 0x00000000f1a90000)
  to   space 2048K,   0% used [0x00000000f1a90000, 0x00000000f1a90000, 0x00000000f1c90000)
 tenured generation   total 41976K, used 34767K [0x00000000f5aa0000, 0x00000000f839e000, 0x0000000100000000)
   the space 41976K,  82% used [0x00000000f5aa0000, 0x00000000f7c93c00, 0x00000000f7c93c00, 0x00000000f839e000)
 Metaspace       used 65426K, capacity 68564K, committed 68864K, reserved 1107968K
  class space    used 8852K, capacity 9404K, committed 9472K, reserved 1048576K
Event: 17.427 GC heap after
Heap after GC invocations=146 (full 4):
 def new generation   total 19008K, used 1525K [0x00000000f0800000, 0x00000000f1c90000, 0x00000000f5aa0000)
  eden space 16960K,   0% used [0x00000000f0800000, 0x00000000f0800000, 0x00000000f1890000)
  from space 2048K,  74% used [0x00000000f1a90000, 0x00000000f1c0d580, 0x00000000f1c90000)
  to   space 2048K,   0% used [0x00000000f1890000, 0x00000000f1890000, 0x00000000f1a90000)
 tenured generation   total 41976K, used 35097K [0x00000000f5aa0000, 0x00000000f839e000, 0x0000000100000000)
   the space 41976K,  83% used [0x00000000f5aa0000, 0x00000000f7ce6648, 0x00000000f7ce6800, 0x00000000f839e000)
 Metaspace       used 65426K, capacity 68564K, committed 68864K, reserved 1107968K
  class space    used 8852K, capacity 9404K, committed 9472K, reserved 1048576K
}
Event: 17.748 GC heap before
{Heap before GC invocations=146 (full 4):
 def new generation   total 19008K, used 18485K [0x00000000f0800000, 0x00000000f1c90000, 0x00000000f5aa0000)
  eden space 16960K, 100% used [0x00000000f0800000, 0x00000000f1890000, 0x00000000f1890000)
  from space 2048K,  74% used [0x00000000f1a90000, 0x00000000f1c0d580, 0x00000000f1c90000)
  to   space 2048K,   0% used [0x00000000f1890000, 0x00000000f1890000, 0x00000000f1a90000)
 tenured generation   total 41976K, used 35097K [0x00000000f5aa0000, 0x00000000f839e000, 0x0000000100000000)
   the space 41976K,  83% used [0x00000000f5aa0000, 0x00000000f7ce6648, 0x00000000f7ce6800, 0x00000000f839e000)
 Metaspace       used 66559K, capacity 69806K, committed 70016K, reserved 1110016K
  class space    used 9006K, capacity 9587K, committed 9600K, reserved 1048576K
Event: 17.758 GC heap after
Heap after GC invocations=147 (full 4):
 def new generation   total 19008K, used 1496K [0x00000000f0800000, 0x00000000f1c90000, 0x00000000f5aa0000)
  eden space 16960K,   0% used [0x00000000f0800000, 0x00000000f0800000, 0x00000000f1890000)
  from space 2048K,  73% used [0x00000000f1890000, 0x00000000f1a062e0, 0x00000000f1a90000)
  to   space 2048K,   0% used [0x00000000f1a90000, 0x00000000f1a90000, 0x00000000f1c90000)
 tenured generation   total 41976K, used 35390K [0x00000000f5aa0000, 0x00000000f839e000, 0x0000000100000000)
   the space 41976K,  84% used [0x00000000f5aa0000, 0x00000000f7d2f880, 0x00000000f7d2fa00, 0x00000000f839e000)
 Metaspace       used 66559K, capacity 69806K, committed 70016K, reserved 1110016K
  class space    used 9006K, capacity 9587K, committed 9600K, reserved 1048576K
}
Event: 17.990 GC heap before
{Heap before GC invocations=147 (full 4):
 def new generation   total 19008K, used 18456K [0x00000000f0800000, 0x00000000f1c90000, 0x00000000f5aa0000)
  eden space 16960K, 100% used [0x00000000f0800000, 0x00000000f1890000, 0x00000000f1890000)
  from space 2048K,  73% used [0x00000000f1890000, 0x00000000f1a062e0, 0x00000000f1a90000)
  to   space 2048K,   0% used [0x00000000f1a90000, 0x00000000f1a90000, 0x00000000f1c90000)
 tenured generation   total 41976K, used 35390K [0x00000000f5aa0000, 0x00000000f839e000, 0x0000000100000000)
   the space 41976K,  84% used [0x00000000f5aa0000, 0x00000000f7d2f880, 0x00000000f7d2fa00, 0x00000000f839e000)
 Metaspace       used 66818K, capacity 70070K, committed 70400K, reserved 1110016K
  class space    used 9042K, capacity 9627K, committed 9728K, reserved 1048576K
Event: 18.004 GC heap after
Heap after GC invocations=148 (full 4):
 def new generation   total 19008K, used 1149K [0x00000000f0800000, 0x00000000f1c90000, 0x00000000f5aa0000)
  eden space 16960K,   0% used [0x00000000f0800000, 0x00000000f0800000, 0x00000000f1890000)
  from space 2048K,  56% used [0x00000000f1a90000, 0x00000000f1baf570, 0x00000000f1c90000)
  to   space 2048K,   0% used [0x00000000f1890000, 0x00000000f1890000, 0x00000000f1a90000)
 tenured generation   total 41976K, used 36022K [0x00000000f5aa0000, 0x00000000f839e000, 0x0000000100000000)
   the space 41976K,  85% used [0x00000000f5aa0000, 0x00000000f7dcdb70, 0x00000000f7dcdc00, 0x00000000f839e000)
 Metaspace       used 66818K, capacity 70070K, committed 70400K, reserved 1110016K
  class space    used 9042K, capacity 9627K, committed 9728K, reserved 1048576K
}
Event: 18.110 GC heap before
{Heap before GC invocations=148 (full 4):
 def new generation   total 19008K, used 18109K [0x00000000f0800000, 0x00000000f1c90000, 0x00000000f5aa0000)
  eden space 16960K, 100% used [0x00000000f0800000, 0x00000000f1890000, 0x00000000f1890000)
  from space 2048K,  56% used [0x00000000f1a90000, 0x00000000f1baf570, 0x00000000f1c90000)
  to   space 2048K,   0% used [0x00000000f1890000, 0x00000000f1890000, 0x00000000f1a90000)
 tenured generation   total 41976K, used 36022K [0x00000000f5aa0000, 0x00000000f839e000, 0x0000000100000000)
   the space 41976K,  85% used [0x00000000f5aa0000, 0x00000000f7dcdb70, 0x00000000f7dcdc00, 0x00000000f839e000)
 Metaspace       used 66829K, capacity 70070K, committed 70400K, reserved 1110016K
  class space    used 9042K, capacity 9627K, committed 9728K, reserved 1048576K
Event: 18.116 GC heap after
Heap after GC invocations=149 (full 4):
 def new generation   total 19008K, used 1110K [0x00000000f0800000, 0x00000000f1c90000, 0x00000000f5aa0000)
  eden space 16960K,   0% used [0x00000000f0800000, 0x00000000f0800000, 0x00000000f1890000)
  from space 2048K,  54% used [0x00000000f1890000, 0x00000000f19a5ae0, 0x00000000f1a90000)
  to   space 2048K,   0% used [0x00000000f1a90000, 0x00000000f1a90000, 0x00000000f1c90000)
 tenured generation   total 41976K, used 36843K [0x00000000f5aa0000, 0x00000000f839e000, 0x0000000100000000)
   the space 41976K,  87% used [0x00000000f5aa0000, 0x00000000f7e9ac78, 0x00000000f7e9ae00, 0x00000000f839e000)
 Metaspace       used 66829K, capacity 70070K, committed 70400K, reserved 1110016K
  class space    used 9042K, capacity 9627K, committed 9728K, reserved 1048576K
}
Event: 18.261 GC heap before
{Heap before GC invocations=149 (full 4):
 def new generation   total 19008K, used 18070K [0x00000000f0800000, 0x00000000f1c90000, 0x00000000f5aa0000)
  eden space 16960K, 100% used [0x00000000f0800000, 0x00000000f1890000, 0x00000000f1890000)
  from space 2048K,  54% used [0x00000000f1890000, 0x00000000f19a5ae0, 0x00000000f1a90000)
  to   space 2048K,   0% used [0x00000000f1a90000, 0x00000000f1a90000, 0x00000000f1c90000)
 tenured generation   total 41976K, used 36843K [0x00000000f5aa0000, 0x00000000f839e000, 0x0000000100000000)
   the space 41976K,  87% used [0x00000000f5aa0000, 0x00000000f7e9ac78, 0x00000000f7e9ae00, 0x00000000f839e000)
 Metaspace       used 66853K, capacity 70076K, committed 70400K, reserved 1110016K
  class space    used 9043K, capacity 9628K, committed 9728K, reserved 1048576K
Event: 18.267 GC heap after
Heap after GC invocations=150 (full 4):
 def new generation   total 19008K, used 1326K [0x00000000f0800000, 0x00000000f1c90000, 0x00000000f5aa0000)
  eden space 16960K,   0% used [0x00000000f0800000, 0x00000000f0800000, 0x00000000f1890000)
  from space 2048K,  64% used [0x00000000f1a90000, 0x00000000f1bdb810, 0x00000000f1c90000)
  to   space 2048K,   0% used [0x00000000f1890000, 0x00000000f1890000, 0x00000000f1a90000)
 tenured generation   total 41976K, used 37565K [0x00000000f5aa0000, 0x00000000f839e000, 0x0000000100000000)
   the space 41976K,  89% used [0x00000000f5aa0000, 0x00000000f7f4f780, 0x00000000f7f4f800, 0x00000000f839e000)
 Metaspace       used 66853K, capacity 70076K, committed 70400K, reserved 1110016K
  class space    used 9043K, capacity 9628K, committed 9728K, reserved 1048576K
}
Event: 18.479 GC heap before
{Heap before GC invocations=150 (full 4):
 def new generation   total 19008K, used 18286K [0x00000000f0800000, 0x00000000f1c90000, 0x00000000f5aa0000)
  eden space 16960K, 100% used [0x00000000f0800000, 0x00000000f1890000, 0x00000000f1890000)
  from space 2048K,  64% used [0x00000000f1a90000, 0x00000000f1bdb810, 0x00000000f1c90000)
  to   space 2048K,   0% used [0x00000000f1890000, 0x00000000f1890000, 0x00000000f1a90000)
 tenured generation   total 41976K, used 37565K [0x00000000f5aa0000, 0x00000000f839e000, 0x0000000100000000)
   the space 41976K,  89% used [0x00000000f5aa0000, 0x00000000f7f4f780, 0x00000000f7f4f800, 0x00000000f839e000)
 Metaspace       used 66932K, capacity 70152K, committed 70400K, reserved 1110016K
  class space    used 9044K, capacity 9628K, committed 9728K, reserved 1048576K
Event: 18.487 GC heap after
Heap after GC invocations=151 (full 4):
 def new generation   total 19008K, used 1131K [0x00000000f0800000, 0x00000000f1c90000, 0x00000000f5aa0000)
  eden space 16960K,   0% used [0x00000000f0800000, 0x00000000f0800000, 0x00000000f1890000)
  from space 2048K,  55% used [0x00000000f1890000, 0x00000000f19aac30, 0x00000000f1a90000)
  to   space 2048K,   0% used [0x00000000f1a90000, 0x00000000f1a90000, 0x00000000f1c90000)
 tenured generation   total 41976K, used 38478K [0x00000000f5aa0000, 0x00000000f839e000, 0x0000000100000000)
   the space 41976K,  91% used [0x00000000f5aa0000, 0x00000000f8033998, 0x00000000f8033a00, 0x00000000f839e000)
 Metaspace       used 66932K, capacity 70152K, committed 70400K, reserved 1110016K
  class space    used 9044K, capacity 9628K, committed 9728K, reserved 1048576K
}
Event: 18.612 GC heap before
{Heap before GC invocations=151 (full 4):
 def new generation   total 19008K, used 18091K [0x00000000f0800000, 0x00000000f1c90000, 0x00000000f5aa0000)
  eden space 16960K, 100% used [0x00000000f0800000, 0x00000000f1890000, 0x00000000f1890000)
  from space 2048K,  55% used [0x00000000f1890000, 0x00000000f19aac30, 0x00000000f1a90000)
  to   space 2048K,   0% used [0x00000000f1a90000, 0x00000000f1a90000, 0x00000000f1c90000)
 tenured generation   total 41976K, used 38478K [0x00000000f5aa0000, 0x00000000f839e000, 0x0000000100000000)
   the space 41976K,  91% used [0x00000000f5aa0000, 0x00000000f8033998, 0x00000000f8033a00, 0x00000000f839e000)
 Metaspace       used 66938K, capacity 70152K, committed 70400K, reserved 1110016K
  class space    used 9044K, capacity 9628K, committed 9728K, reserved 1048576K
Event: 18.618 GC heap after
Heap after GC invocations=152 (full 4):
 def new generation   total 19008K, used 507K [0x00000000f0800000, 0x00000000f1c90000, 0x00000000f5aa0000)
  eden space 16960K,   0% used [0x00000000f0800000, 0x00000000f0800000, 0x00000000f1890000)
  from space 2048K,  24% used [0x00000000f1a90000, 0x00000000f1b0ef28, 0x00000000f1c90000)
  to   space 2048K,   0% used [0x00000000f1890000, 0x00000000f1890000, 0x00000000f1a90000)
 tenured generation   total 41976K, used 39517K [0x00000000f5aa0000, 0x00000000f839e000, 0x0000000100000000)
   the space 41976K,  94% used [0x00000000f5aa0000, 0x00000000f81375a0, 0x00000000f8137600, 0x00000000f839e000)
 Metaspace       used 66938K, capacity 70152K, committed 70400K, reserved 1110016K
  class space    used 9044K, capacity 9628K, committed 9728K, reserved 1048576K
}
Event: 18.763 GC heap before
{Heap before GC invocations=152 (full 4):
 def new generation   total 19008K, used 17467K [0x00000000f0800000, 0x00000000f1c90000, 0x00000000f5aa0000)
  eden space 16960K, 100% used [0x00000000f0800000, 0x00000000f1890000, 0x00000000f1890000)
  from space 2048K,  24% used [0x00000000f1a90000, 0x00000000f1b0ef28, 0x00000000f1c90000)
  to   space 2048K,   0% used [0x00000000f1890000, 0x00000000f1890000, 0x00000000f1a90000)
 tenured generation   total 41976K, used 39517K [0x00000000f5aa0000, 0x00000000f839e000, 0x0000000100000000)
   the space 41976K,  94% used [0x00000000f5aa0000, 0x00000000f81375a0, 0x00000000f8137600, 0x00000000f839e000)
 Metaspace       used 66961K, capacity 70216K, committed 70400K, reserved 1110016K
  class space    used 9044K, capacity 9628K, committed 9728K, reserved 1048576K
Event: 18.768 GC heap after
Heap after GC invocations=153 (full 4):
 def new generation   total 19008K, used 1113K [0x00000000f0800000, 0x00000000f1c90000, 0x00000000f5aa0000)
  eden space 16960K,   0% used [0x00000000f0800000, 0x00000000f0800000, 0x00000000f1890000)
  from space 2048K,  54% used [0x00000000f1890000, 0x00000000f19a6638, 0x00000000f1a90000)
  to   space 2048K,   0% used [0x00000000f1a90000, 0x00000000f1a90000, 0x00000000f1c90000)
 tenured generation   total 41976K, used 39517K [0x00000000f5aa0000, 0x00000000f839e000, 0x0000000100000000)
   the space 41976K,  94% used [0x00000000f5aa0000, 0x00000000f81375a0, 0x00000000f8137600, 0x00000000f839e000)
 Metaspace       used 66961K, capacity 70216K, committed 70400K, reserved 1110016K
  class space    used 9044K, capacity 9628K, committed 9728K, reserved 1048576K
}
Event: 19.093 GC heap before
{Heap before GC invocations=153 (full 4):
 def new generation   total 19008K, used 18073K [0x00000000f0800000, 0x00000000f1c90000, 0x00000000f5aa0000)
  eden space 16960K, 100% used [0x00000000f0800000, 0x00000000f1890000, 0x00000000f1890000)
  from space 2048K,  54% used [0x00000000f1890000, 0x00000000f19a6638, 0x00000000f1a90000)
  to   space 2048K,   0% used [0x00000000f1a90000, 0x00000000f1a90000, 0x00000000f1c90000)
 tenured generation   total 41976K, used 39517K [0x00000000f5aa0000, 0x00000000f839e000, 0x0000000100000000)
   the space 41976K,  94% used [0x00000000f5aa0000, 0x00000000f81375a0, 0x00000000f8137600, 0x00000000f839e000)
 Metaspace       used 68249K, capacity 71506K, committed 71808K, reserved 1112064K
  class space    used 9171K, capacity 9731K, committed 9856K, reserved 1048576K
Event: 19.109 GC heap after
Heap after GC invocations=154 (full 4):
 def new generation   total 19008K, used 2048K [0x00000000f0800000, 0x00000000f1c90000, 0x00000000f5aa0000)
  eden space 16960K,   0% used [0x00000000f0800000, 0x00000000f0800000, 0x00000000f1890000)
  from space 2048K, 100% used [0x00000000f1a90000, 0x00000000f1c90000, 0x00000000f1c90000)
  to   space 2048K,   0% used [0x00000000f1890000, 0x00000000f1890000, 0x00000000f1a90000)
 tenured generation   total 41976K, used 40471K [0x00000000f5aa0000, 0x00000000f839e000, 0x0000000100000000)
   the space 41976K,  96% used [0x00000000f5aa0000, 0x00000000f8225d38, 0x00000000f8225e00, 0x00000000f839e000)
 Metaspace       used 68249K, capacity 71506K, committed 71808K, reserved 1112064K
  class space    used 9171K, capacity 9731K, committed 9856K, reserved 1048576K
}
Event: 19.272 GC heap before
{Heap before GC invocations=154 (full 4):
 def new generation   total 19008K, used 18989K [0x00000000f0800000, 0x00000000f1c90000, 0x00000000f5aa0000)
  eden space 16960K,  99% used [0x00000000f0800000, 0x00000000f188b608, 0x00000000f1890000)
  from space 2048K, 100% used [0x00000000f1a90000, 0x00000000f1c90000, 0x00000000f1c90000)
  to   space 2048K,   0% used [0x00000000f1890000, 0x00000000f1890000, 0x00000000f1a90000)
 tenured generation   total 41976K, used 40471K [0x00000000f5aa0000, 0x00000000f839e000, 0x0000000100000000)
   the space 41976K,  96% used [0x00000000f5aa0000, 0x00000000f8225d38, 0x00000000f8225e00, 0x00000000f839e000)
 Metaspace       used 68839K, capacity 72146K, committed 72320K, reserved 1112064K
  class space    used 9227K, capacity 9795K, committed 9856K, reserved 1048576K
Event: 19.284 GC heap after
Heap after GC invocations=155 (full 4):
 def new generation   total 19008K, used 1009K [0x00000000f0800000, 0x00000000f1c90000, 0x00000000f5aa0000)
  eden space 16960K,   0% used [0x00000000f0800000, 0x00000000f0800000, 0x00000000f1890000)
  from space 2048K,  49% used [0x00000000f1890000, 0x00000000f198c658, 0x00000000f1a90000)
  to   space 2048K,   0% used [0x00000000f1a90000, 0x00000000f1a90000, 0x00000000f1c90000)
 tenured generation   total 41976K, used 41933K [0x00000000f5aa0000, 0x00000000f839e000, 0x0000000100000000)
   the space 41976K,  99% used [0x00000000f5aa0000, 0x00000000f8393578, 0x00000000f8393600, 0x00000000f839e000)
 Metaspace       used 68839K, capacity 72146K, committed 72320K, reserved 1112064K
  class space    used 9227K, capacity 9795K, committed 9856K, reserved 1048576K
}
Event: 19.287 GC heap before
{Heap before GC invocations=155 (full 4):
 def new generation   total 19008K, used 17965K [0x00000000f0800000, 0x00000000f1c90000, 0x00000000f5aa0000)
  eden space 16960K,  99% used [0x00000000f0800000, 0x00000000f188eee0, 0x00000000f1890000)
  from space 2048K,  49% used [0x00000000f1890000, 0x00000000f198c658, 0x00000000f1a90000)
  to   space 2048K,   0% used [0x00000000f1a90000, 0x00000000f1a90000, 0x00000000f1c90000)
 tenured generation   total 41976K, used 41933K [0x00000000f5aa0000, 0x00000000f839e000, 0x0000000100000000)
   the space 41976K,  99% used [0x00000000f5aa0000, 0x00000000f8393578, 0x00000000f8393600, 0x00000000f839e000)
 Metaspace       used 68839K, capacity 72146K, committed 72320K, reserved 1112064K
  class space    used 9227K, capacity 9795K, committed 9856K, reserved 1048576K
Event: 19.290 GC heap after
Heap after GC invocations=156 (full 4):
 def new generation   total 19008K, used 1035K [0x00000000f0800000, 0x00000000f1c90000, 0x00000000f5aa0000)
  eden space 16960K,   0% used [0x00000000f0800000, 0x00000000f0800000, 0x00000000f1890000)
  from space 2048K,  50% used [0x00000000f1a90000, 0x00000000f1b92c38, 0x00000000f1c90000)
  to   space 2048K,   0% used [0x00000000f1890000, 0x00000000f1890000, 0x00000000f1a90000)
 tenured generation   total 41976K, used 41933K [0x00000000f5aa0000, 0x00000000f839e000, 0x0000000100000000)
   the space 41976K,  99% used [0x00000000f5aa0000, 0x00000000f8393578, 0x00000000f8393600, 0x00000000f839e000)
 Metaspace       used 68839K, capacity 72146K, committed 72320K, reserved 1112064K
  class space    used 9227K, capacity 9795K, committed 9856K, reserved 1048576K
}
Event: 19.429 GC heap before
{Heap before GC invocations=156 (full 4):
 def new generation   total 19008K, used 17995K [0x00000000f0800000, 0x00000000f1c90000, 0x00000000f5aa0000)
  eden space 16960K, 100% used [0x00000000f0800000, 0x00000000f1890000, 0x00000000f1890000)
  from space 2048K,  50% used [0x00000000f1a90000, 0x00000000f1b92c38, 0x00000000f1c90000)
  to   space 2048K,   0% used [0x00000000f1890000, 0x00000000f1890000, 0x00000000f1a90000)
 tenured generation   total 41976K, used 41933K [0x00000000f5aa0000, 0x00000000f839e000, 0x0000000100000000)
   the space 41976K,  99% used [0x00000000f5aa0000, 0x00000000f8393578, 0x00000000f8393600, 0x00000000f839e000)
 Metaspace       used 69151K, capacity 72434K, committed 72576K, reserved 1112064K
  class space    used 9254K, capacity 9827K, committed 9856K, reserved 1048576K
Event: 19.582 GC heap after
Heap after GC invocations=157 (full 5):
 def new generation   total 24256K, used 0K [0x00000000f0800000, 0x00000000f2250000, 0x00000000f5aa0000)
  eden space 21568K,   0% used [0x00000000f0800000, 0x00000000f0800000, 0x00000000f1d10000)
  from space 2688K,   0% used [0x00000000f1d10000, 0x00000000f1d10000, 0x00000000f1fb0000)
  to   space 2688K,   0% used [0x00000000f1fb0000, 0x00000000f1fb0000, 0x00000000f2250000)
 tenured generation   total 53832K, used 32297K [0x00000000f5aa0000, 0x00000000f8f32000, 0x0000000100000000)
   the space 53832K,  59% used [0x00000000f5aa0000, 0x00000000f7a2a7e8, 0x00000000f7a2a800, 0x00000000f8f32000)
 Metaspace       used 69151K, capacity 72434K, committed 72576K, reserved 1112064K
  class space    used 9254K, capacity 9827K, committed 9856K, reserved 1048576K
}
Event: 19.841 GC heap before
{Heap before GC invocations=157 (full 5):
 def new generation   total 24256K, used 21568K [0x00000000f0800000, 0x00000000f2250000, 0x00000000f5aa0000)
  eden space 21568K, 100% used [0x00000000f0800000, 0x00000000f1d10000, 0x00000000f1d10000)
  from space 2688K,   0% used [0x00000000f1d10000, 0x00000000f1d10000, 0x00000000f1fb0000)
  to   space 2688K,   0% used [0x00000000f1fb0000, 0x00000000f1fb0000, 0x00000000f2250000)
 tenured generation   total 53832K, used 32297K [0x00000000f5aa0000, 0x00000000f8f32000, 0x0000000100000000)
   the space 53832K,  59% used [0x00000000f5aa0000, 0x00000000f7a2a7e8, 0x00000000f7a2a800, 0x00000000f8f32000)
 Metaspace       used 69246K, capacity 72512K, committed 72576K, reserved 1112064K
  class space    used 9264K, capacity 9830K, committed 9856K, reserved 1048576K
Event: 19.847 GC heap after
Heap after GC invocations=158 (full 5):
 def new generation   total 24256K, used 992K [0x00000000f0800000, 0x00000000f2250000, 0x00000000f5aa0000)
  eden space 21568K,   0% used [0x00000000f0800000, 0x00000000f0800000, 0x00000000f1d10000)
  from space 2688K,  36% used [0x00000000f1fb0000, 0x00000000f20a8118, 0x00000000f2250000)
  to   space 2688K,   0% used [0x00000000f1d10000, 0x00000000f1d10000, 0x00000000f1fb0000)
 tenured generation   total 53832K, used 32297K [0x00000000f5aa0000, 0x00000000f8f32000, 0x0000000100000000)
   the space 53832K,  59% used [0x00000000f5aa0000, 0x00000000f7a2a7e8, 0x00000000f7a2a800, 0x00000000f8f32000)
 Metaspace       used 69246K, capacity 72512K, committed 72576K, reserved 1112064K
  class space    used 9264K, capacity 9830K, committed 9856K, reserved 1048576K
}
Event: 20.138 GC heap before
{Heap before GC invocations=158 (full 5):
 def new generation   total 24256K, used 22560K [0x00000000f0800000, 0x00000000f2250000, 0x00000000f5aa0000)
  eden space 21568K, 100% used [0x00000000f0800000, 0x00000000f1d10000, 0x00000000f1d10000)
  from space 2688K,  36% used [0x00000000f1fb0000, 0x00000000f20a8118, 0x00000000f2250000)
  to   space 2688K,   0% used [0x00000000f1d10000, 0x00000000f1d10000, 0x00000000f1fb0000)
 tenured generation   total 53832K, used 32297K [0x00000000f5aa0000, 0x00000000f8f32000, 0x0000000100000000)
   the space 53832K,  59% used [0x00000000f5aa0000, 0x00000000f7a2a7e8, 0x00000000f7a2a800, 0x00000000f8f32000)
 Metaspace       used 69356K, capacity 72618K, committed 72960K, reserved 1112064K
  class space    used 9269K, capacity 9863K, committed 9984K, reserved 1048576K
Event: 20.146 GC heap after
Heap after GC invocations=159 (full 5):
 def new generation   total 24256K, used 1806K [0x00000000f0800000, 0x00000000f2250000, 0x00000000f5aa0000)
  eden space 21568K,   0% used [0x00000000f0800000, 0x00000000f0800000, 0x00000000f1d10000)
  from space 2688K,  67% used [0x00000000f1d10000, 0x00000000f1ed3b40, 0x00000000f1fb0000)
  to   space 2688K,   0% used [0x00000000f1fb0000, 0x00000000f1fb0000, 0x00000000f2250000)
 tenured generation   total 53832K, used 32297K [0x00000000f5aa0000, 0x00000000f8f32000, 0x0000000100000000)
   the space 53832K,  59% used [0x00000000f5aa0000, 0x00000000f7a2a7e8, 0x00000000f7a2a800, 0x00000000f8f32000)
 Metaspace       used 69356K, capacity 72618K, committed 72960K, reserved 1112064K
  class space    used 9269K, capacity 9863K, committed 9984K, reserved 1048576K
}
Event: 20.395 GC heap before
{Heap before GC invocations=159 (full 5):
 def new generation   total 24256K, used 23374K [0x00000000f0800000, 0x00000000f2250000, 0x00000000f5aa0000)
  eden space 21568K, 100% used [0x00000000f0800000, 0x00000000f1d10000, 0x00000000f1d10000)
  from space 2688K,  67% used [0x00000000f1d10000, 0x00000000f1ed3b40, 0x00000000f1fb0000)
  to   space 2688K,   0% used [0x00000000f1fb0000, 0x00000000f1fb0000, 0x00000000f2250000)
 tenured generation   total 53832K, used 32297K [0x00000000f5aa0000, 0x00000000f8f32000, 0x0000000100000000)
   the space 53832K,  59% used [0x00000000f5aa0000, 0x00000000f7a2a7e8, 0x00000000f7a2a800, 0x00000000f8f32000)
 Metaspace       used 69679K, capacity 72970K, committed 73216K, reserved 1112064K
  class space    used 9309K, capacity 9895K, committed 9984K, reserved 1048576K
Event: 20.402 GC heap after
Heap after GC invocations=160 (full 5):
 def new generation   total 24256K, used 1626K [0x00000000f0800000, 0x00000000f2250000, 0x00000000f5aa0000)
  eden space 21568K,   0% used [0x00000000f0800000, 0x00000000f0800000, 0x00000000f1d10000)
  from space 2688K,  60% used [0x00000000f1fb0000, 0x00000000f2146bf8, 0x00000000f2250000)
  to   space 2688K,   0% used [0x00000000f1d10000, 0x00000000f1d10000, 0x00000000f1fb0000)
 tenured generation   total 53832K, used 33208K [0x00000000f5aa0000, 0x00000000f8f32000, 0x0000000100000000)
   the space 53832K,  61% used [0x00000000f5aa0000, 0x00000000f7b0e210, 0x00000000f7b0e400, 0x00000000f8f32000)
 Metaspace       used 69679K, capacity 72970K, committed 73216K, reserved 1112064K
  class space    used 9309K, capacity 9895K, committed 9984K, reserved 1048576K
}
Event: 20.593 GC heap before
{Heap before GC invocations=160 (full 5):
 def new generation   total 24256K, used 23194K [0x00000000f0800000, 0x00000000f2250000, 0x00000000f5aa0000)
  eden space 21568K, 100% used [0x00000000f0800000, 0x00000000f1d10000, 0x00000000f1d10000)
  from space 2688K,  60% used [0x00000000f1fb0000, 0x00000000f2146bf8, 0x00000000f2250000)
  to   space 2688K,   0% used [0x00000000f1d10000, 0x00000000f1d10000, 0x00000000f1fb0000)
 tenured generation   total 53832K, used 33208K [0x00000000f5aa0000, 0x00000000f8f32000, 0x0000000100000000)
   the space 53832K,  61% used [0x00000000f5aa0000, 0x00000000f7b0e210, 0x00000000f7b0e400, 0x00000000f8f32000)
 Metaspace       used 69715K, capacity 72994K, committed 73216K, reserved 1112064K
  class space    used 9312K, capacity 9899K, committed 9984K, reserved 1048576K
Event: 20.601 GC heap after
Heap after GC invocations=161 (full 5):
 def new generation   total 24256K, used 1331K [0x00000000f0800000, 0x00000000f2250000, 0x00000000f5aa0000)
  eden space 21568K,   0% used [0x00000000f0800000, 0x00000000f0800000, 0x00000000f1d10000)
  from space 2688K,  49% used [0x00000000f1d10000, 0x00000000f1e5ce10, 0x00000000f1fb0000)
  to   space 2688K,   0% used [0x00000000f1fb0000, 0x00000000f1fb0000, 0x00000000f2250000)
 tenured generation   total 53832K, used 34077K [0x00000000f5aa0000, 0x00000000f8f32000, 0x0000000100000000)
   the space 53832K,  63% used [0x00000000f5aa0000, 0x00000000f7be7608, 0x00000000f7be7800, 0x00000000f8f32000)
 Metaspace       used 69715K, capacity 72994K, committed 73216K, reserved 1112064K
  class space    used 9312K, capacity 9899K, committed 9984K, reserved 1048576K
}
Event: 20.820 GC heap before
{Heap before GC invocations=161 (full 5):
 def new generation   total 24256K, used 22899K [0x00000000f0800000, 0x00000000f2250000, 0x00000000f5aa0000)
  eden space 21568K, 100% used [0x00000000f0800000, 0x00000000f1d10000, 0x00000000f1d10000)
  from space 2688K,  49% used [0x00000000f1d10000, 0x00000000f1e5ce10, 0x00000000f1fb0000)
  to   space 2688K,   0% used [0x00000000f1fb0000, 0x00000000f1fb0000, 0x00000000f2250000)
 tenured generation   total 53832K, used 34077K [0x00000000f5aa0000, 0x00000000f8f32000, 0x0000000100000000)
   the space 53832K,  63% used [0x00000000f5aa0000, 0x00000000f7be7608, 0x00000000f7be7800, 0x00000000f8f32000)
 Metaspace       used 69749K, capacity 73006K, committed 73216K, reserved 1112064K
  class space    used 9313K, capacity 9901K, committed 9984K, reserved 1048576K
Event: 20.827 GC heap after
Heap after GC invocations=162 (full 5):
 def new generation   total 24256K, used 2055K [0x00000000f0800000, 0x00000000f2250000, 0x00000000f5aa0000)
  eden space 21568K,   0% used [0x00000000f0800000, 0x00000000f0800000, 0x00000000f1d10000)
  from space 2688K,  76% used [0x00000000f1fb0000, 0x00000000f21b1e70, 0x00000000f2250000)
  to   space 2688K,   0% used [0x00000000f1d10000, 0x00000000f1d10000, 0x00000000f1fb0000)
 tenured generation   total 53832K, used 34077K [0x00000000f5aa0000, 0x00000000f8f32000, 0x0000000100000000)
   the space 53832K,  63% used [0x00000000f5aa0000, 0x00000000f7be7608, 0x00000000f7be7800, 0x00000000f8f32000)
 Metaspace       used 69749K, capacity 73006K, committed 73216K, reserved 1112064K
  class space    used 9313K, capacity 9901K, committed 9984K, reserved 1048576K
}
Event: 20.981 GC heap before
{Heap before GC invocations=162 (full 5):
 def new generation   total 24256K, used 23623K [0x00000000f0800000, 0x00000000f2250000, 0x00000000f5aa0000)
  eden space 21568K, 100% used [0x00000000f0800000, 0x00000000f1d10000, 0x00000000f1d10000)
  from space 2688K,  76% used [0x00000000f1fb0000, 0x00000000f21b1e70, 0x00000000f2250000)
  to   space 2688K,   0% used [0x00000000f1d10000, 0x00000000f1d10000, 0x00000000f1fb0000)
 tenured generation   total 53832K, used 34077K [0x00000000f5aa0000, 0x00000000f8f32000, 0x0000000100000000)
   the space 53832K,  63% used [0x00000000f5aa0000, 0x00000000f7be7608, 0x00000000f7be7800, 0x00000000f8f32000)
 Metaspace       used 69751K, capacity 73006K, committed 73216K, reserved 1112064K
  class space    used 9313K, capacity 9901K, committed 9984K, reserved 1048576K
Event: 20.993 GC heap after
Heap after GC invocations=163 (full 5):
 def new generation   total 24256K, used 1245K [0x00000000f0800000, 0x00000000f2250000, 0x00000000f5aa0000)
  eden space 21568K,   0% used [0x00000000f0800000, 0x00000000f0800000, 0x00000000f1d10000)
  from space 2688K,  46% used [0x00000000f1d10000, 0x00000000f1e47428, 0x00000000f1fb0000)
  to   space 2688K,   0% used [0x00000000f1fb0000, 0x00000000f1fb0000, 0x00000000f2250000)
 tenured generation   total 53832K, used 35371K [0x00000000f5aa0000, 0x00000000f8f32000, 0x0000000100000000)
   the space 53832K,  65% used [0x00000000f5aa0000, 0x00000000f7d2af60, 0x00000000f7d2b000, 0x00000000f8f32000)
 Metaspace       used 69751K, capacity 73006K, committed 73216K, reserved 1112064K
  class space    used 9313K, capacity 9901K, committed 9984K, reserved 1048576K
}
Event: 21.127 GC heap before
{Heap before GC invocations=163 (full 5):
 def new generation   total 24256K, used 22813K [0x00000000f0800000, 0x00000000f2250000, 0x00000000f5aa0000)
  eden space 21568K, 100% used [0x00000000f0800000, 0x00000000f1d10000, 0x00000000f1d10000)
  from space 2688K,  46% used [0x00000000f1d10000, 0x00000000f1e47428, 0x00000000f1fb0000)
  to   space 2688K,   0% used [0x00000000f1fb0000, 0x00000000f1fb0000, 0x00000000f2250000)
 tenured generation   total 53832K, used 35371K [0x00000000f5aa0000, 0x00000000f8f32000, 0x0000000100000000)
   the space 53832K,  65% used [0x00000000f5aa0000, 0x00000000f7d2af60, 0x00000000f7d2b000, 0x00000000f8f32000)
 Metaspace       used 69753K, capacity 73006K, committed 73216K, reserved 1112064K
  class space    used 9313K, capacity 9901K, committed 9984K, reserved 1048576K
Event: 21.137 GC heap after
Heap after GC invocations=164 (full 5):
 def new generation   total 24256K, used 1756K [0x00000000f0800000, 0x00000000f2250000, 0x00000000f5aa0000)
  eden space 21568K,   0% used [0x00000000f0800000, 0x00000000f0800000, 0x00000000f1d10000)
  from space 2688K,  65% used [0x00000000f1fb0000, 0x00000000f21671e0, 0x00000000f2250000)
  to   space 2688K,   0% used [0x00000000f1d10000, 0x00000000f1d10000, 0x00000000f1fb0000)
 tenured generation   total 53832K, used 35371K [0x00000000f5aa0000, 0x00000000f8f32000, 0x0000000100000000)
   the space 53832K,  65% used [0x00000000f5aa0000, 0x00000000f7d2af60, 0x00000000f7d2b000, 0x00000000f8f32000)
 Metaspace       used 69753K, capacity 73006K, committed 73216K, reserved 1112064K
  class space    used 9313K, capacity 9901K, committed 9984K, reserved 1048576K
}
Event: 21.304 GC heap before
{Heap before GC invocations=164 (full 5):
 def new generation   total 24256K, used 23324K [0x00000000f0800000, 0x00000000f2250000, 0x00000000f5aa0000)
  eden space 21568K, 100% used [0x00000000f0800000, 0x00000000f1d10000, 0x00000000f1d10000)
  from space 2688K,  65% used [0x00000000f1fb0000, 0x00000000f21671e0, 0x00000000f2250000)
  to   space 2688K,   0% used [0x00000000f1d10000, 0x00000000f1d10000, 0x00000000f1fb0000)
 tenured generation   total 53832K, used 35371K [0x00000000f5aa0000, 0x00000000f8f32000, 0x0000000100000000)
   the space 53832K,  65% used [0x00000000f5aa0000, 0x00000000f7d2af60, 0x00000000f7d2b000, 0x00000000f8f32000)
 Metaspace       used 69777K, capacity 73078K, committed 73216K, reserved 1112064K
  class space    used 9313K, capacity 9901K, committed 9984K, reserved 1048576K
Event: 21.311 GC heap after
Heap after GC invocations=165 (full 5):
 def new generation   total 24256K, used 1688K [0x00000000f0800000, 0x00000000f2250000, 0x00000000f5aa0000)
  eden space 21568K,   0% used [0x00000000f0800000, 0x00000000f0800000, 0x00000000f1d10000)
  from space 2688K,  62% used [0x00000000f1d10000, 0x00000000f1eb6110, 0x00000000f1fb0000)
  to   space 2688K,   0% used [0x00000000f1fb0000, 0x00000000f1fb0000, 0x00000000f2250000)
 tenured generation   total 53832K, used 36098K [0x00000000f5aa0000, 0x00000000f8f32000, 0x0000000100000000)
   the space 53832K,  67% used [0x00000000f5aa0000, 0x00000000f7de0a60, 0x00000000f7de0c00, 0x00000000f8f32000)
 Metaspace       used 69777K, capacity 73078K, committed 73216K, reserved 1112064K
  class space    used 9313K, capacity 9901K, committed 9984K, reserved 1048576K
}
Event: 21.752 GC heap before
{Heap before GC invocations=165 (full 5):
 def new generation   total 24256K, used 23256K [0x00000000f0800000, 0x00000000f2250000, 0x00000000f5aa0000)
  eden space 21568K, 100% used [0x00000000f0800000, 0x00000000f1d10000, 0x00000000f1d10000)
  from space 2688K,  62% used [0x00000000f1d10000, 0x00000000f1eb6110, 0x00000000f1fb0000)
  to   space 2688K,   0% used [0x00000000f1fb0000, 0x00000000f1fb0000, 0x00000000f2250000)
 tenured generation   total 53832K, used 36098K [0x00000000f5aa0000, 0x00000000f8f32000, 0x0000000100000000)
   the space 53832K,  67% used [0x00000000f5aa0000, 0x00000000f7de0a60, 0x00000000f7de0c00, 0x00000000f8f32000)
 Metaspace       used 69781K, capacity 73078K, committed 73216K, reserved 1112064K
  class space    used 9313K, capacity 9901K, committed 9984K, reserved 1048576K
Event: 21.760 GC heap after
Heap after GC invocations=166 (full 5):
 def new generation   total 24256K, used 2007K [0x00000000f0800000, 0x00000000f2250000, 0x00000000f5aa0000)
  eden space 21568K,   0% used [0x00000000f0800000, 0x00000000f0800000, 0x00000000f1d10000)
  from space 2688K,  74% used [0x00000000f1fb0000, 0x00000000f21a5fa8, 0x00000000f2250000)
  to   space 2688K,   0% used [0x00000000f1d10000, 0x00000000f1d10000, 0x00000000f1fb0000)
 tenured generation   total 53832K, used 36598K [0x00000000f5aa0000, 0x00000000f8f32000, 0x0000000100000000)
   the space 53832K,  67% used [0x00000000f5aa0000, 0x00000000f7e5d850, 0x00000000f7e5da00, 0x00000000f8f32000)
 Metaspace       used 69781K, capacity 73078K, committed 73216K, reserved 1112064K
  class space    used 9313K, capacity 9901K, committed 9984K, reserved 1048576K
}

